2023-04-14 13:11:24,395 [http-nio-9090-exec-10] WARN  o.h.engine.jdbc.spi.SqlExceptionHelper             - SQL Error: 1364, SQLState: HY000
2023-04-14 13:11:24,395 [http-nio-9090-exec-10] ERROR o.h.engine.jdbc.spi.SqlExceptionHelper             - Field 'customer_id' doesn't have a default value
2023-04-14 13:11:24,396 [http-nio-9090-exec-10] ERROR o.h.internal.ExceptionMapperStandardImpl           - HHH000346: Error during managed flush [org.hibernate.exception.GenericJDBCException: could not execute statement]
2023-04-14 13:11:24,398 [http-nio-9090-exec-10] ERROR o.a.c.c.C.[.[.[/].[dispatcherServlet]              - Servlet.service() for servlet [dispatcherServlet] in context with path [] threw exception [Request processing failed; nested exception is org.springframework.orm.jpa.JpaSystemException: could not execute statement; nested exception is org.hibernate.exception.GenericJDBCException: could not execute statement] with root cause
java.sql.SQLException: Field 'customer_id' doesn't have a default value
	at com.mysql.cj.jdbc.exceptions.SQLError.createSQLException(SQLError.java:129)
	at com.mysql.cj.jdbc.exceptions.SQLError.createSQLException(SQLError.java:97)
	at com.mysql.cj.jdbc.exceptions.SQLExceptionsMapping.translateException(SQLExceptionsMapping.java:122)
	at com.mysql.cj.jdbc.ClientPreparedStatement.executeInternal(ClientPreparedStatement.java:953)
	at com.mysql.cj.jdbc.ClientPreparedStatement.executeUpdateInternal(ClientPreparedStatement.java:1092)
	at com.mysql.cj.jdbc.ClientPreparedStatement.executeUpdateInternal(ClientPreparedStatement.java:1040)
	at com.mysql.cj.jdbc.ClientPreparedStatement.executeLargeUpdate(ClientPreparedStatement.java:1347)
	at com.mysql.cj.jdbc.ClientPreparedStatement.executeUpdate(ClientPreparedStatement.java:1025)
	at com.zaxxer.hikari.pool.ProxyPreparedStatement.executeUpdate(ProxyPreparedStatement.java:61)
	at com.zaxxer.hikari.pool.HikariProxyPreparedStatement.executeUpdate(HikariProxyPreparedStatement.java)
	at org.hibernate.engine.jdbc.internal.ResultSetReturnImpl.executeUpdate(ResultSetReturnImpl.java:175)
	at org.hibernate.persister.entity.AbstractEntityPersister.insert(AbstractEntityPersister.java:3192)
	at org.hibernate.persister.entity.AbstractEntityPersister.insert(AbstractEntityPersister.java:3706)
	at org.hibernate.action.internal.EntityInsertAction.execute(EntityInsertAction.java:90)
	at org.hibernate.engine.spi.ActionQueue.executeActions(ActionQueue.java:604)
	at org.hibernate.engine.spi.ActionQueue.executeActions(ActionQueue.java:478)
	at org.hibernate.event.internal.AbstractFlushingEventListener.performExecutions(AbstractFlushingEventListener.java:356)
	at org.hibernate.event.internal.DefaultFlushEventListener.onFlush(DefaultFlushEventListener.java:39)
	at org.hibernate.internal.SessionImpl.doFlush(SessionImpl.java:1472)
	at org.hibernate.internal.SessionImpl.managedFlush(SessionImpl.java:512)
	at org.hibernate.internal.SessionImpl.flushBeforeTransactionCompletion(SessionImpl.java:3310)
	at org.hibernate.internal.SessionImpl.beforeTransactionCompletion(SessionImpl.java:2506)
	at org.hibernate.engine.jdbc.internal.JdbcCoordinatorImpl.beforeTransactionCompletion(JdbcCoordinatorImpl.java:447)
	at org.hibernate.resource.transaction.backend.jdbc.internal.JdbcResourceLocalTransactionCoordinatorImpl.beforeCompletionCallback(JdbcResourceLocalTransactionCoordinatorImpl.java:178)
	at org.hibernate.resource.transaction.backend.jdbc.internal.JdbcResourceLocalTransactionCoordinatorImpl.access$300(JdbcResourceLocalTransactionCoordinatorImpl.java:39)
	at org.hibernate.resource.transaction.backend.jdbc.internal.JdbcResourceLocalTransactionCoordinatorImpl$TransactionDriverControlImpl.commit(JdbcResourceLocalTransactionCoordinatorImpl.java:271)
	at org.hibernate.engine.transaction.internal.TransactionImpl.commit(TransactionImpl.java:104)
	at org.springframework.orm.jpa.JpaTransactionManager.doCommit(JpaTransactionManager.java:533)
	at org.springframework.transaction.support.AbstractPlatformTransactionManager.processCommit(AbstractPlatformTransactionManager.java:746)
	at org.springframework.transaction.support.AbstractPlatformTransactionManager.commit(AbstractPlatformTransactionManager.java:714)
	at org.springframework.transaction.interceptor.TransactionAspectSupport.commitTransactionAfterReturning(TransactionAspectSupport.java:534)
	at org.springframework.transaction.interceptor.TransactionAspectSupport.invokeWithinTransaction(TransactionAspectSupport.java:305)
	at org.springframework.transaction.interceptor.TransactionInterceptor.invoke(TransactionInterceptor.java:98)
	at org.springframework.aop.framework.ReflectiveMethodInvocation.proceed(ReflectiveMethodInvocation.java:186)
	at org.springframework.dao.support.PersistenceExceptionTranslationInterceptor.invoke(PersistenceExceptionTranslationInterceptor.java:139)
	at org.springframework.aop.framework.ReflectiveMethodInvocation.proceed(ReflectiveMethodInvocation.java:186)
	at org.springframework.data.jpa.repository.support.CrudMethodMetadataPostProcessor$CrudMethodMetadataPopulatingMethodInterceptor.invoke(CrudMethodMetadataPostProcessor.java:144)
	at org.springframework.aop.framework.ReflectiveMethodInvocation.proceed(ReflectiveMethodInvocation.java:186)
	at org.springframework.data.jpa.repository.support.CrudMethodMetadataPostProcessor$ExposeRepositoryInvocationInterceptor.invoke(CrudMethodMetadataPostProcessor.java:364)
	at org.springframework.aop.framework.ReflectiveMethodInvocation.proceed(ReflectiveMethodInvocation.java:186)
	at org.springframework.aop.interceptor.ExposeInvocationInterceptor.invoke(ExposeInvocationInterceptor.java:93)
	at org.springframework.aop.framework.ReflectiveMethodInvocation.proceed(ReflectiveMethodInvocation.java:186)
	at org.springframework.data.repository.core.support.SurroundingTransactionDetectorMethodInterceptor.invoke(SurroundingTransactionDetectorMethodInterceptor.java:61)
	at org.springframework.aop.framework.ReflectiveMethodInvocation.proceed(ReflectiveMethodInvocation.java:186)
	at org.springframework.aop.framework.JdkDynamicAopProxy.invoke(JdkDynamicAopProxy.java:212)
	at jdk.proxy2/jdk.proxy2.$Proxy116.save(Unknown Source)
	at com.storemanagement.service.CustomerService.createCustomer(CustomerService.java:59)
	at com.storemanagement.resource.CustomerResource.addCustomer(CustomerResource.java:68)
	at java.base/jdk.internal.reflect.NativeMethodAccessorImpl.invoke0(Native Method)
	at java.base/jdk.internal.reflect.NativeMethodAccessorImpl.invoke(NativeMethodAccessorImpl.java:77)
	at java.base/jdk.internal.reflect.DelegatingMethodAccessorImpl.invoke(DelegatingMethodAccessorImpl.java:43)
	at java.base/java.lang.reflect.Method.invoke(Method.java:568)
	at org.springframework.web.method.support.InvocableHandlerMethod.doInvoke(InvocableHandlerMethod.java:190)
	at org.springframework.web.method.support.InvocableHandlerMethod.invokeForRequest(InvocableHandlerMethod.java:138)
	at org.springframework.web.servlet.mvc.method.annotation.ServletInvocableHandlerMethod.invokeAndHandle(ServletInvocableHandlerMethod.java:105)
	at org.springframework.web.servlet.mvc.method.annotation.RequestMappingHandlerAdapter.invokeHandlerMethod(RequestMappingHandlerAdapter.java:893)
	at org.springframework.web.servlet.mvc.method.annotation.RequestMappingHandlerAdapter.handleInternal(RequestMappingHandlerAdapter.java:798)
	at org.springframework.web.servlet.mvc.method.AbstractHandlerMethodAdapter.handle(AbstractHandlerMethodAdapter.java:87)
	at org.springframework.web.servlet.DispatcherServlet.doDispatch(DispatcherServlet.java:1040)
	at org.springframework.web.servlet.DispatcherServlet.doService(DispatcherServlet.java:943)
	at org.springframework.web.servlet.FrameworkServlet.processRequest(FrameworkServlet.java:1006)
	at org.springframework.web.servlet.FrameworkServlet.doPost(FrameworkServlet.java:909)
	at javax.servlet.http.HttpServlet.service(HttpServlet.java:660)
	at org.springframework.web.servlet.FrameworkServlet.service(FrameworkServlet.java:883)
	at javax.servlet.http.HttpServlet.service(HttpServlet.java:741)
	at org.apache.catalina.core.ApplicationFilterChain.internalDoFilter(ApplicationFilterChain.java:231)
	at org.apache.catalina.core.ApplicationFilterChain.doFilter(ApplicationFilterChain.java:166)
	at org.apache.tomcat.websocket.server.WsFilter.doFilter(WsFilter.java:53)
	at org.apache.catalina.core.ApplicationFilterChain.internalDoFilter(ApplicationFilterChain.java:193)
	at org.apache.catalina.core.ApplicationFilterChain.doFilter(ApplicationFilterChain.java:166)
	at org.springframework.security.web.FilterChainProxy$VirtualFilterChain.doFilter(FilterChainProxy.java:320)
	at org.springframework.security.web.access.ExceptionTranslationFilter.doFilter(ExceptionTranslationFilter.java:119)
	at org.springframework.security.web.FilterChainProxy$VirtualFilterChain.doFilter(FilterChainProxy.java:334)
	at org.springframework.security.web.session.SessionManagementFilter.doFilter(SessionManagementFilter.java:137)
	at org.springframework.security.web.FilterChainProxy$VirtualFilterChain.doFilter(FilterChainProxy.java:334)
	at org.springframework.security.web.authentication.AnonymousAuthenticationFilter.doFilter(AnonymousAuthenticationFilter.java:111)
	at org.springframework.security.web.FilterChainProxy$VirtualFilterChain.doFilter(FilterChainProxy.java:334)
	at org.springframework.security.web.servletapi.SecurityContextHolderAwareRequestFilter.doFilter(SecurityContextHolderAwareRequestFilter.java:170)
	at org.springframework.security.web.FilterChainProxy$VirtualFilterChain.doFilter(FilterChainProxy.java:334)
	at org.springframework.security.web.savedrequest.RequestCacheAwareFilter.doFilter(RequestCacheAwareFilter.java:63)
	at org.springframework.security.web.FilterChainProxy$VirtualFilterChain.doFilter(FilterChainProxy.java:334)
	at org.springframework.security.web.authentication.logout.LogoutFilter.doFilter(LogoutFilter.java:116)
	at org.springframework.security.web.FilterChainProxy$VirtualFilterChain.doFilter(FilterChainProxy.java:334)
	at org.springframework.web.filter.CorsFilter.doFilterInternal(CorsFilter.java:97)
	at org.springframework.web.filter.OncePerRequestFilter.doFilter(OncePerRequestFilter.java:119)
	at org.springframework.security.web.FilterChainProxy$VirtualFilterChain.doFilter(FilterChainProxy.java:334)
	at org.springframework.security.web.header.HeaderWriterFilter.doFilterInternal(HeaderWriterFilter.java:74)
	at org.springframework.web.filter.OncePerRequestFilter.doFilter(OncePerRequestFilter.java:119)
	at org.springframework.security.web.FilterChainProxy$VirtualFilterChain.doFilter(FilterChainProxy.java:334)
	at org.springframework.security.web.context.SecurityContextPersistenceFilter.doFilter(SecurityContextPersistenceFilter.java:105)
	at org.springframework.security.web.FilterChainProxy$VirtualFilterChain.doFilter(FilterChainProxy.java:334)
	at org.springframework.security.web.context.request.async.WebAsyncManagerIntegrationFilter.doFilterInternal(WebAsyncManagerIntegrationFilter.java:56)
	at org.springframework.web.filter.OncePerRequestFilter.doFilter(OncePerRequestFilter.java:119)
	at org.springframework.security.web.FilterChainProxy$VirtualFilterChain.doFilter(FilterChainProxy.java:334)
	at org.springframework.security.web.FilterChainProxy.doFilterInternal(FilterChainProxy.java:215)
	at org.springframework.security.web.FilterChainProxy.doFilter(FilterChainProxy.java:178)
	at org.springframework.web.filter.DelegatingFilterProxy.invokeDelegate(DelegatingFilterProxy.java:358)
	at org.springframework.web.filter.DelegatingFilterProxy.doFilter(DelegatingFilterProxy.java:271)
	at org.apache.catalina.core.ApplicationFilterChain.internalDoFilter(ApplicationFilterChain.java:193)
	at org.apache.catalina.core.ApplicationFilterChain.doFilter(ApplicationFilterChain.java:166)
	at org.springframework.web.filter.RequestContextFilter.doFilterInternal(RequestContextFilter.java:100)
	at org.springframework.web.filter.OncePerRequestFilter.doFilter(OncePerRequestFilter.java:119)
	at org.apache.catalina.core.ApplicationFilterChain.internalDoFilter(ApplicationFilterChain.java:193)
	at org.apache.catalina.core.ApplicationFilterChain.doFilter(ApplicationFilterChain.java:166)
	at org.springframework.web.filter.FormContentFilter.doFilterInternal(FormContentFilter.java:93)
	at org.springframework.web.filter.OncePerRequestFilter.doFilter(OncePerRequestFilter.java:119)
	at org.apache.catalina.core.ApplicationFilterChain.internalDoFilter(ApplicationFilterChain.java:193)
	at org.apache.catalina.core.ApplicationFilterChain.doFilter(ApplicationFilterChain.java:166)
	at org.springframework.web.filter.HiddenHttpMethodFilter.doFilterInternal(HiddenHttpMethodFilter.java:94)
	at org.springframework.web.filter.OncePerRequestFilter.doFilter(OncePerRequestFilter.java:119)
	at org.apache.catalina.core.ApplicationFilterChain.internalDoFilter(ApplicationFilterChain.java:193)
	at org.apache.catalina.core.ApplicationFilterChain.doFilter(ApplicationFilterChain.java:166)
	at org.springframework.web.filter.CharacterEncodingFilter.doFilterInternal(CharacterEncodingFilter.java:201)
	at org.springframework.web.filter.OncePerRequestFilter.doFilter(OncePerRequestFilter.java:119)
	at org.apache.catalina.core.ApplicationFilterChain.internalDoFilter(ApplicationFilterChain.java:193)
	at org.apache.catalina.core.ApplicationFilterChain.doFilter(ApplicationFilterChain.java:166)
	at org.apache.catalina.core.StandardWrapperValve.invoke(StandardWrapperValve.java:202)
	at org.apache.catalina.core.StandardContextValve.invoke(StandardContextValve.java:96)
	at org.apache.catalina.authenticator.AuthenticatorBase.invoke(AuthenticatorBase.java:541)
	at org.apache.catalina.core.StandardHostValve.invoke(StandardHostValve.java:139)
	at org.apache.catalina.valves.ErrorReportValve.invoke(ErrorReportValve.java:92)
	at org.apache.catalina.core.StandardEngineValve.invoke(StandardEngineValve.java:74)
	at org.apache.catalina.connector.CoyoteAdapter.service(CoyoteAdapter.java:343)
	at org.apache.coyote.http11.Http11Processor.service(Http11Processor.java:373)
	at org.apache.coyote.AbstractProcessorLight.process(AbstractProcessorLight.java:65)
	at org.apache.coyote.AbstractProtocol$ConnectionHandler.process(AbstractProtocol.java:868)
	at org.apache.tomcat.util.net.NioEndpoint$SocketProcessor.doRun(NioEndpoint.java:1590)
	at org.apache.tomcat.util.net.SocketProcessorBase.run(SocketProcessorBase.java:49)
	at java.base/java.util.concurrent.ThreadPoolExecutor.runWorker(ThreadPoolExecutor.java:1136)
	at java.base/java.util.concurrent.ThreadPoolExecutor$Worker.run(ThreadPoolExecutor.java:635)
	at org.apache.tomcat.util.threads.TaskThread$WrappingRunnable.run(TaskThread.java:61)
	at java.base/java.lang.Thread.run(Thread.java:833)
2023-04-14 13:13:55,967 [http-nio-9090-exec-1] WARN  o.h.engine.jdbc.spi.SqlExceptionHelper             - SQL Error: 1364, SQLState: HY000
2023-04-14 13:13:55,971 [http-nio-9090-exec-1] ERROR o.h.engine.jdbc.spi.SqlExceptionHelper             - Field 'customer_id' doesn't have a default value
2023-04-14 13:13:55,981 [http-nio-9090-exec-1] ERROR o.h.internal.ExceptionMapperStandardImpl           - HHH000346: Error during managed flush [org.hibernate.exception.GenericJDBCException: could not execute statement]
2023-04-14 13:14:06,707 [http-nio-9090-exec-1] ERROR o.a.c.c.C.[.[.[/].[dispatcherServlet]              - Servlet.service() for servlet [dispatcherServlet] in context with path [] threw exception [Request processing failed; nested exception is org.springframework.orm.jpa.JpaSystemException: could not execute statement; nested exception is org.hibernate.exception.GenericJDBCException: could not execute statement] with root cause
java.sql.SQLException: Field 'customer_id' doesn't have a default value
	at com.mysql.cj.jdbc.exceptions.SQLError.createSQLException(SQLError.java:129)
	at com.mysql.cj.jdbc.exceptions.SQLError.createSQLException(SQLError.java:97)
	at com.mysql.cj.jdbc.exceptions.SQLExceptionsMapping.translateException(SQLExceptionsMapping.java:122)
	at com.mysql.cj.jdbc.ClientPreparedStatement.executeInternal(ClientPreparedStatement.java:953)
	at com.mysql.cj.jdbc.ClientPreparedStatement.executeUpdateInternal(ClientPreparedStatement.java:1092)
	at com.mysql.cj.jdbc.ClientPreparedStatement.executeUpdateInternal(ClientPreparedStatement.java:1040)
	at com.mysql.cj.jdbc.ClientPreparedStatement.executeLargeUpdate(ClientPreparedStatement.java:1347)
	at com.mysql.cj.jdbc.ClientPreparedStatement.executeUpdate(ClientPreparedStatement.java:1025)
	at com.zaxxer.hikari.pool.ProxyPreparedStatement.executeUpdate(ProxyPreparedStatement.java:61)
	at com.zaxxer.hikari.pool.HikariProxyPreparedStatement.executeUpdate(HikariProxyPreparedStatement.java)
	at org.hibernate.engine.jdbc.internal.ResultSetReturnImpl.executeUpdate(ResultSetReturnImpl.java:175)
	at org.hibernate.persister.entity.AbstractEntityPersister.insert(AbstractEntityPersister.java:3192)
	at org.hibernate.persister.entity.AbstractEntityPersister.insert(AbstractEntityPersister.java:3706)
	at org.hibernate.action.internal.EntityInsertAction.execute(EntityInsertAction.java:90)
	at org.hibernate.engine.spi.ActionQueue.executeActions(ActionQueue.java:604)
	at org.hibernate.engine.spi.ActionQueue.executeActions(ActionQueue.java:478)
	at org.hibernate.event.internal.AbstractFlushingEventListener.performExecutions(AbstractFlushingEventListener.java:356)
	at org.hibernate.event.internal.DefaultFlushEventListener.onFlush(DefaultFlushEventListener.java:39)
	at org.hibernate.internal.SessionImpl.doFlush(SessionImpl.java:1472)
	at org.hibernate.internal.SessionImpl.managedFlush(SessionImpl.java:512)
	at org.hibernate.internal.SessionImpl.flushBeforeTransactionCompletion(SessionImpl.java:3310)
	at org.hibernate.internal.SessionImpl.beforeTransactionCompletion(SessionImpl.java:2506)
	at org.hibernate.engine.jdbc.internal.JdbcCoordinatorImpl.beforeTransactionCompletion(JdbcCoordinatorImpl.java:447)
	at org.hibernate.resource.transaction.backend.jdbc.internal.JdbcResourceLocalTransactionCoordinatorImpl.beforeCompletionCallback(JdbcResourceLocalTransactionCoordinatorImpl.java:178)
	at org.hibernate.resource.transaction.backend.jdbc.internal.JdbcResourceLocalTransactionCoordinatorImpl.access$300(JdbcResourceLocalTransactionCoordinatorImpl.java:39)
	at org.hibernate.resource.transaction.backend.jdbc.internal.JdbcResourceLocalTransactionCoordinatorImpl$TransactionDriverControlImpl.commit(JdbcResourceLocalTransactionCoordinatorImpl.java:271)
	at org.hibernate.engine.transaction.internal.TransactionImpl.commit(TransactionImpl.java:104)
	at org.springframework.orm.jpa.JpaTransactionManager.doCommit(JpaTransactionManager.java:533)
	at org.springframework.transaction.support.AbstractPlatformTransactionManager.processCommit(AbstractPlatformTransactionManager.java:746)
	at org.springframework.transaction.support.AbstractPlatformTransactionManager.commit(AbstractPlatformTransactionManager.java:714)
	at org.springframework.transaction.interceptor.TransactionAspectSupport.commitTransactionAfterReturning(TransactionAspectSupport.java:534)
	at org.springframework.transaction.interceptor.TransactionAspectSupport.invokeWithinTransaction(TransactionAspectSupport.java:305)
	at org.springframework.transaction.interceptor.TransactionInterceptor.invoke(TransactionInterceptor.java:98)
	at org.springframework.aop.framework.ReflectiveMethodInvocation.proceed(ReflectiveMethodInvocation.java:186)
	at org.springframework.dao.support.PersistenceExceptionTranslationInterceptor.invoke(PersistenceExceptionTranslationInterceptor.java:139)
	at org.springframework.aop.framework.ReflectiveMethodInvocation.proceed(ReflectiveMethodInvocation.java:186)
	at org.springframework.data.jpa.repository.support.CrudMethodMetadataPostProcessor$CrudMethodMetadataPopulatingMethodInterceptor.invoke(CrudMethodMetadataPostProcessor.java:144)
	at org.springframework.aop.framework.ReflectiveMethodInvocation.proceed(ReflectiveMethodInvocation.java:186)
	at org.springframework.data.jpa.repository.support.CrudMethodMetadataPostProcessor$ExposeRepositoryInvocationInterceptor.invoke(CrudMethodMetadataPostProcessor.java:364)
	at org.springframework.aop.framework.ReflectiveMethodInvocation.proceed(ReflectiveMethodInvocation.java:186)
	at org.springframework.aop.interceptor.ExposeInvocationInterceptor.invoke(ExposeInvocationInterceptor.java:93)
	at org.springframework.aop.framework.ReflectiveMethodInvocation.proceed(ReflectiveMethodInvocation.java:186)
	at org.springframework.data.repository.core.support.SurroundingTransactionDetectorMethodInterceptor.invoke(SurroundingTransactionDetectorMethodInterceptor.java:61)
	at org.springframework.aop.framework.ReflectiveMethodInvocation.proceed(ReflectiveMethodInvocation.java:186)
	at org.springframework.aop.framework.JdkDynamicAopProxy.invoke(JdkDynamicAopProxy.java:212)
	at jdk.proxy2/jdk.proxy2.$Proxy116.save(Unknown Source)
	at com.storemanagement.service.CustomerService.createCustomer(CustomerService.java:59)
	at com.storemanagement.resource.CustomerResource.addCustomer(CustomerResource.java:68)
	at java.base/jdk.internal.reflect.NativeMethodAccessorImpl.invoke0(Native Method)
	at java.base/jdk.internal.reflect.NativeMethodAccessorImpl.invoke(NativeMethodAccessorImpl.java:77)
	at java.base/jdk.internal.reflect.DelegatingMethodAccessorImpl.invoke(DelegatingMethodAccessorImpl.java:43)
	at java.base/java.lang.reflect.Method.invoke(Method.java:568)
	at org.springframework.web.method.support.InvocableHandlerMethod.doInvoke(InvocableHandlerMethod.java:190)
	at org.springframework.web.method.support.InvocableHandlerMethod.invokeForRequest(InvocableHandlerMethod.java:138)
	at org.springframework.web.servlet.mvc.method.annotation.ServletInvocableHandlerMethod.invokeAndHandle(ServletInvocableHandlerMethod.java:105)
	at org.springframework.web.servlet.mvc.method.annotation.RequestMappingHandlerAdapter.invokeHandlerMethod(RequestMappingHandlerAdapter.java:893)
	at org.springframework.web.servlet.mvc.method.annotation.RequestMappingHandlerAdapter.handleInternal(RequestMappingHandlerAdapter.java:798)
	at org.springframework.web.servlet.mvc.method.AbstractHandlerMethodAdapter.handle(AbstractHandlerMethodAdapter.java:87)
	at org.springframework.web.servlet.DispatcherServlet.doDispatch(DispatcherServlet.java:1040)
	at org.springframework.web.servlet.DispatcherServlet.doService(DispatcherServlet.java:943)
	at org.springframework.web.servlet.FrameworkServlet.processRequest(FrameworkServlet.java:1006)
	at org.springframework.web.servlet.FrameworkServlet.doPost(FrameworkServlet.java:909)
	at javax.servlet.http.HttpServlet.service(HttpServlet.java:660)
	at org.springframework.web.servlet.FrameworkServlet.service(FrameworkServlet.java:883)
	at javax.servlet.http.HttpServlet.service(HttpServlet.java:741)
	at org.apache.catalina.core.ApplicationFilterChain.internalDoFilter(ApplicationFilterChain.java:231)
	at org.apache.catalina.core.ApplicationFilterChain.doFilter(ApplicationFilterChain.java:166)
	at org.apache.tomcat.websocket.server.WsFilter.doFilter(WsFilter.java:53)
	at org.apache.catalina.core.ApplicationFilterChain.internalDoFilter(ApplicationFilterChain.java:193)
	at org.apache.catalina.core.ApplicationFilterChain.doFilter(ApplicationFilterChain.java:166)
	at org.springframework.security.web.FilterChainProxy$VirtualFilterChain.doFilter(FilterChainProxy.java:320)
	at org.springframework.security.web.access.ExceptionTranslationFilter.doFilter(ExceptionTranslationFilter.java:119)
	at org.springframework.security.web.FilterChainProxy$VirtualFilterChain.doFilter(FilterChainProxy.java:334)
	at org.springframework.security.web.session.SessionManagementFilter.doFilter(SessionManagementFilter.java:137)
	at org.springframework.security.web.FilterChainProxy$VirtualFilterChain.doFilter(FilterChainProxy.java:334)
	at org.springframework.security.web.authentication.AnonymousAuthenticationFilter.doFilter(AnonymousAuthenticationFilter.java:111)
	at org.springframework.security.web.FilterChainProxy$VirtualFilterChain.doFilter(FilterChainProxy.java:334)
	at org.springframework.security.web.servletapi.SecurityContextHolderAwareRequestFilter.doFilter(SecurityContextHolderAwareRequestFilter.java:170)
	at org.springframework.security.web.FilterChainProxy$VirtualFilterChain.doFilter(FilterChainProxy.java:334)
	at org.springframework.security.web.savedrequest.RequestCacheAwareFilter.doFilter(RequestCacheAwareFilter.java:63)
	at org.springframework.security.web.FilterChainProxy$VirtualFilterChain.doFilter(FilterChainProxy.java:334)
	at org.springframework.security.web.authentication.logout.LogoutFilter.doFilter(LogoutFilter.java:116)
	at org.springframework.security.web.FilterChainProxy$VirtualFilterChain.doFilter(FilterChainProxy.java:334)
	at org.springframework.web.filter.CorsFilter.doFilterInternal(CorsFilter.java:97)
	at org.springframework.web.filter.OncePerRequestFilter.doFilter(OncePerRequestFilter.java:119)
	at org.springframework.security.web.FilterChainProxy$VirtualFilterChain.doFilter(FilterChainProxy.java:334)
	at org.springframework.security.web.header.HeaderWriterFilter.doFilterInternal(HeaderWriterFilter.java:74)
	at org.springframework.web.filter.OncePerRequestFilter.doFilter(OncePerRequestFilter.java:119)
	at org.springframework.security.web.FilterChainProxy$VirtualFilterChain.doFilter(FilterChainProxy.java:334)
	at org.springframework.security.web.context.SecurityContextPersistenceFilter.doFilter(SecurityContextPersistenceFilter.java:105)
	at org.springframework.security.web.FilterChainProxy$VirtualFilterChain.doFilter(FilterChainProxy.java:334)
	at org.springframework.security.web.context.request.async.WebAsyncManagerIntegrationFilter.doFilterInternal(WebAsyncManagerIntegrationFilter.java:56)
	at org.springframework.web.filter.OncePerRequestFilter.doFilter(OncePerRequestFilter.java:119)
	at org.springframework.security.web.FilterChainProxy$VirtualFilterChain.doFilter(FilterChainProxy.java:334)
	at org.springframework.security.web.FilterChainProxy.doFilterInternal(FilterChainProxy.java:215)
	at org.springframework.security.web.FilterChainProxy.doFilter(FilterChainProxy.java:178)
	at org.springframework.web.filter.DelegatingFilterProxy.invokeDelegate(DelegatingFilterProxy.java:358)
	at org.springframework.web.filter.DelegatingFilterProxy.doFilter(DelegatingFilterProxy.java:271)
	at org.apache.catalina.core.ApplicationFilterChain.internalDoFilter(ApplicationFilterChain.java:193)
	at org.apache.catalina.core.ApplicationFilterChain.doFilter(ApplicationFilterChain.java:166)
	at org.springframework.web.filter.RequestContextFilter.doFilterInternal(RequestContextFilter.java:100)
	at org.springframework.web.filter.OncePerRequestFilter.doFilter(OncePerRequestFilter.java:119)
	at org.apache.catalina.core.ApplicationFilterChain.internalDoFilter(ApplicationFilterChain.java:193)
	at org.apache.catalina.core.ApplicationFilterChain.doFilter(ApplicationFilterChain.java:166)
	at org.springframework.web.filter.FormContentFilter.doFilterInternal(FormContentFilter.java:93)
	at org.springframework.web.filter.OncePerRequestFilter.doFilter(OncePerRequestFilter.java:119)
	at org.apache.catalina.core.ApplicationFilterChain.internalDoFilter(ApplicationFilterChain.java:193)
	at org.apache.catalina.core.ApplicationFilterChain.doFilter(ApplicationFilterChain.java:166)
	at org.springframework.web.filter.HiddenHttpMethodFilter.doFilterInternal(HiddenHttpMethodFilter.java:94)
	at org.springframework.web.filter.OncePerRequestFilter.doFilter(OncePerRequestFilter.java:119)
	at org.apache.catalina.core.ApplicationFilterChain.internalDoFilter(ApplicationFilterChain.java:193)
	at org.apache.catalina.core.ApplicationFilterChain.doFilter(ApplicationFilterChain.java:166)
	at org.springframework.web.filter.CharacterEncodingFilter.doFilterInternal(CharacterEncodingFilter.java:201)
	at org.springframework.web.filter.OncePerRequestFilter.doFilter(OncePerRequestFilter.java:119)
	at org.apache.catalina.core.ApplicationFilterChain.internalDoFilter(ApplicationFilterChain.java:193)
	at org.apache.catalina.core.ApplicationFilterChain.doFilter(ApplicationFilterChain.java:166)
	at org.apache.catalina.core.StandardWrapperValve.invoke(StandardWrapperValve.java:202)
	at org.apache.catalina.core.StandardContextValve.invoke(StandardContextValve.java:96)
	at org.apache.catalina.authenticator.AuthenticatorBase.invoke(AuthenticatorBase.java:541)
	at org.apache.catalina.core.StandardHostValve.invoke(StandardHostValve.java:139)
	at org.apache.catalina.valves.ErrorReportValve.invoke(ErrorReportValve.java:92)
	at org.apache.catalina.core.StandardEngineValve.invoke(StandardEngineValve.java:74)
	at org.apache.catalina.connector.CoyoteAdapter.service(CoyoteAdapter.java:343)
	at org.apache.coyote.http11.Http11Processor.service(Http11Processor.java:373)
	at org.apache.coyote.AbstractProcessorLight.process(AbstractProcessorLight.java:65)
	at org.apache.coyote.AbstractProtocol$ConnectionHandler.process(AbstractProtocol.java:868)
	at org.apache.tomcat.util.net.NioEndpoint$SocketProcessor.doRun(NioEndpoint.java:1590)
	at org.apache.tomcat.util.net.SocketProcessorBase.run(SocketProcessorBase.java:49)
	at java.base/java.util.concurrent.ThreadPoolExecutor.runWorker(ThreadPoolExecutor.java:1136)
	at java.base/java.util.concurrent.ThreadPoolExecutor$Worker.run(ThreadPoolExecutor.java:635)
	at org.apache.tomcat.util.threads.TaskThread$WrappingRunnable.run(TaskThread.java:61)
	at java.base/java.lang.Thread.run(Thread.java:833)
2023-04-14 13:18:40,405 [main] INFO  o.s.d.r.c.RepositoryConfigurationDelegate          - Bootstrapping Spring Data JPA repositories in DEFAULT mode.
2023-04-14 13:18:40,557 [main] INFO  o.s.d.r.c.RepositoryConfigurationDelegate          - Finished Spring Data repository scanning in 132ms. Found 3 JPA repository interfaces.
2023-04-14 13:18:41,522 [main] INFO  o.s.b.w.embedded.tomcat.TomcatWebServer            - Tomcat initialized with port(s): 9090 (http)
2023-04-14 13:18:41,544 [main] INFO  o.apache.coyote.http11.Http11NioProtocol           - Initializing ProtocolHandler ["http-nio-9090"]
2023-04-14 13:18:41,559 [main] INFO  org.apache.catalina.core.StandardService           - Starting service [Tomcat]
2023-04-14 13:18:41,560 [main] INFO  org.apache.catalina.core.StandardEngine            - Starting Servlet engine: [Apache Tomcat/9.0.36]
2023-04-14 13:18:41,782 [main] INFO  o.a.c.c.C.[Tomcat].[localhost].[/]                 - Initializing Spring embedded WebApplicationContext
2023-04-14 13:18:41,782 [main] INFO  o.s.web.context.ContextLoader                      - Root WebApplicationContext: initialization completed in 2867 ms
2023-04-14 13:18:42,044 [main] INFO  com.zaxxer.hikari.HikariDataSource                 - HikariPool-1 - Starting...
2023-04-14 13:18:42,049 [main] WARN  com.zaxxer.hikari.util.DriverDataSource            - Registered driver with driverClassName=com.mysql.jdbc.Driver was not found, trying direct instantiation.
2023-04-14 13:18:42,560 [main] INFO  com.zaxxer.hikari.HikariDataSource                 - HikariPool-1 - Start completed.
2023-04-14 13:18:42,634 [main] INFO  o.hibernate.jpa.internal.util.LogHelper            - HHH000204: Processing PersistenceUnitInfo [
	name: default
	...]
2023-04-14 13:18:42,878 [main] INFO  org.hibernate.Version                              - HHH000412: Hibernate Core {5.3.17.Final}
2023-04-14 13:18:42,879 [main] INFO  org.hibernate.cfg.Environment                      - HHH000206: hibernate.properties not found
2023-04-14 13:18:43,108 [main] INFO  org.hibernate.annotations.common.Version           - HCANN000001: Hibernate Commons Annotations {5.0.4.Final}
2023-04-14 13:18:43,347 [main] INFO  org.hibernate.dialect.Dialect                      - HHH000400: Using dialect: org.hibernate.dialect.MySQL5InnoDBDialect
2023-04-14 13:18:44,605 [main] INFO  o.h.t.schema.internal.SchemaCreatorImpl            - HHH000476: Executing import script 'org.hibernate.tool.schema.internal.exec.ScriptSourceInputNonExistentImpl@346690d6'
2023-04-14 13:18:44,608 [main] INFO  o.s.o.j.LocalContainerEntityManagerFactoryBean     - Initialized JPA EntityManagerFactory for persistence unit 'default'
2023-04-14 13:18:45,100 [main] INFO  o.h.h.i.QueryTranslatorFactoryInitiator            - HHH000397: Using ASTQueryTranslatorFactory
2023-04-14 13:18:45,711 [main] WARN  o.s.b.a.o.j.JpaBaseConfiguration$JpaWebConfiguration$JpaWebMvcConfiguration - spring.jpa.open-in-view is enabled by default. Therefore, database queries may be performed during view rendering. Explicitly configure spring.jpa.open-in-view to disable this warning
2023-04-14 13:18:45,980 [main] INFO  o.s.s.web.DefaultSecurityFilterChain               - Creating filter chain: Ant [pattern='/v2/api-docs'], []
2023-04-14 13:18:45,980 [main] INFO  o.s.s.web.DefaultSecurityFilterChain               - Creating filter chain: Ant [pattern='/configuration/ui'], []
2023-04-14 13:18:45,980 [main] INFO  o.s.s.web.DefaultSecurityFilterChain               - Creating filter chain: Ant [pattern='/swagger-resources/**'], []
2023-04-14 13:18:45,980 [main] INFO  o.s.s.web.DefaultSecurityFilterChain               - Creating filter chain: Ant [pattern='/configuration/security'], []
2023-04-14 13:18:45,980 [main] INFO  o.s.s.web.DefaultSecurityFilterChain               - Creating filter chain: Ant [pattern='/swagger-ui.html'], []
2023-04-14 13:18:45,980 [main] INFO  o.s.s.web.DefaultSecurityFilterChain               - Creating filter chain: Ant [pattern='/webjars/**'], []
2023-04-14 13:18:46,206 [main] INFO  o.s.s.web.DefaultSecurityFilterChain               - Creating filter chain: any request, [org.springframework.security.web.context.request.async.WebAsyncManagerIntegrationFilter@51d6c42d, org.springframework.security.web.context.SecurityContextPersistenceFilter@1d77d9c6, org.springframework.security.web.header.HeaderWriterFilter@6a9d572, org.springframework.web.filter.CorsFilter@68423388, org.springframework.security.web.authentication.logout.LogoutFilter@50b78155, org.springframework.security.web.savedrequest.RequestCacheAwareFilter@51eeae0a, org.springframework.security.web.servletapi.SecurityContextHolderAwareRequestFilter@1e65c4d, org.springframework.security.web.authentication.AnonymousAuthenticationFilter@1104cf3a, org.springframework.security.web.session.SessionManagementFilter@160d68b8, org.springframework.security.web.access.ExceptionTranslationFilter@43d2c8e3]
2023-04-14 13:18:46,428 [main] INFO  o.s.s.concurrent.ThreadPoolTaskExecutor            - Initializing ExecutorService 'applicationTaskExecutor'
2023-04-14 13:18:46,683 [main] INFO  s.d.s.w.p.DocumentationPluginsBootstrapper         - Context refreshed
2023-04-14 13:18:46,705 [main] INFO  s.d.s.w.p.DocumentationPluginsBootstrapper         - Found 1 custom documentation plugin(s)
2023-04-14 13:18:46,719 [main] INFO  s.d.s.w.s.ApiListingReferenceScanner               - Scanning for api listing references
2023-04-14 13:18:46,893 [main] INFO  s.d.s.w.r.o.CachingOperationNameGenerator          - Generating unique operation named: getCustomerUsingGET_1
2023-04-14 13:18:46,986 [main] INFO  o.apache.coyote.http11.Http11NioProtocol           - Starting ProtocolHandler ["http-nio-9090"]
2023-04-14 13:18:47,073 [main] INFO  o.s.b.w.embedded.tomcat.TomcatWebServer            - Tomcat started on port(s): 9090 (http) with context path ''
2023-04-14 13:19:07,386 [http-nio-9090-exec-1] INFO  o.a.c.c.C.[Tomcat].[localhost].[/]                 - Initializing Spring DispatcherServlet 'dispatcherServlet'
2023-04-14 13:19:07,387 [http-nio-9090-exec-1] INFO  o.s.web.servlet.DispatcherServlet                  - Initializing Servlet 'dispatcherServlet'
2023-04-14 13:19:07,402 [http-nio-9090-exec-1] INFO  o.s.web.servlet.DispatcherServlet                  - Completed initialization in 15 ms
2023-04-14 13:21:53,343 [main] INFO  o.s.d.r.c.RepositoryConfigurationDelegate          - Bootstrapping Spring Data JPA repositories in DEFAULT mode.
2023-04-14 13:21:53,474 [main] INFO  o.s.d.r.c.RepositoryConfigurationDelegate          - Finished Spring Data repository scanning in 112ms. Found 3 JPA repository interfaces.
2023-04-14 13:21:54,431 [main] INFO  o.s.b.w.embedded.tomcat.TomcatWebServer            - Tomcat initialized with port(s): 9090 (http)
2023-04-14 13:21:54,454 [main] INFO  o.apache.coyote.http11.Http11NioProtocol           - Initializing ProtocolHandler ["http-nio-9090"]
2023-04-14 13:21:54,468 [main] INFO  org.apache.catalina.core.StandardService           - Starting service [Tomcat]
2023-04-14 13:21:54,469 [main] INFO  org.apache.catalina.core.StandardEngine            - Starting Servlet engine: [Apache Tomcat/9.0.36]
2023-04-14 13:21:54,685 [main] INFO  o.a.c.c.C.[Tomcat].[localhost].[/]                 - Initializing Spring embedded WebApplicationContext
2023-04-14 13:21:54,686 [main] INFO  o.s.web.context.ContextLoader                      - Root WebApplicationContext: initialization completed in 3134 ms
2023-04-14 13:21:54,947 [main] INFO  com.zaxxer.hikari.HikariDataSource                 - HikariPool-1 - Starting...
2023-04-14 13:21:54,952 [main] WARN  com.zaxxer.hikari.util.DriverDataSource            - Registered driver with driverClassName=com.mysql.jdbc.Driver was not found, trying direct instantiation.
2023-04-14 13:21:55,406 [main] INFO  com.zaxxer.hikari.HikariDataSource                 - HikariPool-1 - Start completed.
2023-04-14 13:21:55,475 [main] INFO  o.hibernate.jpa.internal.util.LogHelper            - HHH000204: Processing PersistenceUnitInfo [
	name: default
	...]
2023-04-14 13:21:55,641 [main] INFO  org.hibernate.Version                              - HHH000412: Hibernate Core {5.3.17.Final}
2023-04-14 13:21:55,646 [main] INFO  org.hibernate.cfg.Environment                      - HHH000206: hibernate.properties not found
2023-04-14 13:21:55,858 [main] INFO  org.hibernate.annotations.common.Version           - HCANN000001: Hibernate Commons Annotations {5.0.4.Final}
2023-04-14 13:21:56,090 [main] INFO  org.hibernate.dialect.Dialect                      - HHH000400: Using dialect: org.hibernate.dialect.MySQL5InnoDBDialect
2023-04-14 13:21:57,247 [main] INFO  o.h.t.schema.internal.SchemaCreatorImpl            - HHH000476: Executing import script 'org.hibernate.tool.schema.internal.exec.ScriptSourceInputNonExistentImpl@28e24663'
2023-04-14 13:21:57,250 [main] INFO  o.s.o.j.LocalContainerEntityManagerFactoryBean     - Initialized JPA EntityManagerFactory for persistence unit 'default'
2023-04-14 13:21:57,712 [main] INFO  o.h.h.i.QueryTranslatorFactoryInitiator            - HHH000397: Using ASTQueryTranslatorFactory
2023-04-14 13:21:58,211 [main] WARN  o.s.b.a.o.j.JpaBaseConfiguration$JpaWebConfiguration$JpaWebMvcConfiguration - spring.jpa.open-in-view is enabled by default. Therefore, database queries may be performed during view rendering. Explicitly configure spring.jpa.open-in-view to disable this warning
2023-04-14 13:21:58,429 [main] INFO  o.s.s.web.DefaultSecurityFilterChain               - Creating filter chain: Ant [pattern='/v2/api-docs'], []
2023-04-14 13:21:58,429 [main] INFO  o.s.s.web.DefaultSecurityFilterChain               - Creating filter chain: Ant [pattern='/configuration/ui'], []
2023-04-14 13:21:58,429 [main] INFO  o.s.s.web.DefaultSecurityFilterChain               - Creating filter chain: Ant [pattern='/swagger-resources/**'], []
2023-04-14 13:21:58,429 [main] INFO  o.s.s.web.DefaultSecurityFilterChain               - Creating filter chain: Ant [pattern='/configuration/security'], []
2023-04-14 13:21:58,429 [main] INFO  o.s.s.web.DefaultSecurityFilterChain               - Creating filter chain: Ant [pattern='/swagger-ui.html'], []
2023-04-14 13:21:58,429 [main] INFO  o.s.s.web.DefaultSecurityFilterChain               - Creating filter chain: Ant [pattern='/webjars/**'], []
2023-04-14 13:21:58,467 [main] INFO  o.s.s.web.DefaultSecurityFilterChain               - Creating filter chain: any request, [org.springframework.security.web.context.request.async.WebAsyncManagerIntegrationFilter@1c3400df, org.springframework.security.web.context.SecurityContextPersistenceFilter@5935eb9c, org.springframework.security.web.header.HeaderWriterFilter@51eeae0a, org.springframework.security.web.authentication.logout.LogoutFilter@6e161cea, org.springframework.security.web.authentication.www.BasicAuthenticationFilter@72fa021, org.springframework.security.web.savedrequest.RequestCacheAwareFilter@538d2308, org.springframework.security.web.servletapi.SecurityContextHolderAwareRequestFilter@fe337, org.springframework.security.web.authentication.AnonymousAuthenticationFilter@7be9e9fc, org.springframework.security.web.session.SessionManagementFilter@352d3749, org.springframework.security.web.access.ExceptionTranslationFilter@1d77d9c6, org.springframework.security.web.access.intercept.FilterSecurityInterceptor@29f86630]
2023-04-14 13:21:58,664 [main] INFO  o.s.s.concurrent.ThreadPoolTaskExecutor            - Initializing ExecutorService 'applicationTaskExecutor'
2023-04-14 13:21:58,915 [main] INFO  s.d.s.w.p.DocumentationPluginsBootstrapper         - Context refreshed
2023-04-14 13:21:58,936 [main] INFO  s.d.s.w.p.DocumentationPluginsBootstrapper         - Found 1 custom documentation plugin(s)
2023-04-14 13:21:58,952 [main] INFO  s.d.s.w.s.ApiListingReferenceScanner               - Scanning for api listing references
2023-04-14 13:21:59,172 [main] INFO  s.d.s.w.r.o.CachingOperationNameGenerator          - Generating unique operation named: getCustomerUsingGET_1
2023-04-14 13:21:59,263 [main] INFO  o.apache.coyote.http11.Http11NioProtocol           - Starting ProtocolHandler ["http-nio-9090"]
2023-04-14 13:21:59,324 [main] INFO  o.s.b.w.embedded.tomcat.TomcatWebServer            - Tomcat started on port(s): 9090 (http) with context path ''
2023-04-14 13:23:11,517 [http-nio-9090-exec-1] INFO  o.a.c.c.C.[Tomcat].[localhost].[/]                 - Initializing Spring DispatcherServlet 'dispatcherServlet'
2023-04-14 13:23:11,517 [http-nio-9090-exec-1] INFO  o.s.web.servlet.DispatcherServlet                  - Initializing Servlet 'dispatcherServlet'
2023-04-14 13:23:11,532 [http-nio-9090-exec-1] INFO  o.s.web.servlet.DispatcherServlet                  - Completed initialization in 15 ms
2023-04-14 13:24:39,150 [main] INFO  o.s.d.r.c.RepositoryConfigurationDelegate          - Bootstrapping Spring Data JPA repositories in DEFAULT mode.
2023-04-14 13:24:39,245 [main] INFO  o.s.d.r.c.RepositoryConfigurationDelegate          - Finished Spring Data repository scanning in 85ms. Found 3 JPA repository interfaces.
2023-04-14 13:24:40,096 [main] INFO  com.zaxxer.hikari.HikariDataSource                 - HikariPool-1 - Starting...
2023-04-14 13:24:40,100 [main] WARN  com.zaxxer.hikari.util.DriverDataSource            - Registered driver with driverClassName=com.mysql.jdbc.Driver was not found, trying direct instantiation.
2023-04-14 13:24:40,513 [main] INFO  com.zaxxer.hikari.HikariDataSource                 - HikariPool-1 - Start completed.
2023-04-14 13:24:40,577 [main] INFO  o.hibernate.jpa.internal.util.LogHelper            - HHH000204: Processing PersistenceUnitInfo [
	name: default
	...]
2023-04-14 13:24:40,642 [main] INFO  org.hibernate.Version                              - HHH000412: Hibernate Core {5.3.17.Final}
2023-04-14 13:24:40,646 [main] INFO  org.hibernate.cfg.Environment                      - HHH000206: hibernate.properties not found
2023-04-14 13:24:40,878 [main] INFO  org.hibernate.annotations.common.Version           - HCANN000001: Hibernate Commons Annotations {5.0.4.Final}
2023-04-14 13:24:41,006 [main] INFO  org.hibernate.dialect.Dialect                      - HHH000400: Using dialect: org.hibernate.dialect.MySQL5InnoDBDialect
2023-04-14 13:24:41,761 [main] INFO  o.s.o.j.LocalContainerEntityManagerFactoryBean     - Initialized JPA EntityManagerFactory for persistence unit 'default'
2023-04-14 13:24:42,200 [main] INFO  o.h.h.i.QueryTranslatorFactoryInitiator            - HHH000397: Using ASTQueryTranslatorFactory
2023-04-14 13:24:42,719 [main] WARN  o.s.b.a.o.j.JpaBaseConfiguration$JpaWebConfiguration$JpaWebMvcConfiguration - spring.jpa.open-in-view is enabled by default. Therefore, database queries may be performed during view rendering. Explicitly configure spring.jpa.open-in-view to disable this warning
2023-04-14 13:24:43,005 [main] INFO  o.s.s.web.DefaultSecurityFilterChain               - Creating filter chain: Ant [pattern='/v2/api-docs'], []
2023-04-14 13:24:43,005 [main] INFO  o.s.s.web.DefaultSecurityFilterChain               - Creating filter chain: Ant [pattern='/configuration/ui'], []
2023-04-14 13:24:43,005 [main] INFO  o.s.s.web.DefaultSecurityFilterChain               - Creating filter chain: Ant [pattern='/swagger-resources/**'], []
2023-04-14 13:24:43,005 [main] INFO  o.s.s.web.DefaultSecurityFilterChain               - Creating filter chain: Ant [pattern='/configuration/security'], []
2023-04-14 13:24:43,005 [main] INFO  o.s.s.web.DefaultSecurityFilterChain               - Creating filter chain: Ant [pattern='/swagger-ui.html'], []
2023-04-14 13:24:43,005 [main] INFO  o.s.s.web.DefaultSecurityFilterChain               - Creating filter chain: Ant [pattern='/webjars/**'], []
2023-04-14 13:24:43,075 [main] INFO  o.s.s.web.DefaultSecurityFilterChain               - Creating filter chain: any request, [org.springframework.security.web.context.request.async.WebAsyncManagerIntegrationFilter@57c7ec30, org.springframework.security.web.context.SecurityContextPersistenceFilter@c76762, org.springframework.security.web.header.HeaderWriterFilter@26723525, org.springframework.security.web.authentication.logout.LogoutFilter@28b47211, org.springframework.security.web.authentication.www.BasicAuthenticationFilter@58267ba1, org.springframework.security.web.savedrequest.RequestCacheAwareFilter@128d397c, org.springframework.security.web.servletapi.SecurityContextHolderAwareRequestFilter@294ebdae, org.springframework.security.web.authentication.AnonymousAuthenticationFilter@729de0e1, org.springframework.security.web.session.SessionManagementFilter@10b7b5f0, org.springframework.security.web.access.ExceptionTranslationFilter@30bfdcc5, org.springframework.security.web.access.intercept.FilterSecurityInterceptor@1f4b8027]
2023-04-14 13:24:43,565 [main] INFO  o.s.s.concurrent.ThreadPoolTaskExecutor            - Initializing ExecutorService 'applicationTaskExecutor'
2023-04-14 13:24:43,908 [main] INFO  s.d.s.w.p.DocumentationPluginsBootstrapper         - Context refreshed
2023-04-14 13:24:43,926 [main] INFO  s.d.s.w.p.DocumentationPluginsBootstrapper         - Found 1 custom documentation plugin(s)
2023-04-14 13:24:43,937 [main] INFO  s.d.s.w.s.ApiListingReferenceScanner               - Scanning for api listing references
2023-04-14 13:24:44,118 [main] INFO  s.d.s.w.r.o.CachingOperationNameGenerator          - Generating unique operation named: getCustomerUsingGET_1
2023-04-14 13:24:44,472 [Thread-1] INFO  o.s.s.concurrent.ThreadPoolTaskExecutor            - Shutting down ExecutorService 'applicationTaskExecutor'
2023-04-14 13:24:44,474 [Thread-1] INFO  o.s.o.j.LocalContainerEntityManagerFactoryBean     - Closing JPA EntityManagerFactory for persistence unit 'default'
2023-04-14 13:24:44,476 [Thread-1] INFO  com.zaxxer.hikari.HikariDataSource                 - HikariPool-1 - Shutdown initiated...
2023-04-14 13:24:44,491 [Thread-1] INFO  com.zaxxer.hikari.HikariDataSource                 - HikariPool-1 - Shutdown completed.
2023-04-14 13:24:52,511 [main] INFO  o.s.d.r.c.RepositoryConfigurationDelegate          - Bootstrapping Spring Data JPA repositories in DEFAULT mode.
2023-04-14 13:24:52,632 [main] INFO  o.s.d.r.c.RepositoryConfigurationDelegate          - Finished Spring Data repository scanning in 104ms. Found 3 JPA repository interfaces.
2023-04-14 13:24:53,774 [main] INFO  o.s.b.w.embedded.tomcat.TomcatWebServer            - Tomcat initialized with port(s): 9090 (http)
2023-04-14 13:24:53,799 [main] INFO  o.apache.coyote.http11.Http11NioProtocol           - Initializing ProtocolHandler ["http-nio-9090"]
2023-04-14 13:24:53,819 [main] INFO  org.apache.catalina.core.StandardService           - Starting service [Tomcat]
2023-04-14 13:24:53,820 [main] INFO  org.apache.catalina.core.StandardEngine            - Starting Servlet engine: [Apache Tomcat/9.0.36]
2023-04-14 13:24:53,954 [main] INFO  o.a.c.c.C.[Tomcat].[localhost].[/]                 - Initializing Spring embedded WebApplicationContext
2023-04-14 13:24:53,954 [main] INFO  o.s.web.context.ContextLoader                      - Root WebApplicationContext: initialization completed in 3353 ms
2023-04-14 13:24:54,210 [main] INFO  com.zaxxer.hikari.HikariDataSource                 - HikariPool-1 - Starting...
2023-04-14 13:24:54,216 [main] WARN  com.zaxxer.hikari.util.DriverDataSource            - Registered driver with driverClassName=com.mysql.jdbc.Driver was not found, trying direct instantiation.
2023-04-14 13:24:54,665 [main] INFO  com.zaxxer.hikari.HikariDataSource                 - HikariPool-1 - Start completed.
2023-04-14 13:24:54,745 [main] INFO  o.hibernate.jpa.internal.util.LogHelper            - HHH000204: Processing PersistenceUnitInfo [
	name: default
	...]
2023-04-14 13:24:54,968 [main] INFO  org.hibernate.Version                              - HHH000412: Hibernate Core {5.3.17.Final}
2023-04-14 13:24:54,972 [main] INFO  org.hibernate.cfg.Environment                      - HHH000206: hibernate.properties not found
2023-04-14 13:24:55,175 [main] INFO  org.hibernate.annotations.common.Version           - HCANN000001: Hibernate Commons Annotations {5.0.4.Final}
2023-04-14 13:24:55,412 [main] INFO  org.hibernate.dialect.Dialect                      - HHH000400: Using dialect: org.hibernate.dialect.MySQL5InnoDBDialect
2023-04-14 13:24:56,574 [main] INFO  o.s.o.j.LocalContainerEntityManagerFactoryBean     - Initialized JPA EntityManagerFactory for persistence unit 'default'
2023-04-14 13:24:56,995 [main] INFO  o.h.h.i.QueryTranslatorFactoryInitiator            - HHH000397: Using ASTQueryTranslatorFactory
2023-04-14 13:24:57,691 [main] WARN  o.s.b.a.o.j.JpaBaseConfiguration$JpaWebConfiguration$JpaWebMvcConfiguration - spring.jpa.open-in-view is enabled by default. Therefore, database queries may be performed during view rendering. Explicitly configure spring.jpa.open-in-view to disable this warning
2023-04-14 13:24:58,072 [main] INFO  o.s.s.web.DefaultSecurityFilterChain               - Creating filter chain: Ant [pattern='/v2/api-docs'], []
2023-04-14 13:24:58,072 [main] INFO  o.s.s.web.DefaultSecurityFilterChain               - Creating filter chain: Ant [pattern='/configuration/ui'], []
2023-04-14 13:24:58,072 [main] INFO  o.s.s.web.DefaultSecurityFilterChain               - Creating filter chain: Ant [pattern='/swagger-resources/**'], []
2023-04-14 13:24:58,072 [main] INFO  o.s.s.web.DefaultSecurityFilterChain               - Creating filter chain: Ant [pattern='/configuration/security'], []
2023-04-14 13:24:58,072 [main] INFO  o.s.s.web.DefaultSecurityFilterChain               - Creating filter chain: Ant [pattern='/swagger-ui.html'], []
2023-04-14 13:24:58,072 [main] INFO  o.s.s.web.DefaultSecurityFilterChain               - Creating filter chain: Ant [pattern='/webjars/**'], []
2023-04-14 13:24:58,123 [main] INFO  o.s.s.web.DefaultSecurityFilterChain               - Creating filter chain: any request, [org.springframework.security.web.context.request.async.WebAsyncManagerIntegrationFilter@57425aac, org.springframework.security.web.context.SecurityContextPersistenceFilter@3c0c261, org.springframework.security.web.header.HeaderWriterFilter@7e2b0a3b, org.springframework.security.web.authentication.logout.LogoutFilter@7bd34c11, org.springframework.security.web.authentication.www.BasicAuthenticationFilter@378bca7f, org.springframework.security.web.savedrequest.RequestCacheAwareFilter@2dbf5ca7, org.springframework.security.web.servletapi.SecurityContextHolderAwareRequestFilter@498acb50, org.springframework.security.web.authentication.AnonymousAuthenticationFilter@554b60db, org.springframework.security.web.session.SessionManagementFilter@7b8c3daf, org.springframework.security.web.access.ExceptionTranslationFilter@447b339e, org.springframework.security.web.access.intercept.FilterSecurityInterceptor@a070049]
2023-04-14 13:24:58,355 [main] INFO  o.s.s.concurrent.ThreadPoolTaskExecutor            - Initializing ExecutorService 'applicationTaskExecutor'
2023-04-14 13:24:58,603 [main] INFO  s.d.s.w.p.DocumentationPluginsBootstrapper         - Context refreshed
2023-04-14 13:24:58,628 [main] INFO  s.d.s.w.p.DocumentationPluginsBootstrapper         - Found 1 custom documentation plugin(s)
2023-04-14 13:24:58,638 [main] INFO  s.d.s.w.s.ApiListingReferenceScanner               - Scanning for api listing references
2023-04-14 13:24:58,824 [main] INFO  s.d.s.w.r.o.CachingOperationNameGenerator          - Generating unique operation named: getCustomerUsingGET_1
2023-04-14 13:24:58,894 [main] INFO  o.apache.coyote.http11.Http11NioProtocol           - Starting ProtocolHandler ["http-nio-9090"]
2023-04-14 13:24:58,955 [main] INFO  o.s.b.w.embedded.tomcat.TomcatWebServer            - Tomcat started on port(s): 9090 (http) with context path ''
2023-04-14 13:25:07,545 [http-nio-9090-exec-2] INFO  o.a.c.c.C.[Tomcat].[localhost].[/]                 - Initializing Spring DispatcherServlet 'dispatcherServlet'
2023-04-14 13:25:07,546 [http-nio-9090-exec-2] INFO  o.s.web.servlet.DispatcherServlet                  - Initializing Servlet 'dispatcherServlet'
2023-04-14 13:25:07,558 [http-nio-9090-exec-2] INFO  o.s.web.servlet.DispatcherServlet                  - Completed initialization in 12 ms
2023-04-14 14:47:45,835 [HikariPool-1 housekeeper] WARN  com.zaxxer.hikari.pool.HikariPool                  - HikariPool-1 - Thread starvation or clock leap detected (housekeeper delta=23m19s772ms209s500ns).
