2023-03-29 12:29:01,629 [main] INFO  o.s.d.r.c.RepositoryConfigurationDelegate          - Bootstrapping Spring Data JPA repositories in DEFAULT mode.
2023-03-29 12:29:01,736 [main] INFO  o.s.d.r.c.RepositoryConfigurationDelegate          - Finished Spring Data repository scanning in 89ms. Found 2 JPA repository interfaces.
2023-03-29 12:29:02,870 [main] INFO  o.s.b.w.embedded.tomcat.TomcatWebServer            - Tomcat initialized with port(s): 9090 (http)
2023-03-29 12:29:02,893 [main] INFO  o.apache.coyote.http11.Http11NioProtocol           - Initializing ProtocolHandler ["http-nio-9090"]
2023-03-29 12:29:02,916 [main] INFO  org.apache.catalina.core.StandardService           - Starting service [Tomcat]
2023-03-29 12:29:02,916 [main] INFO  org.apache.catalina.core.StandardEngine            - Starting Servlet engine: [Apache Tomcat/9.0.36]
2023-03-29 12:29:03,134 [main] INFO  o.a.c.c.C.[Tomcat].[localhost].[/]                 - Initializing Spring embedded WebApplicationContext
2023-03-29 12:29:03,134 [main] INFO  o.s.web.context.ContextLoader                      - Root WebApplicationContext: initialization completed in 2857 ms
2023-03-29 12:29:03,343 [main] INFO  com.zaxxer.hikari.HikariDataSource                 - HikariPool-1 - Starting...
2023-03-29 12:29:03,348 [main] WARN  com.zaxxer.hikari.util.DriverDataSource            - Registered driver with driverClassName=com.mysql.jdbc.Driver was not found, trying direct instantiation.
2023-03-29 12:29:03,837 [main] INFO  com.zaxxer.hikari.HikariDataSource                 - HikariPool-1 - Start completed.
2023-03-29 12:29:03,900 [main] INFO  o.hibernate.jpa.internal.util.LogHelper            - HHH000204: Processing PersistenceUnitInfo [
	name: default
	...]
2023-03-29 12:29:04,055 [main] INFO  org.hibernate.Version                              - HHH000412: Hibernate Core {5.3.17.Final}
2023-03-29 12:29:04,056 [main] INFO  org.hibernate.cfg.Environment                      - HHH000206: hibernate.properties not found
2023-03-29 12:29:04,293 [main] INFO  org.hibernate.annotations.common.Version           - HCANN000001: Hibernate Commons Annotations {5.0.4.Final}
2023-03-29 12:29:04,517 [main] INFO  org.hibernate.dialect.Dialect                      - HHH000400: Using dialect: org.hibernate.dialect.MySQL5InnoDBDialect
2023-03-29 12:29:05,324 [main] INFO  o.s.o.j.LocalContainerEntityManagerFactoryBean     - Initialized JPA EntityManagerFactory for persistence unit 'default'
2023-03-29 12:29:05,628 [main] INFO  o.h.h.i.QueryTranslatorFactoryInitiator            - HHH000397: Using ASTQueryTranslatorFactory
2023-03-29 12:29:06,026 [main] WARN  o.s.b.a.o.j.JpaBaseConfiguration$JpaWebConfiguration$JpaWebMvcConfiguration - spring.jpa.open-in-view is enabled by default. Therefore, database queries may be performed during view rendering. Explicitly configure spring.jpa.open-in-view to disable this warning
2023-03-29 12:29:06,315 [main] INFO  o.s.s.concurrent.ThreadPoolTaskExecutor            - Initializing ExecutorService 'applicationTaskExecutor'
2023-03-29 12:29:06,552 [main] INFO  s.d.s.w.p.DocumentationPluginsBootstrapper         - Context refreshed
2023-03-29 12:29:06,576 [main] INFO  s.d.s.w.p.DocumentationPluginsBootstrapper         - Found 1 custom documentation plugin(s)
2023-03-29 12:29:06,587 [main] INFO  s.d.s.w.s.ApiListingReferenceScanner               - Scanning for api listing references
2023-03-29 12:29:06,759 [main] INFO  s.d.s.w.r.o.CachingOperationNameGenerator          - Generating unique operation named: getCustomerUsingGET_1
2023-03-29 12:29:06,832 [main] INFO  o.apache.coyote.http11.Http11NioProtocol           - Starting ProtocolHandler ["http-nio-9090"]
2023-03-29 12:29:06,869 [main] INFO  o.s.b.w.embedded.tomcat.TomcatWebServer            - Tomcat started on port(s): 9090 (http) with context path ''
2023-03-29 12:29:25,410 [http-nio-9090-exec-2] INFO  o.a.c.c.C.[Tomcat].[localhost].[/]                 - Initializing Spring DispatcherServlet 'dispatcherServlet'
2023-03-29 12:29:25,410 [http-nio-9090-exec-2] INFO  o.s.web.servlet.DispatcherServlet                  - Initializing Servlet 'dispatcherServlet'
2023-03-29 12:29:25,424 [http-nio-9090-exec-2] INFO  o.s.web.servlet.DispatcherServlet                  - Completed initialization in 13 ms
2023-03-29 13:59:44,953 [main] INFO  o.s.d.r.c.RepositoryConfigurationDelegate          - Bootstrapping Spring Data JPA repositories in DEFAULT mode.
2023-03-29 13:59:45,355 [main] INFO  o.s.d.r.c.RepositoryConfigurationDelegate          - Finished Spring Data repository scanning in 359ms. Found 2 JPA repository interfaces.
2023-03-29 13:59:47,663 [main] INFO  o.s.b.w.embedded.tomcat.TomcatWebServer            - Tomcat initialized with port(s): 9090 (http)
2023-03-29 13:59:47,703 [main] INFO  o.apache.coyote.http11.Http11NioProtocol           - Initializing ProtocolHandler ["http-nio-9090"]
2023-03-29 13:59:47,736 [main] INFO  org.apache.catalina.core.StandardService           - Starting service [Tomcat]
2023-03-29 13:59:47,736 [main] INFO  org.apache.catalina.core.StandardEngine            - Starting Servlet engine: [Apache Tomcat/9.0.36]
2023-03-29 13:59:48,099 [main] INFO  o.a.c.c.C.[Tomcat].[localhost].[/]                 - Initializing Spring embedded WebApplicationContext
2023-03-29 13:59:48,099 [main] INFO  o.s.web.context.ContextLoader                      - Root WebApplicationContext: initialization completed in 5147 ms
2023-03-29 13:59:48,475 [main] INFO  com.zaxxer.hikari.HikariDataSource                 - HikariPool-1 - Starting...
2023-03-29 13:59:48,482 [main] WARN  com.zaxxer.hikari.util.DriverDataSource            - Registered driver with driverClassName=com.mysql.jdbc.Driver was not found, trying direct instantiation.
2023-03-29 13:59:49,366 [main] INFO  com.zaxxer.hikari.HikariDataSource                 - HikariPool-1 - Start completed.
2023-03-29 13:59:49,469 [main] INFO  o.hibernate.jpa.internal.util.LogHelper            - HHH000204: Processing PersistenceUnitInfo [
	name: default
	...]
2023-03-29 13:59:49,903 [main] INFO  org.hibernate.Version                              - HHH000412: Hibernate Core {5.3.17.Final}
2023-03-29 13:59:49,909 [main] INFO  org.hibernate.cfg.Environment                      - HHH000206: hibernate.properties not found
2023-03-29 13:59:50,252 [main] INFO  org.hibernate.annotations.common.Version           - HCANN000001: Hibernate Commons Annotations {5.0.4.Final}
2023-03-29 13:59:50,715 [main] INFO  org.hibernate.dialect.Dialect                      - HHH000400: Using dialect: org.hibernate.dialect.MySQL5InnoDBDialect
2023-03-29 13:59:52,705 [main] INFO  o.s.o.j.LocalContainerEntityManagerFactoryBean     - Initialized JPA EntityManagerFactory for persistence unit 'default'
2023-03-29 13:59:53,366 [main] INFO  o.h.h.i.QueryTranslatorFactoryInitiator            - HHH000397: Using ASTQueryTranslatorFactory
2023-03-29 13:59:54,233 [main] WARN  o.s.b.a.o.j.JpaBaseConfiguration$JpaWebConfiguration$JpaWebMvcConfiguration - spring.jpa.open-in-view is enabled by default. Therefore, database queries may be performed during view rendering. Explicitly configure spring.jpa.open-in-view to disable this warning
2023-03-29 13:59:54,929 [main] INFO  o.s.s.concurrent.ThreadPoolTaskExecutor            - Initializing ExecutorService 'applicationTaskExecutor'
2023-03-29 13:59:55,831 [main] INFO  o.s.b.a.s.s.UserDetailsServiceAutoConfiguration    - 

Using generated security password: 1fb29e42-e82b-4712-b332-e33ac816beab

2023-03-29 13:59:56,080 [main] INFO  o.s.s.web.DefaultSecurityFilterChain               - Creating filter chain: any request, [org.springframework.security.web.context.request.async.WebAsyncManagerIntegrationFilter@4b89515b, org.springframework.security.web.context.SecurityContextPersistenceFilter@46c093b4, org.springframework.security.web.header.HeaderWriterFilter@37806ccb, org.springframework.security.web.csrf.CsrfFilter@5cb3cfef, org.springframework.security.web.authentication.logout.LogoutFilter@158b8d10, org.springframework.security.web.authentication.UsernamePasswordAuthenticationFilter@369d624d, org.springframework.security.web.authentication.ui.DefaultLoginPageGeneratingFilter@7f065f9e, org.springframework.security.web.authentication.ui.DefaultLogoutPageGeneratingFilter@496e2bdd, org.springframework.security.web.authentication.www.BasicAuthenticationFilter@6e2e11ee, org.springframework.security.web.savedrequest.RequestCacheAwareFilter@20ee660b, org.springframework.security.web.servletapi.SecurityContextHolderAwareRequestFilter@1b641c97, org.springframework.security.web.authentication.AnonymousAuthenticationFilter@17e725fb, org.springframework.security.web.session.SessionManagementFilter@4a84beb7, org.springframework.security.web.access.ExceptionTranslationFilter@6cd8c373, org.springframework.security.web.access.intercept.FilterSecurityInterceptor@409df37d]
2023-03-29 13:59:56,265 [main] INFO  s.d.s.w.p.DocumentationPluginsBootstrapper         - Context refreshed
2023-03-29 13:59:56,315 [main] INFO  s.d.s.w.p.DocumentationPluginsBootstrapper         - Found 1 custom documentation plugin(s)
2023-03-29 13:59:56,348 [main] INFO  s.d.s.w.s.ApiListingReferenceScanner               - Scanning for api listing references
2023-03-29 13:59:56,833 [main] INFO  s.d.s.w.r.o.CachingOperationNameGenerator          - Generating unique operation named: getCustomerUsingGET_1
2023-03-29 13:59:56,975 [main] INFO  o.apache.coyote.http11.Http11NioProtocol           - Starting ProtocolHandler ["http-nio-9090"]
2023-03-29 13:59:57,109 [main] INFO  o.s.b.w.embedded.tomcat.TomcatWebServer            - Tomcat started on port(s): 9090 (http) with context path ''
2023-03-29 14:00:01,469 [http-nio-9090-exec-5] INFO  o.a.c.c.C.[Tomcat].[localhost].[/]                 - Initializing Spring DispatcherServlet 'dispatcherServlet'
2023-03-29 14:00:01,475 [http-nio-9090-exec-5] INFO  o.s.web.servlet.DispatcherServlet                  - Initializing Servlet 'dispatcherServlet'
2023-03-29 14:00:01,502 [http-nio-9090-exec-5] INFO  o.s.web.servlet.DispatcherServlet                  - Completed initialization in 27 ms
2023-03-29 14:00:01,927 [http-nio-9090-exec-5] WARN  o.a.catalina.util.SessionIdGeneratorBase           - Creation of SecureRandom instance for session ID generation using [SHA1PRNG] took [342] milliseconds.
