2023-04-15 15:58:00,762 [main] INFO  o.s.d.r.c.RepositoryConfigurationDelegate          - Bootstrapping Spring Data JPA repositories in DEFAULT mode.
2023-04-15 15:58:00,878 [main] INFO  o.s.d.r.c.RepositoryConfigurationDelegate          - Finished Spring Data repository scanning in 93ms. Found 3 JPA repository interfaces.
2023-04-15 15:58:01,696 [main] INFO  com.zaxxer.hikari.HikariDataSource                 - HikariPool-1 - Starting...
2023-04-15 15:58:01,701 [main] WARN  com.zaxxer.hikari.util.DriverDataSource            - Registered driver with driverClassName=com.mysql.jdbc.Driver was not found, trying direct instantiation.
2023-04-15 15:58:02,236 [main] INFO  com.zaxxer.hikari.HikariDataSource                 - HikariPool-1 - Start completed.
2023-04-15 15:58:02,334 [main] INFO  o.hibernate.jpa.internal.util.LogHelper            - HHH000204: Processing PersistenceUnitInfo [
	name: default
	...]
2023-04-15 15:58:02,560 [main] INFO  org.hibernate.Version                              - HHH000412: Hibernate Core {5.3.17.Final}
2023-04-15 15:58:02,561 [main] INFO  org.hibernate.cfg.Environment                      - HHH000206: hibernate.properties not found
2023-04-15 15:58:02,810 [main] INFO  org.hibernate.annotations.common.Version           - HCANN000001: Hibernate Commons Annotations {5.0.4.Final}
2023-04-15 15:58:02,985 [main] INFO  org.hibernate.dialect.Dialect                      - HHH000400: Using dialect: org.hibernate.dialect.MySQL5InnoDBDialect
2023-04-15 15:58:03,450 [main] INFO  org.hibernate.tuple.PojoInstantiator               - HHH000182: No default (no-argument) constructor for class: com.storemanagement.model.AdminUserEntity (class must be instantiated by Interceptor)
2023-04-15 15:58:03,856 [main] INFO  o.s.o.j.LocalContainerEntityManagerFactoryBean     - Initialized JPA EntityManagerFactory for persistence unit 'default'
2023-04-15 15:58:04,253 [main] INFO  o.h.h.i.QueryTranslatorFactoryInitiator            - HHH000397: Using ASTQueryTranslatorFactory
2023-04-15 15:58:05,052 [main] WARN  o.s.b.a.o.j.JpaBaseConfiguration$JpaWebConfiguration$JpaWebMvcConfiguration - spring.jpa.open-in-view is enabled by default. Therefore, database queries may be performed during view rendering. Explicitly configure spring.jpa.open-in-view to disable this warning
2023-04-15 15:58:05,475 [main] INFO  o.s.s.web.DefaultSecurityFilterChain               - Creating filter chain: Ant [pattern='/v2/api-docs'], []
2023-04-15 15:58:05,475 [main] INFO  o.s.s.web.DefaultSecurityFilterChain               - Creating filter chain: Ant [pattern='/configuration/ui'], []
2023-04-15 15:58:05,475 [main] INFO  o.s.s.web.DefaultSecurityFilterChain               - Creating filter chain: Ant [pattern='/swagger-resources/**'], []
2023-04-15 15:58:05,475 [main] INFO  o.s.s.web.DefaultSecurityFilterChain               - Creating filter chain: Ant [pattern='/swagger-ui.html'], []
2023-04-15 15:58:05,582 [main] INFO  o.s.s.web.DefaultSecurityFilterChain               - Creating filter chain: any request, [org.springframework.security.web.context.request.async.WebAsyncManagerIntegrationFilter@395abe85, org.springframework.security.web.context.SecurityContextPersistenceFilter@325a781c, org.springframework.security.web.header.HeaderWriterFilter@6e5a77ef, org.springframework.security.web.authentication.logout.LogoutFilter@4f93a8f6, com.storemanagement.configuration.JWTRequestFilter@33845e3d, org.springframework.security.web.savedrequest.RequestCacheAwareFilter@f9979cf, org.springframework.security.web.servletapi.SecurityContextHolderAwareRequestFilter@5183131d, org.springframework.security.web.authentication.AnonymousAuthenticationFilter@55849272, org.springframework.security.web.session.SessionManagementFilter@3fe21d0e, org.springframework.security.web.access.ExceptionTranslationFilter@46ef7340, org.springframework.security.web.access.intercept.FilterSecurityInterceptor@30259c61]
2023-04-15 15:58:06,107 [main] INFO  o.s.s.concurrent.ThreadPoolTaskExecutor            - Initializing ExecutorService 'applicationTaskExecutor'
2023-04-15 15:58:06,496 [main] INFO  s.d.s.w.p.DocumentationPluginsBootstrapper         - Context refreshed
2023-04-15 15:58:06,516 [main] INFO  s.d.s.w.p.DocumentationPluginsBootstrapper         - Found 1 custom documentation plugin(s)
2023-04-15 15:58:06,525 [main] INFO  s.d.s.w.s.ApiListingReferenceScanner               - Scanning for api listing references
2023-04-15 15:58:06,714 [main] INFO  s.d.s.w.r.o.CachingOperationNameGenerator          - Generating unique operation named: getCustomerUsingGET_1
2023-04-15 15:58:07,034 [Thread-1] INFO  o.s.s.concurrent.ThreadPoolTaskExecutor            - Shutting down ExecutorService 'applicationTaskExecutor'
2023-04-15 15:58:07,040 [Thread-1] INFO  o.s.o.j.LocalContainerEntityManagerFactoryBean     - Closing JPA EntityManagerFactory for persistence unit 'default'
2023-04-15 15:58:07,043 [Thread-1] INFO  com.zaxxer.hikari.HikariDataSource                 - HikariPool-1 - Shutdown initiated...
2023-04-15 15:58:07,064 [Thread-1] INFO  com.zaxxer.hikari.HikariDataSource                 - HikariPool-1 - Shutdown completed.
2023-04-15 15:58:16,519 [main] INFO  o.s.d.r.c.RepositoryConfigurationDelegate          - Bootstrapping Spring Data JPA repositories in DEFAULT mode.
2023-04-15 15:58:16,675 [main] INFO  o.s.d.r.c.RepositoryConfigurationDelegate          - Finished Spring Data repository scanning in 135ms. Found 3 JPA repository interfaces.
2023-04-15 15:58:17,827 [main] INFO  o.s.b.w.embedded.tomcat.TomcatWebServer            - Tomcat initialized with port(s): 9090 (http)
2023-04-15 15:58:17,855 [main] INFO  o.apache.coyote.http11.Http11NioProtocol           - Initializing ProtocolHandler ["http-nio-9090"]
2023-04-15 15:58:17,873 [main] INFO  org.apache.catalina.core.StandardService           - Starting service [Tomcat]
2023-04-15 15:58:17,873 [main] INFO  org.apache.catalina.core.StandardEngine            - Starting Servlet engine: [Apache Tomcat/9.0.36]
2023-04-15 15:58:18,017 [main] INFO  o.a.c.c.C.[Tomcat].[localhost].[/]                 - Initializing Spring embedded WebApplicationContext
2023-04-15 15:58:18,017 [main] INFO  o.s.web.context.ContextLoader                      - Root WebApplicationContext: initialization completed in 3112 ms
2023-04-15 15:58:18,365 [main] INFO  com.zaxxer.hikari.HikariDataSource                 - HikariPool-1 - Starting...
2023-04-15 15:58:18,373 [main] WARN  com.zaxxer.hikari.util.DriverDataSource            - Registered driver with driverClassName=com.mysql.jdbc.Driver was not found, trying direct instantiation.
2023-04-15 15:58:18,920 [main] INFO  com.zaxxer.hikari.HikariDataSource                 - HikariPool-1 - Start completed.
2023-04-15 15:58:19,071 [main] INFO  o.hibernate.jpa.internal.util.LogHelper            - HHH000204: Processing PersistenceUnitInfo [
	name: default
	...]
2023-04-15 15:58:19,291 [main] INFO  org.hibernate.Version                              - HHH000412: Hibernate Core {5.3.17.Final}
2023-04-15 15:58:19,295 [main] INFO  org.hibernate.cfg.Environment                      - HHH000206: hibernate.properties not found
2023-04-15 15:58:19,566 [main] INFO  org.hibernate.annotations.common.Version           - HCANN000001: Hibernate Commons Annotations {5.0.4.Final}
2023-04-15 15:58:19,924 [main] INFO  org.hibernate.dialect.Dialect                      - HHH000400: Using dialect: org.hibernate.dialect.MySQL5InnoDBDialect
2023-04-15 15:58:20,702 [main] INFO  org.hibernate.tuple.PojoInstantiator               - HHH000182: No default (no-argument) constructor for class: com.storemanagement.model.AdminUserEntity (class must be instantiated by Interceptor)
2023-04-15 15:58:21,571 [main] INFO  o.s.o.j.LocalContainerEntityManagerFactoryBean     - Initialized JPA EntityManagerFactory for persistence unit 'default'
2023-04-15 15:58:22,088 [main] INFO  o.h.h.i.QueryTranslatorFactoryInitiator            - HHH000397: Using ASTQueryTranslatorFactory
2023-04-15 15:58:23,097 [main] WARN  o.s.b.a.o.j.JpaBaseConfiguration$JpaWebConfiguration$JpaWebMvcConfiguration - spring.jpa.open-in-view is enabled by default. Therefore, database queries may be performed during view rendering. Explicitly configure spring.jpa.open-in-view to disable this warning
2023-04-15 15:58:23,429 [main] INFO  o.s.s.web.DefaultSecurityFilterChain               - Creating filter chain: Ant [pattern='/v2/api-docs'], []
2023-04-15 15:58:23,429 [main] INFO  o.s.s.web.DefaultSecurityFilterChain               - Creating filter chain: Ant [pattern='/configuration/ui'], []
2023-04-15 15:58:23,429 [main] INFO  o.s.s.web.DefaultSecurityFilterChain               - Creating filter chain: Ant [pattern='/swagger-resources/**'], []
2023-04-15 15:58:23,429 [main] INFO  o.s.s.web.DefaultSecurityFilterChain               - Creating filter chain: Ant [pattern='/swagger-ui.html'], []
2023-04-15 15:58:23,496 [main] INFO  o.s.s.web.DefaultSecurityFilterChain               - Creating filter chain: any request, [org.springframework.security.web.context.request.async.WebAsyncManagerIntegrationFilter@6788e610, org.springframework.security.web.context.SecurityContextPersistenceFilter@4bb5538f, org.springframework.security.web.header.HeaderWriterFilter@373dabc6, org.springframework.security.web.authentication.logout.LogoutFilter@6a10670, com.storemanagement.configuration.JWTRequestFilter@42710884, org.springframework.security.web.savedrequest.RequestCacheAwareFilter@5eb671ad, org.springframework.security.web.servletapi.SecurityContextHolderAwareRequestFilter@78de61b4, org.springframework.security.web.authentication.AnonymousAuthenticationFilter@479aec3d, org.springframework.security.web.session.SessionManagementFilter@1bac8ab9, org.springframework.security.web.access.ExceptionTranslationFilter@487b03a9, org.springframework.security.web.access.intercept.FilterSecurityInterceptor@79754368]
2023-04-15 15:58:23,778 [main] INFO  o.s.s.concurrent.ThreadPoolTaskExecutor            - Initializing ExecutorService 'applicationTaskExecutor'
2023-04-15 15:58:24,123 [main] INFO  s.d.s.w.p.DocumentationPluginsBootstrapper         - Context refreshed
2023-04-15 15:58:24,155 [main] INFO  s.d.s.w.p.DocumentationPluginsBootstrapper         - Found 1 custom documentation plugin(s)
2023-04-15 15:58:24,171 [main] INFO  s.d.s.w.s.ApiListingReferenceScanner               - Scanning for api listing references
2023-04-15 15:58:24,422 [main] INFO  s.d.s.w.r.o.CachingOperationNameGenerator          - Generating unique operation named: getCustomerUsingGET_1
2023-04-15 15:58:24,485 [main] INFO  o.apache.coyote.http11.Http11NioProtocol           - Starting ProtocolHandler ["http-nio-9090"]
2023-04-15 15:58:24,548 [main] INFO  o.s.b.w.embedded.tomcat.TomcatWebServer            - Tomcat started on port(s): 9090 (http) with context path ''
2023-04-15 15:58:30,315 [http-nio-9090-exec-5] INFO  o.a.c.c.C.[Tomcat].[localhost].[/]                 - Initializing Spring DispatcherServlet 'dispatcherServlet'
2023-04-15 15:58:30,315 [http-nio-9090-exec-5] INFO  o.s.web.servlet.DispatcherServlet                  - Initializing Servlet 'dispatcherServlet'
2023-04-15 15:58:30,325 [http-nio-9090-exec-5] INFO  o.s.web.servlet.DispatcherServlet                  - Completed initialization in 10 ms
2023-04-15 15:59:37,972 [http-nio-9090-exec-8] WARN  o.s.w.s.m.s.DefaultHandlerExceptionResolver        - Resolved [org.springframework.web.HttpRequestMethodNotSupportedException: Request method 'GET' not supported]
2023-04-15 15:59:43,448 [http-nio-9090-exec-10] WARN  o.s.w.s.m.s.DefaultHandlerExceptionResolver        - Resolved [org.springframework.http.converter.HttpMessageNotReadableException: Required request body is missing: public org.springframework.http.ResponseEntity<com.storemanagement.dto.AuthenticationResponse> com.storemanagement.resource.AuthenticationResource.createAuthenticationToken(com.storemanagement.dto.AuthenticationRequest) throws java.lang.Exception]
2023-04-15 16:01:50,337 [main] INFO  o.s.d.r.c.RepositoryConfigurationDelegate          - Bootstrapping Spring Data JPA repositories in DEFAULT mode.
2023-04-15 16:01:50,459 [main] INFO  o.s.d.r.c.RepositoryConfigurationDelegate          - Finished Spring Data repository scanning in 106ms. Found 3 JPA repository interfaces.
2023-04-15 16:01:51,225 [main] INFO  com.zaxxer.hikari.HikariDataSource                 - HikariPool-1 - Starting...
2023-04-15 16:01:51,230 [main] WARN  com.zaxxer.hikari.util.DriverDataSource            - Registered driver with driverClassName=com.mysql.jdbc.Driver was not found, trying direct instantiation.
2023-04-15 16:01:51,788 [main] INFO  com.zaxxer.hikari.HikariDataSource                 - HikariPool-1 - Start completed.
2023-04-15 16:01:51,869 [main] INFO  o.hibernate.jpa.internal.util.LogHelper            - HHH000204: Processing PersistenceUnitInfo [
	name: default
	...]
2023-04-15 16:01:52,093 [main] INFO  org.hibernate.Version                              - HHH000412: Hibernate Core {5.3.17.Final}
2023-04-15 16:01:52,094 [main] INFO  org.hibernate.cfg.Environment                      - HHH000206: hibernate.properties not found
2023-04-15 16:01:52,273 [main] INFO  org.hibernate.annotations.common.Version           - HCANN000001: Hibernate Commons Annotations {5.0.4.Final}
2023-04-15 16:01:52,428 [main] INFO  org.hibernate.dialect.Dialect                      - HHH000400: Using dialect: org.hibernate.dialect.MySQL5InnoDBDialect
2023-04-15 16:01:52,897 [main] INFO  org.hibernate.tuple.PojoInstantiator               - HHH000182: No default (no-argument) constructor for class: com.storemanagement.model.AdminUserEntity (class must be instantiated by Interceptor)
2023-04-15 16:01:53,259 [main] INFO  o.s.o.j.LocalContainerEntityManagerFactoryBean     - Initialized JPA EntityManagerFactory for persistence unit 'default'
2023-04-15 16:01:53,577 [main] INFO  o.h.h.i.QueryTranslatorFactoryInitiator            - HHH000397: Using ASTQueryTranslatorFactory
2023-04-15 16:01:54,291 [main] WARN  o.s.b.a.o.j.JpaBaseConfiguration$JpaWebConfiguration$JpaWebMvcConfiguration - spring.jpa.open-in-view is enabled by default. Therefore, database queries may be performed during view rendering. Explicitly configure spring.jpa.open-in-view to disable this warning
2023-04-15 16:01:54,733 [main] INFO  o.s.s.web.DefaultSecurityFilterChain               - Creating filter chain: Ant [pattern='/swagger-resources/**'], []
2023-04-15 16:01:54,733 [main] INFO  o.s.s.web.DefaultSecurityFilterChain               - Creating filter chain: Ant [pattern='/swagger-ui.html'], []
2023-04-15 16:01:54,818 [main] INFO  o.s.s.web.DefaultSecurityFilterChain               - Creating filter chain: any request, [org.springframework.security.web.context.request.async.WebAsyncManagerIntegrationFilter@3a286095, org.springframework.security.web.context.SecurityContextPersistenceFilter@46ef7340, org.springframework.security.web.header.HeaderWriterFilter@2a7b4bb6, org.springframework.security.web.authentication.logout.LogoutFilter@5183131d, com.storemanagement.configuration.JWTRequestFilter@14d513ca, org.springframework.security.web.savedrequest.RequestCacheAwareFilter@2fd409c1, org.springframework.security.web.servletapi.SecurityContextHolderAwareRequestFilter@1fc4b8d6, org.springframework.security.web.authentication.AnonymousAuthenticationFilter@26723525, org.springframework.security.web.session.SessionManagementFilter@14af57c3, org.springframework.security.web.access.ExceptionTranslationFilter@4d2f8ee7, org.springframework.security.web.access.intercept.FilterSecurityInterceptor@57f6fc09]
2023-04-15 16:01:55,594 [main] INFO  o.s.s.concurrent.ThreadPoolTaskExecutor            - Initializing ExecutorService 'applicationTaskExecutor'
2023-04-15 16:01:56,079 [main] INFO  s.d.s.w.p.DocumentationPluginsBootstrapper         - Context refreshed
2023-04-15 16:01:56,111 [main] INFO  s.d.s.w.p.DocumentationPluginsBootstrapper         - Found 1 custom documentation plugin(s)
2023-04-15 16:01:56,124 [main] INFO  s.d.s.w.s.ApiListingReferenceScanner               - Scanning for api listing references
2023-04-15 16:01:56,420 [main] INFO  s.d.s.w.r.o.CachingOperationNameGenerator          - Generating unique operation named: getCustomerUsingGET_1
2023-04-15 16:01:56,784 [Thread-1] INFO  o.s.s.concurrent.ThreadPoolTaskExecutor            - Shutting down ExecutorService 'applicationTaskExecutor'
2023-04-15 16:01:56,788 [Thread-1] INFO  o.s.o.j.LocalContainerEntityManagerFactoryBean     - Closing JPA EntityManagerFactory for persistence unit 'default'
2023-04-15 16:01:56,791 [Thread-1] INFO  com.zaxxer.hikari.HikariDataSource                 - HikariPool-1 - Shutdown initiated...
2023-04-15 16:01:56,808 [Thread-1] INFO  com.zaxxer.hikari.HikariDataSource                 - HikariPool-1 - Shutdown completed.
2023-04-15 16:02:05,310 [main] INFO  o.s.d.r.c.RepositoryConfigurationDelegate          - Bootstrapping Spring Data JPA repositories in DEFAULT mode.
2023-04-15 16:02:05,445 [main] INFO  o.s.d.r.c.RepositoryConfigurationDelegate          - Finished Spring Data repository scanning in 118ms. Found 3 JPA repository interfaces.
2023-04-15 16:02:06,731 [main] INFO  o.s.b.w.embedded.tomcat.TomcatWebServer            - Tomcat initialized with port(s): 9090 (http)
2023-04-15 16:02:06,759 [main] INFO  o.apache.coyote.http11.Http11NioProtocol           - Initializing ProtocolHandler ["http-nio-9090"]
2023-04-15 16:02:06,777 [main] INFO  org.apache.catalina.core.StandardService           - Starting service [Tomcat]
2023-04-15 16:02:06,778 [main] INFO  org.apache.catalina.core.StandardEngine            - Starting Servlet engine: [Apache Tomcat/9.0.36]
2023-04-15 16:02:06,912 [main] INFO  o.a.c.c.C.[Tomcat].[localhost].[/]                 - Initializing Spring embedded WebApplicationContext
2023-04-15 16:02:06,913 [main] INFO  o.s.web.context.ContextLoader                      - Root WebApplicationContext: initialization completed in 3202 ms
2023-04-15 16:02:07,215 [main] INFO  com.zaxxer.hikari.HikariDataSource                 - HikariPool-1 - Starting...
2023-04-15 16:02:07,222 [main] WARN  com.zaxxer.hikari.util.DriverDataSource            - Registered driver with driverClassName=com.mysql.jdbc.Driver was not found, trying direct instantiation.
2023-04-15 16:02:07,707 [main] INFO  com.zaxxer.hikari.HikariDataSource                 - HikariPool-1 - Start completed.
2023-04-15 16:02:07,786 [main] INFO  o.hibernate.jpa.internal.util.LogHelper            - HHH000204: Processing PersistenceUnitInfo [
	name: default
	...]
2023-04-15 16:02:08,003 [main] INFO  org.hibernate.Version                              - HHH000412: Hibernate Core {5.3.17.Final}
2023-04-15 16:02:08,006 [main] INFO  org.hibernate.cfg.Environment                      - HHH000206: hibernate.properties not found
2023-04-15 16:02:08,310 [main] INFO  org.hibernate.annotations.common.Version           - HCANN000001: Hibernate Commons Annotations {5.0.4.Final}
2023-04-15 16:02:08,652 [main] INFO  org.hibernate.dialect.Dialect                      - HHH000400: Using dialect: org.hibernate.dialect.MySQL5InnoDBDialect
2023-04-15 16:02:09,456 [main] INFO  org.hibernate.tuple.PojoInstantiator               - HHH000182: No default (no-argument) constructor for class: com.storemanagement.model.AdminUserEntity (class must be instantiated by Interceptor)
2023-04-15 16:02:10,127 [main] INFO  o.s.o.j.LocalContainerEntityManagerFactoryBean     - Initialized JPA EntityManagerFactory for persistence unit 'default'
2023-04-15 16:02:10,567 [main] INFO  o.h.h.i.QueryTranslatorFactoryInitiator            - HHH000397: Using ASTQueryTranslatorFactory
2023-04-15 16:02:11,288 [main] WARN  o.s.b.a.o.j.JpaBaseConfiguration$JpaWebConfiguration$JpaWebMvcConfiguration - spring.jpa.open-in-view is enabled by default. Therefore, database queries may be performed during view rendering. Explicitly configure spring.jpa.open-in-view to disable this warning
2023-04-15 16:02:11,736 [main] INFO  o.s.s.web.DefaultSecurityFilterChain               - Creating filter chain: Ant [pattern='/swagger-resources/**'], []
2023-04-15 16:02:11,736 [main] INFO  o.s.s.web.DefaultSecurityFilterChain               - Creating filter chain: Ant [pattern='/swagger-ui.html'], []
2023-04-15 16:02:11,780 [main] INFO  o.s.s.web.DefaultSecurityFilterChain               - Creating filter chain: any request, [org.springframework.security.web.context.request.async.WebAsyncManagerIntegrationFilter@4628fb42, org.springframework.security.web.context.SecurityContextPersistenceFilter@6770a553, org.springframework.security.web.header.HeaderWriterFilter@7909b90c, org.springframework.security.web.authentication.logout.LogoutFilter@6d1fac6e, com.storemanagement.configuration.JWTRequestFilter@508ac245, org.springframework.security.web.savedrequest.RequestCacheAwareFilter@65ed3daa, org.springframework.security.web.servletapi.SecurityContextHolderAwareRequestFilter@42cdf79, org.springframework.security.web.authentication.AnonymousAuthenticationFilter@4bf6b695, org.springframework.security.web.session.SessionManagementFilter@e6674ae, org.springframework.security.web.access.ExceptionTranslationFilter@23bb76d5, org.springframework.security.web.access.intercept.FilterSecurityInterceptor@738e1273]
2023-04-15 16:02:12,000 [main] INFO  o.s.s.concurrent.ThreadPoolTaskExecutor            - Initializing ExecutorService 'applicationTaskExecutor'
2023-04-15 16:02:12,313 [main] INFO  s.d.s.w.p.DocumentationPluginsBootstrapper         - Context refreshed
2023-04-15 16:02:12,342 [main] INFO  s.d.s.w.p.DocumentationPluginsBootstrapper         - Found 1 custom documentation plugin(s)
2023-04-15 16:02:12,354 [main] INFO  s.d.s.w.s.ApiListingReferenceScanner               - Scanning for api listing references
2023-04-15 16:02:12,584 [main] INFO  s.d.s.w.r.o.CachingOperationNameGenerator          - Generating unique operation named: getCustomerUsingGET_1
2023-04-15 16:02:12,662 [main] INFO  o.apache.coyote.http11.Http11NioProtocol           - Starting ProtocolHandler ["http-nio-9090"]
2023-04-15 16:02:12,722 [main] INFO  o.s.b.w.embedded.tomcat.TomcatWebServer            - Tomcat started on port(s): 9090 (http) with context path ''
2023-04-15 16:02:15,774 [http-nio-9090-exec-1] INFO  o.a.c.c.C.[Tomcat].[localhost].[/]                 - Initializing Spring DispatcherServlet 'dispatcherServlet'
2023-04-15 16:02:15,774 [http-nio-9090-exec-1] INFO  o.s.web.servlet.DispatcherServlet                  - Initializing Servlet 'dispatcherServlet'
2023-04-15 16:02:15,822 [http-nio-9090-exec-1] INFO  o.s.web.servlet.DispatcherServlet                  - Completed initialization in 48 ms
2023-04-15 16:05:08,474 [main] INFO  o.s.d.r.c.RepositoryConfigurationDelegate          - Bootstrapping Spring Data JPA repositories in DEFAULT mode.
2023-04-15 16:05:08,578 [main] INFO  o.s.d.r.c.RepositoryConfigurationDelegate          - Finished Spring Data repository scanning in 91ms. Found 3 JPA repository interfaces.
2023-04-15 16:05:09,399 [main] INFO  com.zaxxer.hikari.HikariDataSource                 - HikariPool-1 - Starting...
2023-04-15 16:05:09,403 [main] WARN  com.zaxxer.hikari.util.DriverDataSource            - Registered driver with driverClassName=com.mysql.jdbc.Driver was not found, trying direct instantiation.
2023-04-15 16:05:09,873 [main] INFO  com.zaxxer.hikari.HikariDataSource                 - HikariPool-1 - Start completed.
2023-04-15 16:05:09,940 [main] INFO  o.hibernate.jpa.internal.util.LogHelper            - HHH000204: Processing PersistenceUnitInfo [
	name: default
	...]
2023-04-15 16:05:10,029 [main] INFO  org.hibernate.Version                              - HHH000412: Hibernate Core {5.3.17.Final}
2023-04-15 16:05:10,030 [main] INFO  org.hibernate.cfg.Environment                      - HHH000206: hibernate.properties not found
2023-04-15 16:05:10,271 [main] INFO  org.hibernate.annotations.common.Version           - HCANN000001: Hibernate Commons Annotations {5.0.4.Final}
2023-04-15 16:05:10,433 [main] INFO  org.hibernate.dialect.Dialect                      - HHH000400: Using dialect: org.hibernate.dialect.MySQL5InnoDBDialect
2023-04-15 16:05:10,877 [main] INFO  org.hibernate.tuple.PojoInstantiator               - HHH000182: No default (no-argument) constructor for class: com.storemanagement.model.AdminUserEntity (class must be instantiated by Interceptor)
2023-04-15 16:05:11,208 [main] INFO  o.s.o.j.LocalContainerEntityManagerFactoryBean     - Initialized JPA EntityManagerFactory for persistence unit 'default'
2023-04-15 16:05:11,567 [main] INFO  o.h.h.i.QueryTranslatorFactoryInitiator            - HHH000397: Using ASTQueryTranslatorFactory
2023-04-15 16:05:12,318 [main] WARN  o.s.b.a.o.j.JpaBaseConfiguration$JpaWebConfiguration$JpaWebMvcConfiguration - spring.jpa.open-in-view is enabled by default. Therefore, database queries may be performed during view rendering. Explicitly configure spring.jpa.open-in-view to disable this warning
2023-04-15 16:05:12,596 [main] INFO  o.s.s.web.DefaultSecurityFilterChain               - Creating filter chain: Ant [pattern='/swagger-resources/**'], []
2023-04-15 16:05:12,596 [main] INFO  o.s.s.web.DefaultSecurityFilterChain               - Creating filter chain: Ant [pattern='/swagger-ui.html'], []
2023-04-15 16:05:12,665 [main] INFO  o.s.s.web.DefaultSecurityFilterChain               - Creating filter chain: any request, [org.springframework.security.web.context.request.async.WebAsyncManagerIntegrationFilter@5af7e2f, org.springframework.security.web.context.SecurityContextPersistenceFilter@47800bd7, org.springframework.security.web.header.HeaderWriterFilter@281028ce, org.springframework.security.web.authentication.logout.LogoutFilter@3b62c51e, com.storemanagement.configuration.JWTRequestFilter@7e615c6a, org.springframework.security.web.savedrequest.RequestCacheAwareFilter@3fe21d0e, org.springframework.security.web.servletapi.SecurityContextHolderAwareRequestFilter@6e627ab8, org.springframework.security.web.authentication.AnonymousAuthenticationFilter@2df24f19, org.springframework.security.web.session.SessionManagementFilter@1fc4b8d6, org.springframework.security.web.access.ExceptionTranslationFilter@7fa2473a, org.springframework.security.web.access.intercept.FilterSecurityInterceptor@26619e5]
2023-04-15 16:05:13,255 [main] INFO  o.s.s.concurrent.ThreadPoolTaskExecutor            - Initializing ExecutorService 'applicationTaskExecutor'
2023-04-15 16:05:13,582 [main] INFO  s.d.s.w.p.DocumentationPluginsBootstrapper         - Context refreshed
2023-04-15 16:05:13,600 [main] INFO  s.d.s.w.p.DocumentationPluginsBootstrapper         - Found 1 custom documentation plugin(s)
2023-04-15 16:05:13,609 [main] INFO  s.d.s.w.s.ApiListingReferenceScanner               - Scanning for api listing references
2023-04-15 16:05:13,792 [main] INFO  s.d.s.w.r.o.CachingOperationNameGenerator          - Generating unique operation named: getCustomerUsingGET_1
2023-04-15 16:05:14,070 [Thread-1] INFO  o.s.s.concurrent.ThreadPoolTaskExecutor            - Shutting down ExecutorService 'applicationTaskExecutor'
2023-04-15 16:05:14,075 [Thread-1] INFO  o.s.o.j.LocalContainerEntityManagerFactoryBean     - Closing JPA EntityManagerFactory for persistence unit 'default'
2023-04-15 16:05:14,077 [Thread-1] INFO  com.zaxxer.hikari.HikariDataSource                 - HikariPool-1 - Shutdown initiated...
2023-04-15 16:05:14,095 [Thread-1] INFO  com.zaxxer.hikari.HikariDataSource                 - HikariPool-1 - Shutdown completed.
2023-04-15 16:05:21,974 [main] INFO  o.s.d.r.c.RepositoryConfigurationDelegate          - Bootstrapping Spring Data JPA repositories in DEFAULT mode.
2023-04-15 16:05:22,115 [main] INFO  o.s.d.r.c.RepositoryConfigurationDelegate          - Finished Spring Data repository scanning in 121ms. Found 3 JPA repository interfaces.
2023-04-15 16:05:23,106 [main] INFO  o.s.b.w.embedded.tomcat.TomcatWebServer            - Tomcat initialized with port(s): 9090 (http)
2023-04-15 16:05:23,130 [main] INFO  o.apache.coyote.http11.Http11NioProtocol           - Initializing ProtocolHandler ["http-nio-9090"]
2023-04-15 16:05:23,146 [main] INFO  org.apache.catalina.core.StandardService           - Starting service [Tomcat]
2023-04-15 16:05:23,146 [main] INFO  org.apache.catalina.core.StandardEngine            - Starting Servlet engine: [Apache Tomcat/9.0.36]
2023-04-15 16:05:23,296 [main] INFO  o.a.c.c.C.[Tomcat].[localhost].[/]                 - Initializing Spring embedded WebApplicationContext
2023-04-15 16:05:23,297 [main] INFO  o.s.web.context.ContextLoader                      - Root WebApplicationContext: initialization completed in 3024 ms
2023-04-15 16:05:23,642 [main] INFO  com.zaxxer.hikari.HikariDataSource                 - HikariPool-1 - Starting...
2023-04-15 16:05:23,650 [main] WARN  com.zaxxer.hikari.util.DriverDataSource            - Registered driver with driverClassName=com.mysql.jdbc.Driver was not found, trying direct instantiation.
2023-04-15 16:05:24,087 [main] INFO  com.zaxxer.hikari.HikariDataSource                 - HikariPool-1 - Start completed.
2023-04-15 16:05:24,162 [main] INFO  o.hibernate.jpa.internal.util.LogHelper            - HHH000204: Processing PersistenceUnitInfo [
	name: default
	...]
2023-04-15 16:05:24,381 [main] INFO  org.hibernate.Version                              - HHH000412: Hibernate Core {5.3.17.Final}
2023-04-15 16:05:24,383 [main] INFO  org.hibernate.cfg.Environment                      - HHH000206: hibernate.properties not found
2023-04-15 16:05:24,606 [main] INFO  org.hibernate.annotations.common.Version           - HCANN000001: Hibernate Commons Annotations {5.0.4.Final}
2023-04-15 16:05:24,844 [main] INFO  org.hibernate.dialect.Dialect                      - HHH000400: Using dialect: org.hibernate.dialect.MySQL5InnoDBDialect
2023-04-15 16:05:25,502 [main] INFO  org.hibernate.tuple.PojoInstantiator               - HHH000182: No default (no-argument) constructor for class: com.storemanagement.model.AdminUserEntity (class must be instantiated by Interceptor)
2023-04-15 16:05:26,143 [main] INFO  o.s.o.j.LocalContainerEntityManagerFactoryBean     - Initialized JPA EntityManagerFactory for persistence unit 'default'
2023-04-15 16:05:26,432 [main] INFO  o.h.h.i.QueryTranslatorFactoryInitiator            - HHH000397: Using ASTQueryTranslatorFactory
2023-04-15 16:05:27,129 [main] WARN  o.s.b.a.o.j.JpaBaseConfiguration$JpaWebConfiguration$JpaWebMvcConfiguration - spring.jpa.open-in-view is enabled by default. Therefore, database queries may be performed during view rendering. Explicitly configure spring.jpa.open-in-view to disable this warning
2023-04-15 16:05:27,444 [main] INFO  o.s.s.web.DefaultSecurityFilterChain               - Creating filter chain: Ant [pattern='/swagger-resources/**'], []
2023-04-15 16:05:27,444 [main] INFO  o.s.s.web.DefaultSecurityFilterChain               - Creating filter chain: Ant [pattern='/swagger-ui.html'], []
2023-04-15 16:05:27,483 [main] INFO  o.s.s.web.DefaultSecurityFilterChain               - Creating filter chain: any request, [org.springframework.security.web.context.request.async.WebAsyncManagerIntegrationFilter@512bd3fa, org.springframework.security.web.context.SecurityContextPersistenceFilter@76287414, org.springframework.security.web.header.HeaderWriterFilter@1f2d0aed, org.springframework.security.web.authentication.logout.LogoutFilter@5156d472, com.storemanagement.configuration.JWTRequestFilter@41037b8a, org.springframework.security.web.savedrequest.RequestCacheAwareFilter@24e1a09c, org.springframework.security.web.servletapi.SecurityContextHolderAwareRequestFilter@3b308a92, org.springframework.security.web.authentication.AnonymousAuthenticationFilter@23939fe1, org.springframework.security.web.session.SessionManagementFilter@18868624, org.springframework.security.web.access.ExceptionTranslationFilter@c7692b1, org.springframework.security.web.access.intercept.FilterSecurityInterceptor@577d0916]
2023-04-15 16:05:27,695 [main] INFO  o.s.s.concurrent.ThreadPoolTaskExecutor            - Initializing ExecutorService 'applicationTaskExecutor'
2023-04-15 16:05:27,955 [main] INFO  s.d.s.w.p.DocumentationPluginsBootstrapper         - Context refreshed
2023-04-15 16:05:27,982 [main] INFO  s.d.s.w.p.DocumentationPluginsBootstrapper         - Found 1 custom documentation plugin(s)
2023-04-15 16:05:27,993 [main] INFO  s.d.s.w.s.ApiListingReferenceScanner               - Scanning for api listing references
2023-04-15 16:05:28,190 [main] INFO  s.d.s.w.r.o.CachingOperationNameGenerator          - Generating unique operation named: getCustomerUsingGET_1
2023-04-15 16:05:28,254 [main] INFO  o.apache.coyote.http11.Http11NioProtocol           - Starting ProtocolHandler ["http-nio-9090"]
2023-04-15 16:05:28,296 [main] INFO  o.s.b.w.embedded.tomcat.TomcatWebServer            - Tomcat started on port(s): 9090 (http) with context path ''
2023-04-15 16:05:37,387 [http-nio-9090-exec-2] INFO  o.a.c.c.C.[Tomcat].[localhost].[/]                 - Initializing Spring DispatcherServlet 'dispatcherServlet'
2023-04-15 16:05:37,387 [http-nio-9090-exec-2] INFO  o.s.web.servlet.DispatcherServlet                  - Initializing Servlet 'dispatcherServlet'
2023-04-15 16:05:37,399 [http-nio-9090-exec-2] INFO  o.s.web.servlet.DispatcherServlet                  - Completed initialization in 12 ms
2023-04-15 16:10:07,395 [main] INFO  o.s.d.r.c.RepositoryConfigurationDelegate          - Bootstrapping Spring Data JPA repositories in DEFAULT mode.
2023-04-15 16:10:07,491 [main] INFO  o.s.d.r.c.RepositoryConfigurationDelegate          - Finished Spring Data repository scanning in 85ms. Found 3 JPA repository interfaces.
2023-04-15 16:10:08,327 [main] INFO  com.zaxxer.hikari.HikariDataSource                 - HikariPool-1 - Starting...
2023-04-15 16:10:08,332 [main] WARN  com.zaxxer.hikari.util.DriverDataSource            - Registered driver with driverClassName=com.mysql.jdbc.Driver was not found, trying direct instantiation.
2023-04-15 16:10:08,792 [main] INFO  com.zaxxer.hikari.HikariDataSource                 - HikariPool-1 - Start completed.
2023-04-15 16:10:08,869 [main] INFO  o.hibernate.jpa.internal.util.LogHelper            - HHH000204: Processing PersistenceUnitInfo [
	name: default
	...]
2023-04-15 16:10:08,963 [main] INFO  org.hibernate.Version                              - HHH000412: Hibernate Core {5.3.17.Final}
2023-04-15 16:10:08,967 [main] INFO  org.hibernate.cfg.Environment                      - HHH000206: hibernate.properties not found
2023-04-15 16:10:09,181 [main] INFO  org.hibernate.annotations.common.Version           - HCANN000001: Hibernate Commons Annotations {5.0.4.Final}
2023-04-15 16:10:09,326 [main] INFO  org.hibernate.dialect.Dialect                      - HHH000400: Using dialect: org.hibernate.dialect.MySQL5InnoDBDialect
2023-04-15 16:10:09,799 [main] INFO  org.hibernate.tuple.PojoInstantiator               - HHH000182: No default (no-argument) constructor for class: com.storemanagement.model.AdminUserEntity (class must be instantiated by Interceptor)
2023-04-15 16:10:10,117 [main] INFO  o.s.o.j.LocalContainerEntityManagerFactoryBean     - Initialized JPA EntityManagerFactory for persistence unit 'default'
2023-04-15 16:10:10,392 [main] INFO  o.h.h.i.QueryTranslatorFactoryInitiator            - HHH000397: Using ASTQueryTranslatorFactory
2023-04-15 16:10:11,049 [main] WARN  o.s.b.a.o.j.JpaBaseConfiguration$JpaWebConfiguration$JpaWebMvcConfiguration - spring.jpa.open-in-view is enabled by default. Therefore, database queries may be performed during view rendering. Explicitly configure spring.jpa.open-in-view to disable this warning
2023-04-15 16:10:11,318 [main] INFO  o.s.s.web.DefaultSecurityFilterChain               - Creating filter chain: Ant [pattern='/swagger-resources/**'], []
2023-04-15 16:10:11,318 [main] INFO  o.s.s.web.DefaultSecurityFilterChain               - Creating filter chain: Ant [pattern='/swagger-ui.html'], []
2023-04-15 16:10:11,390 [main] INFO  o.s.s.web.DefaultSecurityFilterChain               - Creating filter chain: any request, [org.springframework.security.web.context.request.async.WebAsyncManagerIntegrationFilter@c76762, org.springframework.security.web.context.SecurityContextPersistenceFilter@212be8c, org.springframework.security.web.header.HeaderWriterFilter@75caecf7, org.springframework.security.web.authentication.logout.LogoutFilter@7dc9b41a, com.storemanagement.configuration.JWTRequestFilter@33845e3d, org.springframework.security.web.savedrequest.RequestCacheAwareFilter@a0e35c3, org.springframework.security.web.servletapi.SecurityContextHolderAwareRequestFilter@496004e3, org.springframework.security.web.authentication.AnonymousAuthenticationFilter@5318731f, org.springframework.security.web.session.SessionManagementFilter@2dbc66f0, org.springframework.security.web.access.ExceptionTranslationFilter@3d67e3d3, org.springframework.security.web.access.intercept.FilterSecurityInterceptor@6a4238ff]
2023-04-15 16:10:11,932 [main] INFO  o.s.s.concurrent.ThreadPoolTaskExecutor            - Initializing ExecutorService 'applicationTaskExecutor'
2023-04-15 16:10:12,420 [main] INFO  s.d.s.w.p.DocumentationPluginsBootstrapper         - Context refreshed
2023-04-15 16:10:12,481 [main] INFO  s.d.s.w.p.DocumentationPluginsBootstrapper         - Found 1 custom documentation plugin(s)
2023-04-15 16:10:12,493 [main] INFO  s.d.s.w.s.ApiListingReferenceScanner               - Scanning for api listing references
2023-04-15 16:10:12,659 [main] INFO  s.d.s.w.r.o.CachingOperationNameGenerator          - Generating unique operation named: getCustomerUsingGET_1
2023-04-15 16:10:12,878 [Thread-1] INFO  o.s.s.concurrent.ThreadPoolTaskExecutor            - Shutting down ExecutorService 'applicationTaskExecutor'
2023-04-15 16:10:12,909 [Thread-1] INFO  o.s.o.j.LocalContainerEntityManagerFactoryBean     - Closing JPA EntityManagerFactory for persistence unit 'default'
2023-04-15 16:10:12,911 [Thread-1] INFO  com.zaxxer.hikari.HikariDataSource                 - HikariPool-1 - Shutdown initiated...
2023-04-15 16:10:12,932 [Thread-1] INFO  com.zaxxer.hikari.HikariDataSource                 - HikariPool-1 - Shutdown completed.
2023-04-15 16:10:22,274 [main] INFO  o.s.d.r.c.RepositoryConfigurationDelegate          - Bootstrapping Spring Data JPA repositories in DEFAULT mode.
2023-04-15 16:10:22,543 [main] INFO  o.s.d.r.c.RepositoryConfigurationDelegate          - Finished Spring Data repository scanning in 238ms. Found 3 JPA repository interfaces.
2023-04-15 16:10:23,827 [main] INFO  o.s.b.w.embedded.tomcat.TomcatWebServer            - Tomcat initialized with port(s): 9090 (http)
2023-04-15 16:10:23,857 [main] INFO  o.apache.coyote.http11.Http11NioProtocol           - Initializing ProtocolHandler ["http-nio-9090"]
2023-04-15 16:10:23,877 [main] INFO  org.apache.catalina.core.StandardService           - Starting service [Tomcat]
2023-04-15 16:10:23,877 [main] INFO  org.apache.catalina.core.StandardEngine            - Starting Servlet engine: [Apache Tomcat/9.0.36]
2023-04-15 16:10:24,013 [main] INFO  o.a.c.c.C.[Tomcat].[localhost].[/]                 - Initializing Spring embedded WebApplicationContext
2023-04-15 16:10:24,014 [main] INFO  o.s.web.context.ContextLoader                      - Root WebApplicationContext: initialization completed in 3688 ms
2023-04-15 16:10:24,328 [main] INFO  com.zaxxer.hikari.HikariDataSource                 - HikariPool-1 - Starting...
2023-04-15 16:10:24,342 [main] WARN  com.zaxxer.hikari.util.DriverDataSource            - Registered driver with driverClassName=com.mysql.jdbc.Driver was not found, trying direct instantiation.
2023-04-15 16:10:25,109 [main] INFO  com.zaxxer.hikari.HikariDataSource                 - HikariPool-1 - Start completed.
2023-04-15 16:10:25,211 [main] INFO  o.hibernate.jpa.internal.util.LogHelper            - HHH000204: Processing PersistenceUnitInfo [
	name: default
	...]
2023-04-15 16:10:25,530 [main] INFO  org.hibernate.Version                              - HHH000412: Hibernate Core {5.3.17.Final}
2023-04-15 16:10:25,566 [main] INFO  org.hibernate.cfg.Environment                      - HHH000206: hibernate.properties not found
2023-04-15 16:10:26,070 [main] INFO  org.hibernate.annotations.common.Version           - HCANN000001: Hibernate Commons Annotations {5.0.4.Final}
2023-04-15 16:10:26,357 [main] INFO  org.hibernate.dialect.Dialect                      - HHH000400: Using dialect: org.hibernate.dialect.MySQL5InnoDBDialect
2023-04-15 16:10:27,170 [main] INFO  org.hibernate.tuple.PojoInstantiator               - HHH000182: No default (no-argument) constructor for class: com.storemanagement.model.AdminUserEntity (class must be instantiated by Interceptor)
2023-04-15 16:10:27,859 [main] INFO  o.s.o.j.LocalContainerEntityManagerFactoryBean     - Initialized JPA EntityManagerFactory for persistence unit 'default'
2023-04-15 16:10:28,194 [main] INFO  o.h.h.i.QueryTranslatorFactoryInitiator            - HHH000397: Using ASTQueryTranslatorFactory
2023-04-15 16:10:29,205 [main] WARN  o.s.b.a.o.j.JpaBaseConfiguration$JpaWebConfiguration$JpaWebMvcConfiguration - spring.jpa.open-in-view is enabled by default. Therefore, database queries may be performed during view rendering. Explicitly configure spring.jpa.open-in-view to disable this warning
2023-04-15 16:10:29,522 [main] INFO  o.s.s.web.DefaultSecurityFilterChain               - Creating filter chain: Ant [pattern='/swagger-resources/**'], []
2023-04-15 16:10:29,522 [main] INFO  o.s.s.web.DefaultSecurityFilterChain               - Creating filter chain: Ant [pattern='/swagger-ui.html'], []
2023-04-15 16:10:29,570 [main] INFO  o.s.s.web.DefaultSecurityFilterChain               - Creating filter chain: any request, [org.springframework.security.web.context.request.async.WebAsyncManagerIntegrationFilter@76a5bb15, org.springframework.security.web.context.SecurityContextPersistenceFilter@7f2a6c32, org.springframework.security.web.header.HeaderWriterFilter@ae29b4b, org.springframework.security.web.authentication.logout.LogoutFilter@67a0d5f3, com.storemanagement.configuration.JWTRequestFilter@5113001d, org.springframework.security.web.savedrequest.RequestCacheAwareFilter@26678304, org.springframework.security.web.servletapi.SecurityContextHolderAwareRequestFilter@26cfe8ef, org.springframework.security.web.authentication.AnonymousAuthenticationFilter@72817c68, org.springframework.security.web.session.SessionManagementFilter@3d2984b2, org.springframework.security.web.access.ExceptionTranslationFilter@6cc253ee, org.springframework.security.web.access.intercept.FilterSecurityInterceptor@b19e6b5]
2023-04-15 16:10:29,988 [main] INFO  o.s.s.concurrent.ThreadPoolTaskExecutor            - Initializing ExecutorService 'applicationTaskExecutor'
2023-04-15 16:10:30,263 [main] INFO  s.d.s.w.p.DocumentationPluginsBootstrapper         - Context refreshed
2023-04-15 16:10:30,293 [main] INFO  s.d.s.w.p.DocumentationPluginsBootstrapper         - Found 1 custom documentation plugin(s)
2023-04-15 16:10:30,317 [main] INFO  s.d.s.w.s.ApiListingReferenceScanner               - Scanning for api listing references
2023-04-15 16:10:30,557 [main] INFO  s.d.s.w.r.o.CachingOperationNameGenerator          - Generating unique operation named: getCustomerUsingGET_1
2023-04-15 16:10:30,626 [main] INFO  o.apache.coyote.http11.Http11NioProtocol           - Starting ProtocolHandler ["http-nio-9090"]
2023-04-15 16:10:30,675 [main] INFO  o.s.b.w.embedded.tomcat.TomcatWebServer            - Tomcat started on port(s): 9090 (http) with context path ''
2023-04-15 16:10:32,292 [http-nio-9090-exec-1] INFO  o.a.c.c.C.[Tomcat].[localhost].[/]                 - Initializing Spring DispatcherServlet 'dispatcherServlet'
2023-04-15 16:10:32,292 [http-nio-9090-exec-1] INFO  o.s.web.servlet.DispatcherServlet                  - Initializing Servlet 'dispatcherServlet'
2023-04-15 16:10:32,304 [http-nio-9090-exec-1] INFO  o.s.web.servlet.DispatcherServlet                  - Completed initialization in 12 ms
2023-04-15 16:12:18,859 [main] INFO  o.s.d.r.c.RepositoryConfigurationDelegate          - Bootstrapping Spring Data JPA repositories in DEFAULT mode.
2023-04-15 16:12:18,952 [main] INFO  o.s.d.r.c.RepositoryConfigurationDelegate          - Finished Spring Data repository scanning in 79ms. Found 3 JPA repository interfaces.
2023-04-15 16:12:19,727 [main] INFO  com.zaxxer.hikari.HikariDataSource                 - HikariPool-1 - Starting...
2023-04-15 16:12:19,727 [main] WARN  com.zaxxer.hikari.util.DriverDataSource            - Registered driver with driverClassName=com.mysql.jdbc.Driver was not found, trying direct instantiation.
2023-04-15 16:12:20,183 [main] INFO  com.zaxxer.hikari.HikariDataSource                 - HikariPool-1 - Start completed.
2023-04-15 16:12:20,262 [main] INFO  o.hibernate.jpa.internal.util.LogHelper            - HHH000204: Processing PersistenceUnitInfo [
	name: default
	...]
2023-04-15 16:12:20,340 [main] INFO  org.hibernate.Version                              - HHH000412: Hibernate Core {5.3.17.Final}
2023-04-15 16:12:20,374 [main] INFO  org.hibernate.cfg.Environment                      - HHH000206: hibernate.properties not found
2023-04-15 16:12:20,599 [main] INFO  org.hibernate.annotations.common.Version           - HCANN000001: Hibernate Commons Annotations {5.0.4.Final}
2023-04-15 16:12:20,752 [main] INFO  org.hibernate.dialect.Dialect                      - HHH000400: Using dialect: org.hibernate.dialect.MySQL5InnoDBDialect
2023-04-15 16:12:21,161 [main] INFO  org.hibernate.tuple.PojoInstantiator               - HHH000182: No default (no-argument) constructor for class: com.storemanagement.model.AdminUserEntity (class must be instantiated by Interceptor)
2023-04-15 16:12:21,489 [main] INFO  o.s.o.j.LocalContainerEntityManagerFactoryBean     - Initialized JPA EntityManagerFactory for persistence unit 'default'
2023-04-15 16:12:21,819 [main] INFO  o.h.h.i.QueryTranslatorFactoryInitiator            - HHH000397: Using ASTQueryTranslatorFactory
2023-04-15 16:12:22,575 [main] WARN  o.s.b.a.o.j.JpaBaseConfiguration$JpaWebConfiguration$JpaWebMvcConfiguration - spring.jpa.open-in-view is enabled by default. Therefore, database queries may be performed during view rendering. Explicitly configure spring.jpa.open-in-view to disable this warning
2023-04-15 16:12:22,840 [main] INFO  o.s.s.web.DefaultSecurityFilterChain               - Creating filter chain: Ant [pattern='/swagger-resources/**'], []
2023-04-15 16:12:22,840 [main] INFO  o.s.s.web.DefaultSecurityFilterChain               - Creating filter chain: Ant [pattern='/swagger-ui.html'], []
2023-04-15 16:12:22,904 [main] INFO  o.s.s.web.DefaultSecurityFilterChain               - Creating filter chain: any request, [org.springframework.security.web.context.request.async.WebAsyncManagerIntegrationFilter@5af7e2f, org.springframework.security.web.context.SecurityContextPersistenceFilter@47800bd7, org.springframework.security.web.header.HeaderWriterFilter@281028ce, org.springframework.security.web.authentication.logout.LogoutFilter@3b62c51e, com.storemanagement.configuration.JWTRequestFilter@c79915a, org.springframework.security.web.savedrequest.RequestCacheAwareFilter@3fe21d0e, org.springframework.security.web.servletapi.SecurityContextHolderAwareRequestFilter@6e627ab8, org.springframework.security.web.authentication.AnonymousAuthenticationFilter@2df24f19, org.springframework.security.web.session.SessionManagementFilter@1fc4b8d6, org.springframework.security.web.access.ExceptionTranslationFilter@7fa2473a, org.springframework.security.web.access.intercept.FilterSecurityInterceptor@26619e5]
2023-04-15 16:12:23,372 [main] INFO  o.s.s.concurrent.ThreadPoolTaskExecutor            - Initializing ExecutorService 'applicationTaskExecutor'
2023-04-15 16:12:23,710 [main] INFO  s.d.s.w.p.DocumentationPluginsBootstrapper         - Context refreshed
2023-04-15 16:12:23,729 [main] INFO  s.d.s.w.p.DocumentationPluginsBootstrapper         - Found 1 custom documentation plugin(s)
2023-04-15 16:12:23,738 [main] INFO  s.d.s.w.s.ApiListingReferenceScanner               - Scanning for api listing references
2023-04-15 16:12:23,904 [main] INFO  s.d.s.w.r.o.CachingOperationNameGenerator          - Generating unique operation named: getCustomerUsingGET_1
2023-04-15 16:12:24,131 [Thread-1] INFO  o.s.s.concurrent.ThreadPoolTaskExecutor            - Shutting down ExecutorService 'applicationTaskExecutor'
2023-04-15 16:12:24,134 [Thread-1] INFO  o.s.o.j.LocalContainerEntityManagerFactoryBean     - Closing JPA EntityManagerFactory for persistence unit 'default'
2023-04-15 16:12:24,136 [Thread-1] INFO  com.zaxxer.hikari.HikariDataSource                 - HikariPool-1 - Shutdown initiated...
2023-04-15 16:12:24,152 [Thread-1] INFO  com.zaxxer.hikari.HikariDataSource                 - HikariPool-1 - Shutdown completed.
2023-04-15 16:12:31,718 [main] INFO  o.s.d.r.c.RepositoryConfigurationDelegate          - Bootstrapping Spring Data JPA repositories in DEFAULT mode.
2023-04-15 16:12:31,842 [main] INFO  o.s.d.r.c.RepositoryConfigurationDelegate          - Finished Spring Data repository scanning in 106ms. Found 3 JPA repository interfaces.
2023-04-15 16:12:32,842 [main] INFO  o.s.b.w.embedded.tomcat.TomcatWebServer            - Tomcat initialized with port(s): 9090 (http)
2023-04-15 16:12:32,867 [main] INFO  o.apache.coyote.http11.Http11NioProtocol           - Initializing ProtocolHandler ["http-nio-9090"]
2023-04-15 16:12:32,882 [main] INFO  org.apache.catalina.core.StandardService           - Starting service [Tomcat]
2023-04-15 16:12:32,882 [main] INFO  org.apache.catalina.core.StandardEngine            - Starting Servlet engine: [Apache Tomcat/9.0.36]
2023-04-15 16:12:33,010 [main] INFO  o.a.c.c.C.[Tomcat].[localhost].[/]                 - Initializing Spring embedded WebApplicationContext
2023-04-15 16:12:33,010 [main] INFO  o.s.web.context.ContextLoader                      - Root WebApplicationContext: initialization completed in 2751 ms
2023-04-15 16:12:33,281 [main] INFO  com.zaxxer.hikari.HikariDataSource                 - HikariPool-1 - Starting...
2023-04-15 16:12:33,287 [main] WARN  com.zaxxer.hikari.util.DriverDataSource            - Registered driver with driverClassName=com.mysql.jdbc.Driver was not found, trying direct instantiation.
2023-04-15 16:12:33,682 [main] INFO  com.zaxxer.hikari.HikariDataSource                 - HikariPool-1 - Start completed.
2023-04-15 16:12:33,776 [main] INFO  o.hibernate.jpa.internal.util.LogHelper            - HHH000204: Processing PersistenceUnitInfo [
	name: default
	...]
2023-04-15 16:12:34,004 [main] INFO  org.hibernate.Version                              - HHH000412: Hibernate Core {5.3.17.Final}
2023-04-15 16:12:34,007 [main] INFO  org.hibernate.cfg.Environment                      - HHH000206: hibernate.properties not found
2023-04-15 16:12:34,216 [main] INFO  org.hibernate.annotations.common.Version           - HCANN000001: Hibernate Commons Annotations {5.0.4.Final}
2023-04-15 16:12:34,457 [main] INFO  org.hibernate.dialect.Dialect                      - HHH000400: Using dialect: org.hibernate.dialect.MySQL5InnoDBDialect
2023-04-15 16:12:35,071 [main] INFO  org.hibernate.tuple.PojoInstantiator               - HHH000182: No default (no-argument) constructor for class: com.storemanagement.model.AdminUserEntity (class must be instantiated by Interceptor)
2023-04-15 16:12:35,622 [main] INFO  o.s.o.j.LocalContainerEntityManagerFactoryBean     - Initialized JPA EntityManagerFactory for persistence unit 'default'
2023-04-15 16:12:35,939 [main] INFO  o.h.h.i.QueryTranslatorFactoryInitiator            - HHH000397: Using ASTQueryTranslatorFactory
2023-04-15 16:12:36,767 [main] WARN  o.s.b.a.o.j.JpaBaseConfiguration$JpaWebConfiguration$JpaWebMvcConfiguration - spring.jpa.open-in-view is enabled by default. Therefore, database queries may be performed during view rendering. Explicitly configure spring.jpa.open-in-view to disable this warning
2023-04-15 16:12:37,207 [main] INFO  o.s.s.web.DefaultSecurityFilterChain               - Creating filter chain: Ant [pattern='/swagger-resources/**'], []
2023-04-15 16:12:37,207 [main] INFO  o.s.s.web.DefaultSecurityFilterChain               - Creating filter chain: Ant [pattern='/swagger-ui.html'], []
2023-04-15 16:12:37,246 [main] INFO  o.s.s.web.DefaultSecurityFilterChain               - Creating filter chain: any request, [org.springframework.security.web.context.request.async.WebAsyncManagerIntegrationFilter@29aae2a1, org.springframework.security.web.context.SecurityContextPersistenceFilter@10224fc2, org.springframework.security.web.header.HeaderWriterFilter@33581f49, org.springframework.security.web.authentication.logout.LogoutFilter@2885d103, com.storemanagement.configuration.JWTRequestFilter@46c87e36, org.springframework.security.web.savedrequest.RequestCacheAwareFilter@1b455e34, org.springframework.security.web.servletapi.SecurityContextHolderAwareRequestFilter@a3f3782, org.springframework.security.web.authentication.AnonymousAuthenticationFilter@b2f2ea7, org.springframework.security.web.session.SessionManagementFilter@48af9b18, org.springframework.security.web.access.ExceptionTranslationFilter@27ce34d1, org.springframework.security.web.access.intercept.FilterSecurityInterceptor@66d7fe15]
2023-04-15 16:12:37,491 [main] INFO  o.s.s.concurrent.ThreadPoolTaskExecutor            - Initializing ExecutorService 'applicationTaskExecutor'
2023-04-15 16:12:37,763 [main] INFO  s.d.s.w.p.DocumentationPluginsBootstrapper         - Context refreshed
2023-04-15 16:12:37,793 [main] INFO  s.d.s.w.p.DocumentationPluginsBootstrapper         - Found 1 custom documentation plugin(s)
2023-04-15 16:12:37,804 [main] INFO  s.d.s.w.s.ApiListingReferenceScanner               - Scanning for api listing references
2023-04-15 16:12:38,000 [main] INFO  s.d.s.w.r.o.CachingOperationNameGenerator          - Generating unique operation named: getCustomerUsingGET_1
2023-04-15 16:12:38,050 [main] INFO  o.apache.coyote.http11.Http11NioProtocol           - Starting ProtocolHandler ["http-nio-9090"]
2023-04-15 16:12:38,094 [main] INFO  o.s.b.w.embedded.tomcat.TomcatWebServer            - Tomcat started on port(s): 9090 (http) with context path ''
2023-04-15 16:13:10,012 [http-nio-9090-exec-1] INFO  o.a.c.c.C.[Tomcat].[localhost].[/]                 - Initializing Spring DispatcherServlet 'dispatcherServlet'
2023-04-15 16:13:10,012 [http-nio-9090-exec-1] INFO  o.s.web.servlet.DispatcherServlet                  - Initializing Servlet 'dispatcherServlet'
2023-04-15 16:13:10,025 [http-nio-9090-exec-1] INFO  o.s.web.servlet.DispatcherServlet                  - Completed initialization in 13 ms
2023-04-15 16:29:04,148 [main] INFO  o.s.d.r.c.RepositoryConfigurationDelegate          - Bootstrapping Spring Data JPA repositories in DEFAULT mode.
2023-04-15 16:29:04,253 [main] INFO  o.s.d.r.c.RepositoryConfigurationDelegate          - Finished Spring Data repository scanning in 89ms. Found 3 JPA repository interfaces.
2023-04-15 16:29:05,062 [main] INFO  com.zaxxer.hikari.HikariDataSource                 - HikariPool-1 - Starting...
2023-04-15 16:29:05,066 [main] WARN  com.zaxxer.hikari.util.DriverDataSource            - Registered driver with driverClassName=com.mysql.jdbc.Driver was not found, trying direct instantiation.
2023-04-15 16:29:05,553 [main] INFO  com.zaxxer.hikari.HikariDataSource                 - HikariPool-1 - Start completed.
2023-04-15 16:29:05,642 [main] INFO  o.hibernate.jpa.internal.util.LogHelper            - HHH000204: Processing PersistenceUnitInfo [
	name: default
	...]
2023-04-15 16:29:05,869 [main] INFO  org.hibernate.Version                              - HHH000412: Hibernate Core {5.3.17.Final}
2023-04-15 16:29:05,870 [main] INFO  org.hibernate.cfg.Environment                      - HHH000206: hibernate.properties not found
2023-04-15 16:29:06,111 [main] INFO  org.hibernate.annotations.common.Version           - HCANN000001: Hibernate Commons Annotations {5.0.4.Final}
2023-04-15 16:29:06,327 [main] INFO  org.hibernate.dialect.Dialect                      - HHH000400: Using dialect: org.hibernate.dialect.MySQL5InnoDBDialect
2023-04-15 16:29:06,766 [main] INFO  org.hibernate.tuple.PojoInstantiator               - HHH000182: No default (no-argument) constructor for class: com.storemanagement.model.AdminUserEntity (class must be instantiated by Interceptor)
2023-04-15 16:29:07,133 [main] INFO  o.s.o.j.LocalContainerEntityManagerFactoryBean     - Initialized JPA EntityManagerFactory for persistence unit 'default'
2023-04-15 16:29:07,466 [main] INFO  o.h.h.i.QueryTranslatorFactoryInitiator            - HHH000397: Using ASTQueryTranslatorFactory
2023-04-15 16:29:08,200 [main] WARN  o.s.b.a.o.j.JpaBaseConfiguration$JpaWebConfiguration$JpaWebMvcConfiguration - spring.jpa.open-in-view is enabled by default. Therefore, database queries may be performed during view rendering. Explicitly configure spring.jpa.open-in-view to disable this warning
2023-04-15 16:29:08,489 [main] INFO  o.s.s.web.DefaultSecurityFilterChain               - Creating filter chain: Ant [pattern='/swagger-resources/**'], []
2023-04-15 16:29:08,489 [main] INFO  o.s.s.web.DefaultSecurityFilterChain               - Creating filter chain: Ant [pattern='/swagger-ui.html'], []
2023-04-15 16:29:08,562 [main] INFO  o.s.s.web.DefaultSecurityFilterChain               - Creating filter chain: any request, [org.springframework.security.web.context.request.async.WebAsyncManagerIntegrationFilter@80b70fd, org.springframework.security.web.context.SecurityContextPersistenceFilter@7d381eae, org.springframework.security.web.header.HeaderWriterFilter@2aeb3f3b, org.springframework.security.web.authentication.logout.LogoutFilter@1ae90cb9, com.storemanagement.configuration.JWTRequestFilter@4e35a219, org.springframework.security.web.savedrequest.RequestCacheAwareFilter@212be8c, org.springframework.security.web.servletapi.SecurityContextHolderAwareRequestFilter@f9979cf, org.springframework.security.web.authentication.AnonymousAuthenticationFilter@5af7e2f, org.springframework.security.web.session.SessionManagementFilter@11a29c0, org.springframework.security.web.access.ExceptionTranslationFilter@1c76b2fe, org.springframework.security.web.access.intercept.FilterSecurityInterceptor@4cf1bd4a]
2023-04-15 16:29:09,107 [main] INFO  o.s.s.concurrent.ThreadPoolTaskExecutor            - Initializing ExecutorService 'applicationTaskExecutor'
2023-04-15 16:29:09,469 [main] INFO  s.d.s.w.p.DocumentationPluginsBootstrapper         - Context refreshed
2023-04-15 16:29:09,492 [main] INFO  s.d.s.w.p.DocumentationPluginsBootstrapper         - Found 1 custom documentation plugin(s)
2023-04-15 16:29:09,501 [main] INFO  s.d.s.w.s.ApiListingReferenceScanner               - Scanning for api listing references
2023-04-15 16:29:09,681 [main] INFO  s.d.s.w.r.o.CachingOperationNameGenerator          - Generating unique operation named: getCustomerUsingGET_1
2023-04-15 16:29:09,908 [Thread-1] INFO  o.s.s.concurrent.ThreadPoolTaskExecutor            - Shutting down ExecutorService 'applicationTaskExecutor'
2023-04-15 16:29:09,923 [Thread-1] INFO  o.s.o.j.LocalContainerEntityManagerFactoryBean     - Closing JPA EntityManagerFactory for persistence unit 'default'
2023-04-15 16:29:09,925 [Thread-1] INFO  com.zaxxer.hikari.HikariDataSource                 - HikariPool-1 - Shutdown initiated...
2023-04-15 16:29:09,939 [Thread-1] INFO  com.zaxxer.hikari.HikariDataSource                 - HikariPool-1 - Shutdown completed.
2023-04-15 16:29:17,884 [main] INFO  o.s.d.r.c.RepositoryConfigurationDelegate          - Bootstrapping Spring Data JPA repositories in DEFAULT mode.
2023-04-15 16:29:18,051 [main] INFO  o.s.d.r.c.RepositoryConfigurationDelegate          - Finished Spring Data repository scanning in 149ms. Found 3 JPA repository interfaces.
2023-04-15 16:29:19,059 [main] INFO  o.s.b.w.embedded.tomcat.TomcatWebServer            - Tomcat initialized with port(s): 9090 (http)
2023-04-15 16:29:19,086 [main] INFO  o.apache.coyote.http11.Http11NioProtocol           - Initializing ProtocolHandler ["http-nio-9090"]
2023-04-15 16:29:19,101 [main] INFO  org.apache.catalina.core.StandardService           - Starting service [Tomcat]
2023-04-15 16:29:19,101 [main] INFO  org.apache.catalina.core.StandardEngine            - Starting Servlet engine: [Apache Tomcat/9.0.36]
2023-04-15 16:29:19,237 [main] INFO  o.a.c.c.C.[Tomcat].[localhost].[/]                 - Initializing Spring embedded WebApplicationContext
2023-04-15 16:29:19,237 [main] INFO  o.s.web.context.ContextLoader                      - Root WebApplicationContext: initialization completed in 2941 ms
2023-04-15 16:29:19,505 [main] INFO  com.zaxxer.hikari.HikariDataSource                 - HikariPool-1 - Starting...
2023-04-15 16:29:19,513 [main] WARN  com.zaxxer.hikari.util.DriverDataSource            - Registered driver with driverClassName=com.mysql.jdbc.Driver was not found, trying direct instantiation.
2023-04-15 16:29:19,979 [main] INFO  com.zaxxer.hikari.HikariDataSource                 - HikariPool-1 - Start completed.
2023-04-15 16:29:20,065 [main] INFO  o.hibernate.jpa.internal.util.LogHelper            - HHH000204: Processing PersistenceUnitInfo [
	name: default
	...]
2023-04-15 16:29:20,322 [main] INFO  org.hibernate.Version                              - HHH000412: Hibernate Core {5.3.17.Final}
2023-04-15 16:29:20,324 [main] INFO  org.hibernate.cfg.Environment                      - HHH000206: hibernate.properties not found
2023-04-15 16:29:20,544 [main] INFO  org.hibernate.annotations.common.Version           - HCANN000001: Hibernate Commons Annotations {5.0.4.Final}
2023-04-15 16:29:20,807 [main] INFO  org.hibernate.dialect.Dialect                      - HHH000400: Using dialect: org.hibernate.dialect.MySQL5InnoDBDialect
2023-04-15 16:29:21,381 [main] INFO  org.hibernate.tuple.PojoInstantiator               - HHH000182: No default (no-argument) constructor for class: com.storemanagement.model.AdminUserEntity (class must be instantiated by Interceptor)
2023-04-15 16:29:21,953 [main] INFO  o.s.o.j.LocalContainerEntityManagerFactoryBean     - Initialized JPA EntityManagerFactory for persistence unit 'default'
2023-04-15 16:29:22,258 [main] INFO  o.h.h.i.QueryTranslatorFactoryInitiator            - HHH000397: Using ASTQueryTranslatorFactory
2023-04-15 16:29:22,985 [main] WARN  o.s.b.a.o.j.JpaBaseConfiguration$JpaWebConfiguration$JpaWebMvcConfiguration - spring.jpa.open-in-view is enabled by default. Therefore, database queries may be performed during view rendering. Explicitly configure spring.jpa.open-in-view to disable this warning
2023-04-15 16:29:23,279 [main] INFO  o.s.s.web.DefaultSecurityFilterChain               - Creating filter chain: Ant [pattern='/swagger-resources/**'], []
2023-04-15 16:29:23,279 [main] INFO  o.s.s.web.DefaultSecurityFilterChain               - Creating filter chain: Ant [pattern='/swagger-ui.html'], []
2023-04-15 16:29:23,334 [main] INFO  o.s.s.web.DefaultSecurityFilterChain               - Creating filter chain: any request, [org.springframework.security.web.context.request.async.WebAsyncManagerIntegrationFilter@1994793d, org.springframework.security.web.context.SecurityContextPersistenceFilter@7909b90c, org.springframework.security.web.header.HeaderWriterFilter@2cbb5dcb, org.springframework.security.web.authentication.logout.LogoutFilter@45e168f4, com.storemanagement.configuration.JWTRequestFilter@63b24a8a, org.springframework.security.web.savedrequest.RequestCacheAwareFilter@7e47df5b, org.springframework.security.web.servletapi.SecurityContextHolderAwareRequestFilter@7b9daea1, org.springframework.security.web.authentication.AnonymousAuthenticationFilter@6bfab607, org.springframework.security.web.session.SessionManagementFilter@23bb76d5, org.springframework.security.web.access.ExceptionTranslationFilter@63522954, org.springframework.security.web.access.intercept.FilterSecurityInterceptor@77308e47]
2023-04-15 16:29:23,552 [main] INFO  o.s.s.concurrent.ThreadPoolTaskExecutor            - Initializing ExecutorService 'applicationTaskExecutor'
2023-04-15 16:29:23,818 [main] INFO  s.d.s.w.p.DocumentationPluginsBootstrapper         - Context refreshed
2023-04-15 16:29:23,848 [main] INFO  s.d.s.w.p.DocumentationPluginsBootstrapper         - Found 1 custom documentation plugin(s)
2023-04-15 16:29:23,857 [main] INFO  s.d.s.w.s.ApiListingReferenceScanner               - Scanning for api listing references
2023-04-15 16:29:24,060 [main] INFO  s.d.s.w.r.o.CachingOperationNameGenerator          - Generating unique operation named: getCustomerUsingGET_1
2023-04-15 16:29:24,128 [main] INFO  o.apache.coyote.http11.Http11NioProtocol           - Starting ProtocolHandler ["http-nio-9090"]
2023-04-15 16:29:24,228 [main] INFO  o.s.b.w.embedded.tomcat.TomcatWebServer            - Tomcat started on port(s): 9090 (http) with context path ''
2023-04-15 16:30:41,394 [http-nio-9090-exec-1] INFO  o.a.c.c.C.[Tomcat].[localhost].[/]                 - Initializing Spring DispatcherServlet 'dispatcherServlet'
2023-04-15 16:30:41,394 [http-nio-9090-exec-1] INFO  o.s.web.servlet.DispatcherServlet                  - Initializing Servlet 'dispatcherServlet'
2023-04-15 16:30:41,402 [http-nio-9090-exec-1] INFO  o.s.web.servlet.DispatcherServlet                  - Completed initialization in 8 ms
2023-04-15 16:35:06,250 [main] INFO  o.s.d.r.c.RepositoryConfigurationDelegate          - Bootstrapping Spring Data JPA repositories in DEFAULT mode.
2023-04-15 16:35:06,356 [main] INFO  o.s.d.r.c.RepositoryConfigurationDelegate          - Finished Spring Data repository scanning in 94ms. Found 3 JPA repository interfaces.
2023-04-15 16:35:07,169 [main] INFO  com.zaxxer.hikari.HikariDataSource                 - HikariPool-1 - Starting...
2023-04-15 16:35:07,173 [main] WARN  com.zaxxer.hikari.util.DriverDataSource            - Registered driver with driverClassName=com.mysql.jdbc.Driver was not found, trying direct instantiation.
2023-04-15 16:35:07,645 [main] INFO  com.zaxxer.hikari.HikariDataSource                 - HikariPool-1 - Start completed.
2023-04-15 16:35:07,721 [main] INFO  o.hibernate.jpa.internal.util.LogHelper            - HHH000204: Processing PersistenceUnitInfo [
	name: default
	...]
2023-04-15 16:35:07,905 [main] INFO  org.hibernate.Version                              - HHH000412: Hibernate Core {5.3.17.Final}
2023-04-15 16:35:07,909 [main] INFO  org.hibernate.cfg.Environment                      - HHH000206: hibernate.properties not found
2023-04-15 16:35:08,101 [main] INFO  org.hibernate.annotations.common.Version           - HCANN000001: Hibernate Commons Annotations {5.0.4.Final}
2023-04-15 16:35:08,226 [main] INFO  org.hibernate.dialect.Dialect                      - HHH000400: Using dialect: org.hibernate.dialect.MySQL5InnoDBDialect
2023-04-15 16:35:09,089 [main] INFO  o.s.o.j.LocalContainerEntityManagerFactoryBean     - Initialized JPA EntityManagerFactory for persistence unit 'default'
2023-04-15 16:35:09,486 [main] INFO  o.h.h.i.QueryTranslatorFactoryInitiator            - HHH000397: Using ASTQueryTranslatorFactory
2023-04-15 16:35:10,248 [main] WARN  o.s.b.a.o.j.JpaBaseConfiguration$JpaWebConfiguration$JpaWebMvcConfiguration - spring.jpa.open-in-view is enabled by default. Therefore, database queries may be performed during view rendering. Explicitly configure spring.jpa.open-in-view to disable this warning
2023-04-15 16:35:10,524 [main] INFO  o.s.s.web.DefaultSecurityFilterChain               - Creating filter chain: Ant [pattern='/swagger-resources/**'], []
2023-04-15 16:35:10,524 [main] INFO  o.s.s.web.DefaultSecurityFilterChain               - Creating filter chain: Ant [pattern='/swagger-ui.html'], []
2023-04-15 16:35:10,588 [main] INFO  o.s.s.web.DefaultSecurityFilterChain               - Creating filter chain: any request, [org.springframework.security.web.context.request.async.WebAsyncManagerIntegrationFilter@5eed2edf, org.springframework.security.web.context.SecurityContextPersistenceFilter@20e7152a, org.springframework.security.web.header.HeaderWriterFilter@22f0e329, org.springframework.security.web.authentication.logout.LogoutFilter@65a3d7c9, com.storemanagement.configuration.JWTRequestFilter@43201f84, org.springframework.security.web.savedrequest.RequestCacheAwareFilter@7f1b2f07, org.springframework.security.web.servletapi.SecurityContextHolderAwareRequestFilter@58701e8c, org.springframework.security.web.authentication.AnonymousAuthenticationFilter@4552e288, org.springframework.security.web.session.SessionManagementFilter@69e308e2, org.springframework.security.web.access.ExceptionTranslationFilter@6c569caf, org.springframework.security.web.access.intercept.FilterSecurityInterceptor@c7d173f]
2023-04-15 16:35:11,444 [main] INFO  o.s.s.concurrent.ThreadPoolTaskExecutor            - Initializing ExecutorService 'applicationTaskExecutor'
2023-04-15 16:35:12,086 [main] INFO  s.d.s.w.p.DocumentationPluginsBootstrapper         - Context refreshed
2023-04-15 16:35:12,104 [main] INFO  s.d.s.w.p.DocumentationPluginsBootstrapper         - Found 1 custom documentation plugin(s)
2023-04-15 16:35:12,113 [main] INFO  s.d.s.w.s.ApiListingReferenceScanner               - Scanning for api listing references
2023-04-15 16:35:12,270 [main] INFO  s.d.s.w.r.o.CachingOperationNameGenerator          - Generating unique operation named: getCustomerUsingGET_1
2023-04-15 16:35:12,599 [Thread-1] INFO  o.s.s.concurrent.ThreadPoolTaskExecutor            - Shutting down ExecutorService 'applicationTaskExecutor'
2023-04-15 16:35:12,602 [Thread-1] INFO  o.s.o.j.LocalContainerEntityManagerFactoryBean     - Closing JPA EntityManagerFactory for persistence unit 'default'
2023-04-15 16:35:12,605 [Thread-1] INFO  com.zaxxer.hikari.HikariDataSource                 - HikariPool-1 - Shutdown initiated...
2023-04-15 16:35:12,627 [Thread-1] INFO  com.zaxxer.hikari.HikariDataSource                 - HikariPool-1 - Shutdown completed.
2023-04-15 16:35:22,531 [main] INFO  o.s.d.r.c.RepositoryConfigurationDelegate          - Bootstrapping Spring Data JPA repositories in DEFAULT mode.
2023-04-15 16:35:22,667 [main] INFO  o.s.d.r.c.RepositoryConfigurationDelegate          - Finished Spring Data repository scanning in 113ms. Found 3 JPA repository interfaces.
2023-04-15 16:35:24,639 [main] INFO  o.s.b.w.embedded.tomcat.TomcatWebServer            - Tomcat initialized with port(s): 9090 (http)
2023-04-15 16:35:24,685 [main] INFO  o.apache.coyote.http11.Http11NioProtocol           - Initializing ProtocolHandler ["http-nio-9090"]
2023-04-15 16:35:24,771 [main] INFO  org.apache.catalina.core.StandardService           - Starting service [Tomcat]
2023-04-15 16:35:24,771 [main] INFO  org.apache.catalina.core.StandardEngine            - Starting Servlet engine: [Apache Tomcat/9.0.36]
2023-04-15 16:35:25,081 [main] INFO  o.a.c.c.C.[Tomcat].[localhost].[/]                 - Initializing Spring embedded WebApplicationContext
2023-04-15 16:35:25,081 [main] INFO  o.s.web.context.ContextLoader                      - Root WebApplicationContext: initialization completed in 4672 ms
2023-04-15 16:35:25,451 [main] INFO  com.zaxxer.hikari.HikariDataSource                 - HikariPool-1 - Starting...
2023-04-15 16:35:25,459 [main] WARN  com.zaxxer.hikari.util.DriverDataSource            - Registered driver with driverClassName=com.mysql.jdbc.Driver was not found, trying direct instantiation.
2023-04-15 16:35:25,952 [main] INFO  com.zaxxer.hikari.HikariDataSource                 - HikariPool-1 - Start completed.
2023-04-15 16:35:26,077 [main] INFO  o.hibernate.jpa.internal.util.LogHelper            - HHH000204: Processing PersistenceUnitInfo [
	name: default
	...]
2023-04-15 16:35:26,368 [main] INFO  org.hibernate.Version                              - HHH000412: Hibernate Core {5.3.17.Final}
2023-04-15 16:35:26,374 [main] INFO  org.hibernate.cfg.Environment                      - HHH000206: hibernate.properties not found
2023-04-15 16:35:26,743 [main] INFO  org.hibernate.annotations.common.Version           - HCANN000001: Hibernate Commons Annotations {5.0.4.Final}
2023-04-15 16:35:27,092 [main] INFO  org.hibernate.dialect.Dialect                      - HHH000400: Using dialect: org.hibernate.dialect.MySQL5InnoDBDialect
2023-04-15 16:35:28,304 [main] INFO  o.s.o.j.LocalContainerEntityManagerFactoryBean     - Initialized JPA EntityManagerFactory for persistence unit 'default'
2023-04-15 16:35:28,657 [main] INFO  o.h.h.i.QueryTranslatorFactoryInitiator            - HHH000397: Using ASTQueryTranslatorFactory
2023-04-15 16:35:29,515 [main] WARN  o.s.b.a.o.j.JpaBaseConfiguration$JpaWebConfiguration$JpaWebMvcConfiguration - spring.jpa.open-in-view is enabled by default. Therefore, database queries may be performed during view rendering. Explicitly configure spring.jpa.open-in-view to disable this warning
2023-04-15 16:35:29,811 [main] INFO  o.s.s.web.DefaultSecurityFilterChain               - Creating filter chain: Ant [pattern='/swagger-resources/**'], []
2023-04-15 16:35:29,811 [main] INFO  o.s.s.web.DefaultSecurityFilterChain               - Creating filter chain: Ant [pattern='/swagger-ui.html'], []
2023-04-15 16:35:29,857 [main] INFO  o.s.s.web.DefaultSecurityFilterChain               - Creating filter chain: any request, [org.springframework.security.web.context.request.async.WebAsyncManagerIntegrationFilter@3097a5c4, org.springframework.security.web.context.SecurityContextPersistenceFilter@31677322, org.springframework.security.web.header.HeaderWriterFilter@1534fe56, org.springframework.security.web.authentication.logout.LogoutFilter@11ca7044, com.storemanagement.configuration.JWTRequestFilter@3ea1a485, org.springframework.security.web.savedrequest.RequestCacheAwareFilter@480c7ae1, org.springframework.security.web.servletapi.SecurityContextHolderAwareRequestFilter@529b4dcd, org.springframework.security.web.authentication.AnonymousAuthenticationFilter@5e93a37d, org.springframework.security.web.session.SessionManagementFilter@24b653f2, org.springframework.security.web.access.ExceptionTranslationFilter@639602bb, org.springframework.security.web.access.intercept.FilterSecurityInterceptor@53bcf2ae]
2023-04-15 16:35:30,090 [main] INFO  o.s.s.concurrent.ThreadPoolTaskExecutor            - Initializing ExecutorService 'applicationTaskExecutor'
2023-04-15 16:35:30,363 [main] INFO  s.d.s.w.p.DocumentationPluginsBootstrapper         - Context refreshed
2023-04-15 16:35:30,390 [main] INFO  s.d.s.w.p.DocumentationPluginsBootstrapper         - Found 1 custom documentation plugin(s)
2023-04-15 16:35:30,404 [main] INFO  s.d.s.w.s.ApiListingReferenceScanner               - Scanning for api listing references
2023-04-15 16:35:30,610 [main] INFO  s.d.s.w.r.o.CachingOperationNameGenerator          - Generating unique operation named: getCustomerUsingGET_1
2023-04-15 16:35:30,672 [main] INFO  o.apache.coyote.http11.Http11NioProtocol           - Starting ProtocolHandler ["http-nio-9090"]
2023-04-15 16:35:30,723 [main] INFO  o.s.b.w.embedded.tomcat.TomcatWebServer            - Tomcat started on port(s): 9090 (http) with context path ''
2023-04-15 16:35:34,707 [http-nio-9090-exec-1] INFO  o.a.c.c.C.[Tomcat].[localhost].[/]                 - Initializing Spring DispatcherServlet 'dispatcherServlet'
2023-04-15 16:35:34,708 [http-nio-9090-exec-1] INFO  o.s.web.servlet.DispatcherServlet                  - Initializing Servlet 'dispatcherServlet'
2023-04-15 16:35:34,719 [http-nio-9090-exec-1] INFO  o.s.web.servlet.DispatcherServlet                  - Completed initialization in 11 ms
2023-04-15 16:48:19,907 [main] INFO  o.s.d.r.c.RepositoryConfigurationDelegate          - Bootstrapping Spring Data JPA repositories in DEFAULT mode.
2023-04-15 16:48:20,005 [main] INFO  o.s.d.r.c.RepositoryConfigurationDelegate          - Finished Spring Data repository scanning in 84ms. Found 3 JPA repository interfaces.
2023-04-15 16:48:20,798 [main] INFO  com.zaxxer.hikari.HikariDataSource                 - HikariPool-1 - Starting...
2023-04-15 16:48:20,802 [main] WARN  com.zaxxer.hikari.util.DriverDataSource            - Registered driver with driverClassName=com.mysql.jdbc.Driver was not found, trying direct instantiation.
2023-04-15 16:48:21,233 [main] INFO  com.zaxxer.hikari.HikariDataSource                 - HikariPool-1 - Start completed.
2023-04-15 16:48:21,306 [main] INFO  o.hibernate.jpa.internal.util.LogHelper            - HHH000204: Processing PersistenceUnitInfo [
	name: default
	...]
2023-04-15 16:48:21,359 [main] INFO  org.hibernate.Version                              - HHH000412: Hibernate Core {5.3.17.Final}
2023-04-15 16:48:21,362 [main] INFO  org.hibernate.cfg.Environment                      - HHH000206: hibernate.properties not found
2023-04-15 16:48:21,626 [main] INFO  org.hibernate.annotations.common.Version           - HCANN000001: Hibernate Commons Annotations {5.0.4.Final}
2023-04-15 16:48:21,767 [main] INFO  org.hibernate.dialect.Dialect                      - HHH000400: Using dialect: org.hibernate.dialect.MySQL5InnoDBDialect
2023-04-15 16:48:22,510 [main] INFO  o.s.o.j.LocalContainerEntityManagerFactoryBean     - Initialized JPA EntityManagerFactory for persistence unit 'default'
2023-04-15 16:48:22,810 [main] INFO  o.h.h.i.QueryTranslatorFactoryInitiator            - HHH000397: Using ASTQueryTranslatorFactory
2023-04-15 16:48:23,491 [main] WARN  o.s.b.a.o.j.JpaBaseConfiguration$JpaWebConfiguration$JpaWebMvcConfiguration - spring.jpa.open-in-view is enabled by default. Therefore, database queries may be performed during view rendering. Explicitly configure spring.jpa.open-in-view to disable this warning
2023-04-15 16:48:23,784 [main] INFO  o.s.s.web.DefaultSecurityFilterChain               - Creating filter chain: Ant [pattern='/swagger-resources/**'], []
2023-04-15 16:48:23,784 [main] INFO  o.s.s.web.DefaultSecurityFilterChain               - Creating filter chain: Ant [pattern='/swagger-ui.html'], []
2023-04-15 16:48:23,846 [main] INFO  o.s.s.web.DefaultSecurityFilterChain               - Creating filter chain: any request, [org.springframework.security.web.context.request.async.WebAsyncManagerIntegrationFilter@42fb2be9, org.springframework.security.web.context.SecurityContextPersistenceFilter@3f67f5ff, org.springframework.security.web.header.HeaderWriterFilter@7e1ce99c, org.springframework.security.web.authentication.logout.LogoutFilter@498f1f63, com.storemanagement.configuration.JWTRequestFilter@48da5106, org.springframework.security.web.savedrequest.RequestCacheAwareFilter@20e7152a, org.springframework.security.web.servletapi.SecurityContextHolderAwareRequestFilter@3eadfbbb, org.springframework.security.web.authentication.AnonymousAuthenticationFilter@54816d7a, org.springframework.security.web.session.SessionManagementFilter@67062a93, org.springframework.security.web.access.ExceptionTranslationFilter@6484364f, org.springframework.security.web.access.intercept.FilterSecurityInterceptor@7e4c0bc7]
2023-04-15 16:48:24,337 [main] INFO  o.s.s.concurrent.ThreadPoolTaskExecutor            - Initializing ExecutorService 'applicationTaskExecutor'
2023-04-15 16:48:24,678 [main] INFO  s.d.s.w.p.DocumentationPluginsBootstrapper         - Context refreshed
2023-04-15 16:48:24,699 [main] INFO  s.d.s.w.p.DocumentationPluginsBootstrapper         - Found 1 custom documentation plugin(s)
2023-04-15 16:48:24,709 [main] INFO  s.d.s.w.s.ApiListingReferenceScanner               - Scanning for api listing references
2023-04-15 16:48:24,893 [main] INFO  s.d.s.w.r.o.CachingOperationNameGenerator          - Generating unique operation named: getCustomerUsingGET_1
2023-04-15 16:48:25,256 [Thread-1] INFO  o.s.s.concurrent.ThreadPoolTaskExecutor            - Shutting down ExecutorService 'applicationTaskExecutor'
2023-04-15 16:48:25,259 [Thread-1] INFO  o.s.o.j.LocalContainerEntityManagerFactoryBean     - Closing JPA EntityManagerFactory for persistence unit 'default'
2023-04-15 16:48:25,261 [Thread-1] INFO  com.zaxxer.hikari.HikariDataSource                 - HikariPool-1 - Shutdown initiated...
2023-04-15 16:48:25,277 [Thread-1] INFO  com.zaxxer.hikari.HikariDataSource                 - HikariPool-1 - Shutdown completed.
2023-04-15 16:48:32,726 [main] INFO  o.s.d.r.c.RepositoryConfigurationDelegate          - Bootstrapping Spring Data JPA repositories in DEFAULT mode.
2023-04-15 16:48:32,851 [main] INFO  o.s.d.r.c.RepositoryConfigurationDelegate          - Finished Spring Data repository scanning in 110ms. Found 3 JPA repository interfaces.
2023-04-15 16:48:33,727 [main] INFO  o.s.b.w.embedded.tomcat.TomcatWebServer            - Tomcat initialized with port(s): 9090 (http)
2023-04-15 16:48:33,763 [main] INFO  o.apache.coyote.http11.Http11NioProtocol           - Initializing ProtocolHandler ["http-nio-9090"]
2023-04-15 16:48:33,778 [main] INFO  org.apache.catalina.core.StandardService           - Starting service [Tomcat]
2023-04-15 16:48:33,779 [main] INFO  org.apache.catalina.core.StandardEngine            - Starting Servlet engine: [Apache Tomcat/9.0.36]
2023-04-15 16:48:33,904 [main] INFO  o.a.c.c.C.[Tomcat].[localhost].[/]                 - Initializing Spring embedded WebApplicationContext
2023-04-15 16:48:33,904 [main] INFO  o.s.web.context.ContextLoader                      - Root WebApplicationContext: initialization completed in 2521 ms
2023-04-15 16:48:34,177 [main] INFO  com.zaxxer.hikari.HikariDataSource                 - HikariPool-1 - Starting...
2023-04-15 16:48:34,182 [main] WARN  com.zaxxer.hikari.util.DriverDataSource            - Registered driver with driverClassName=com.mysql.jdbc.Driver was not found, trying direct instantiation.
2023-04-15 16:48:34,630 [main] INFO  com.zaxxer.hikari.HikariDataSource                 - HikariPool-1 - Start completed.
2023-04-15 16:48:34,713 [main] INFO  o.hibernate.jpa.internal.util.LogHelper            - HHH000204: Processing PersistenceUnitInfo [
	name: default
	...]
2023-04-15 16:48:34,939 [main] INFO  org.hibernate.Version                              - HHH000412: Hibernate Core {5.3.17.Final}
2023-04-15 16:48:34,944 [main] INFO  org.hibernate.cfg.Environment                      - HHH000206: hibernate.properties not found
2023-04-15 16:48:35,189 [main] INFO  org.hibernate.annotations.common.Version           - HCANN000001: Hibernate Commons Annotations {5.0.4.Final}
2023-04-15 16:48:35,453 [main] INFO  org.hibernate.dialect.Dialect                      - HHH000400: Using dialect: org.hibernate.dialect.MySQL5InnoDBDialect
2023-04-15 16:48:36,650 [main] INFO  o.s.o.j.LocalContainerEntityManagerFactoryBean     - Initialized JPA EntityManagerFactory for persistence unit 'default'
2023-04-15 16:48:36,944 [main] INFO  o.h.h.i.QueryTranslatorFactoryInitiator            - HHH000397: Using ASTQueryTranslatorFactory
2023-04-15 16:48:37,681 [main] WARN  o.s.b.a.o.j.JpaBaseConfiguration$JpaWebConfiguration$JpaWebMvcConfiguration - spring.jpa.open-in-view is enabled by default. Therefore, database queries may be performed during view rendering. Explicitly configure spring.jpa.open-in-view to disable this warning
2023-04-15 16:48:37,945 [main] INFO  o.s.s.web.DefaultSecurityFilterChain               - Creating filter chain: Ant [pattern='/swagger-resources/**'], []
2023-04-15 16:48:37,945 [main] INFO  o.s.s.web.DefaultSecurityFilterChain               - Creating filter chain: Ant [pattern='/swagger-ui.html'], []
2023-04-15 16:48:37,984 [main] INFO  o.s.s.web.DefaultSecurityFilterChain               - Creating filter chain: any request, [org.springframework.security.web.context.request.async.WebAsyncManagerIntegrationFilter@3e7ab7f0, org.springframework.security.web.context.SecurityContextPersistenceFilter@75d52f76, org.springframework.security.web.header.HeaderWriterFilter@4279b61, org.springframework.security.web.authentication.logout.LogoutFilter@41971f8f, com.storemanagement.configuration.JWTRequestFilter@16b5ef5b, org.springframework.security.web.savedrequest.RequestCacheAwareFilter@4d1032a0, org.springframework.security.web.servletapi.SecurityContextHolderAwareRequestFilter@5c6aa994, org.springframework.security.web.authentication.AnonymousAuthenticationFilter@50923353, org.springframework.security.web.session.SessionManagementFilter@72e8d5ae, org.springframework.security.web.access.ExceptionTranslationFilter@2b30cc38, org.springframework.security.web.access.intercept.FilterSecurityInterceptor@36c9925c]
2023-04-15 16:48:38,192 [main] INFO  o.s.s.concurrent.ThreadPoolTaskExecutor            - Initializing ExecutorService 'applicationTaskExecutor'
2023-04-15 16:48:38,480 [main] INFO  s.d.s.w.p.DocumentationPluginsBootstrapper         - Context refreshed
2023-04-15 16:48:38,508 [main] INFO  s.d.s.w.p.DocumentationPluginsBootstrapper         - Found 1 custom documentation plugin(s)
2023-04-15 16:48:38,520 [main] INFO  s.d.s.w.s.ApiListingReferenceScanner               - Scanning for api listing references
2023-04-15 16:48:38,723 [main] INFO  s.d.s.w.r.o.CachingOperationNameGenerator          - Generating unique operation named: getCustomerUsingGET_1
2023-04-15 16:48:38,776 [main] INFO  o.apache.coyote.http11.Http11NioProtocol           - Starting ProtocolHandler ["http-nio-9090"]
2023-04-15 16:48:38,853 [main] INFO  o.s.b.w.embedded.tomcat.TomcatWebServer            - Tomcat started on port(s): 9090 (http) with context path ''
2023-04-15 16:49:19,006 [http-nio-9090-exec-1] INFO  o.a.c.c.C.[Tomcat].[localhost].[/]                 - Initializing Spring DispatcherServlet 'dispatcherServlet'
2023-04-15 16:49:19,006 [http-nio-9090-exec-1] INFO  o.s.web.servlet.DispatcherServlet                  - Initializing Servlet 'dispatcherServlet'
2023-04-15 16:49:19,033 [http-nio-9090-exec-1] INFO  o.s.web.servlet.DispatcherServlet                  - Completed initialization in 27 ms
