2023-04-16 12:30:00,989 [main] INFO  o.s.d.r.c.RepositoryConfigurationDelegate          - Bootstrapping Spring Data JPA repositories in DEFAULT mode.
2023-04-16 12:30:01,093 [main] INFO  o.s.d.r.c.RepositoryConfigurationDelegate          - Finished Spring Data repository scanning in 90ms. Found 3 JPA repository interfaces.
2023-04-16 12:30:01,888 [main] INFO  com.zaxxer.hikari.HikariDataSource                 - HikariPool-1 - Starting...
2023-04-16 12:30:01,892 [main] WARN  com.zaxxer.hikari.util.DriverDataSource            - Registered driver with driverClassName=com.mysql.jdbc.Driver was not found, trying direct instantiation.
2023-04-16 12:30:02,445 [main] INFO  com.zaxxer.hikari.HikariDataSource                 - HikariPool-1 - Start completed.
2023-04-16 12:30:02,532 [main] INFO  o.hibernate.jpa.internal.util.LogHelper            - HHH000204: Processing PersistenceUnitInfo [
	name: default
	...]
2023-04-16 12:30:02,726 [main] INFO  org.hibernate.Version                              - HHH000412: Hibernate Core {5.3.17.Final}
2023-04-16 12:30:02,728 [main] INFO  org.hibernate.cfg.Environment                      - HHH000206: hibernate.properties not found
2023-04-16 12:30:02,952 [main] INFO  org.hibernate.annotations.common.Version           - HCANN000001: Hibernate Commons Annotations {5.0.4.Final}
2023-04-16 12:30:03,149 [main] INFO  org.hibernate.dialect.Dialect                      - HHH000400: Using dialect: org.hibernate.dialect.MySQL5InnoDBDialect
2023-04-16 12:30:03,634 [main] WARN  org.hibernate.orm.cache                            - HHH90001006: Missing cache[com.storemanagement.model.CustomerEntity] was created on-the-fly. The created cache will use a provider-specific default configuration: make sure you defined one. You can disable this warning by setting 'hibernate.javax.cache.missing_cache_strategy' to 'create'.
2023-04-16 12:30:03,708 [main] INFO  org.ehcache.core.EhcacheManager                    - Cache 'com.storemanagement.model.CustomerEntity' created in EhcacheManager.
2023-04-16 12:30:04,116 [main] INFO  o.s.o.j.LocalContainerEntityManagerFactoryBean     - Initialized JPA EntityManagerFactory for persistence unit 'default'
2023-04-16 12:30:04,452 [main] INFO  o.h.h.i.QueryTranslatorFactoryInitiator            - HHH000397: Using ASTQueryTranslatorFactory
2023-04-16 12:30:05,136 [main] WARN  o.s.b.a.o.j.JpaBaseConfiguration$JpaWebConfiguration$JpaWebMvcConfiguration - spring.jpa.open-in-view is enabled by default. Therefore, database queries may be performed during view rendering. Explicitly configure spring.jpa.open-in-view to disable this warning
2023-04-16 12:30:05,469 [main] INFO  o.s.s.web.DefaultSecurityFilterChain               - Creating filter chain: Ant [pattern='/swagger-resources/**'], []
2023-04-16 12:30:05,470 [main] INFO  o.s.s.web.DefaultSecurityFilterChain               - Creating filter chain: Ant [pattern='/swagger-ui.html'], []
2023-04-16 12:30:05,552 [main] INFO  o.s.s.web.DefaultSecurityFilterChain               - Creating filter chain: any request, [org.springframework.security.web.context.request.async.WebAsyncManagerIntegrationFilter@55e3b64d, org.springframework.security.web.context.SecurityContextPersistenceFilter@4ccf1d3e, org.springframework.security.web.header.HeaderWriterFilter@625c9248, org.springframework.security.web.authentication.logout.LogoutFilter@1267f832, com.storemanagement.configuration.JWTRequestFilter@3cc5408c, org.springframework.security.web.savedrequest.RequestCacheAwareFilter@4ee80a94, org.springframework.security.web.servletapi.SecurityContextHolderAwareRequestFilter@7c4697fc, org.springframework.security.web.authentication.AnonymousAuthenticationFilter@52f71d2, org.springframework.security.web.session.SessionManagementFilter@299c86f0, org.springframework.security.web.access.ExceptionTranslationFilter@585718dd, org.springframework.security.web.access.intercept.FilterSecurityInterceptor@69d9d322]
2023-04-16 12:30:06,047 [main] INFO  o.s.s.concurrent.ThreadPoolTaskExecutor            - Initializing ExecutorService 'applicationTaskExecutor'
2023-04-16 12:30:06,388 [main] INFO  s.d.s.w.p.DocumentationPluginsBootstrapper         - Context refreshed
2023-04-16 12:30:06,410 [main] INFO  s.d.s.w.p.DocumentationPluginsBootstrapper         - Found 1 custom documentation plugin(s)
2023-04-16 12:30:06,419 [main] INFO  s.d.s.w.s.ApiListingReferenceScanner               - Scanning for api listing references
2023-04-16 12:30:06,584 [main] INFO  s.d.s.w.r.o.CachingOperationNameGenerator          - Generating unique operation named: getCustomerUsingGET_1
2023-04-16 12:30:06,941 [Thread-1] INFO  o.s.s.concurrent.ThreadPoolTaskExecutor            - Shutting down ExecutorService 'applicationTaskExecutor'
2023-04-16 12:30:06,952 [Thread-1] INFO  o.s.o.j.LocalContainerEntityManagerFactoryBean     - Closing JPA EntityManagerFactory for persistence unit 'default'
2023-04-16 12:30:06,957 [Thread-1] INFO  org.ehcache.core.EhcacheManager                    - Cache 'com.storemanagement.model.CustomerEntity' removed from EhcacheManager.
2023-04-16 12:30:06,961 [Thread-1] INFO  com.zaxxer.hikari.HikariDataSource                 - HikariPool-1 - Shutdown initiated...
2023-04-16 12:30:06,973 [Thread-1] INFO  com.zaxxer.hikari.HikariDataSource                 - HikariPool-1 - Shutdown completed.
2023-04-16 12:30:14,803 [main] INFO  o.s.d.r.c.RepositoryConfigurationDelegate          - Bootstrapping Spring Data JPA repositories in DEFAULT mode.
2023-04-16 12:30:14,927 [main] INFO  o.s.d.r.c.RepositoryConfigurationDelegate          - Finished Spring Data repository scanning in 110ms. Found 3 JPA repository interfaces.
2023-04-16 12:30:15,877 [main] INFO  o.s.b.w.embedded.tomcat.TomcatWebServer            - Tomcat initialized with port(s): 9090 (http)
2023-04-16 12:30:15,918 [main] INFO  o.apache.coyote.http11.Http11NioProtocol           - Initializing ProtocolHandler ["http-nio-9090"]
2023-04-16 12:30:15,936 [main] INFO  org.apache.catalina.core.StandardService           - Starting service [Tomcat]
2023-04-16 12:30:15,937 [main] INFO  org.apache.catalina.core.StandardEngine            - Starting Servlet engine: [Apache Tomcat/9.0.36]
2023-04-16 12:30:16,089 [main] INFO  o.a.c.c.C.[Tomcat].[localhost].[/]                 - Initializing Spring embedded WebApplicationContext
2023-04-16 12:30:16,089 [main] INFO  o.s.web.context.ContextLoader                      - Root WebApplicationContext: initialization completed in 2554 ms
2023-04-16 12:30:16,333 [main] INFO  com.zaxxer.hikari.HikariDataSource                 - HikariPool-1 - Starting...
2023-04-16 12:30:16,339 [main] WARN  com.zaxxer.hikari.util.DriverDataSource            - Registered driver with driverClassName=com.mysql.jdbc.Driver was not found, trying direct instantiation.
2023-04-16 12:30:16,815 [main] INFO  com.zaxxer.hikari.HikariDataSource                 - HikariPool-1 - Start completed.
2023-04-16 12:30:16,886 [main] INFO  o.hibernate.jpa.internal.util.LogHelper            - HHH000204: Processing PersistenceUnitInfo [
	name: default
	...]
2023-04-16 12:30:17,136 [main] INFO  org.hibernate.Version                              - HHH000412: Hibernate Core {5.3.17.Final}
2023-04-16 12:30:17,139 [main] INFO  org.hibernate.cfg.Environment                      - HHH000206: hibernate.properties not found
2023-04-16 12:30:17,344 [main] INFO  org.hibernate.annotations.common.Version           - HCANN000001: Hibernate Commons Annotations {5.0.4.Final}
2023-04-16 12:30:17,591 [main] INFO  org.hibernate.dialect.Dialect                      - HHH000400: Using dialect: org.hibernate.dialect.MySQL5InnoDBDialect
2023-04-16 12:30:18,256 [main] WARN  org.hibernate.orm.cache                            - HHH90001006: Missing cache[com.storemanagement.model.CustomerEntity] was created on-the-fly. The created cache will use a provider-specific default configuration: make sure you defined one. You can disable this warning by setting 'hibernate.javax.cache.missing_cache_strategy' to 'create'.
2023-04-16 12:30:18,367 [main] INFO  org.ehcache.core.EhcacheManager                    - Cache 'com.storemanagement.model.CustomerEntity' created in EhcacheManager.
2023-04-16 12:30:18,905 [main] INFO  o.s.o.j.LocalContainerEntityManagerFactoryBean     - Initialized JPA EntityManagerFactory for persistence unit 'default'
2023-04-16 12:30:19,223 [main] INFO  o.h.h.i.QueryTranslatorFactoryInitiator            - HHH000397: Using ASTQueryTranslatorFactory
2023-04-16 12:30:19,893 [main] WARN  o.s.b.a.o.j.JpaBaseConfiguration$JpaWebConfiguration$JpaWebMvcConfiguration - spring.jpa.open-in-view is enabled by default. Therefore, database queries may be performed during view rendering. Explicitly configure spring.jpa.open-in-view to disable this warning
2023-04-16 12:30:20,161 [main] INFO  o.s.s.web.DefaultSecurityFilterChain               - Creating filter chain: Ant [pattern='/swagger-resources/**'], []
2023-04-16 12:30:20,161 [main] INFO  o.s.s.web.DefaultSecurityFilterChain               - Creating filter chain: Ant [pattern='/swagger-ui.html'], []
2023-04-16 12:30:20,199 [main] INFO  o.s.s.web.DefaultSecurityFilterChain               - Creating filter chain: any request, [org.springframework.security.web.context.request.async.WebAsyncManagerIntegrationFilter@19686707, org.springframework.security.web.context.SecurityContextPersistenceFilter@4695aaf2, org.springframework.security.web.header.HeaderWriterFilter@34341587, org.springframework.security.web.authentication.logout.LogoutFilter@7cf32c1d, com.storemanagement.configuration.JWTRequestFilter@560c1fe6, org.springframework.security.web.savedrequest.RequestCacheAwareFilter@1f26f6a9, org.springframework.security.web.servletapi.SecurityContextHolderAwareRequestFilter@257dac8d, org.springframework.security.web.authentication.AnonymousAuthenticationFilter@85280ec, org.springframework.security.web.session.SessionManagementFilter@72dff132, org.springframework.security.web.access.ExceptionTranslationFilter@193f97f3, org.springframework.security.web.access.intercept.FilterSecurityInterceptor@540da3a8]
2023-04-16 12:30:20,405 [main] INFO  o.s.s.concurrent.ThreadPoolTaskExecutor            - Initializing ExecutorService 'applicationTaskExecutor'
2023-04-16 12:30:20,667 [main] INFO  s.d.s.w.p.DocumentationPluginsBootstrapper         - Context refreshed
2023-04-16 12:30:20,694 [main] INFO  s.d.s.w.p.DocumentationPluginsBootstrapper         - Found 1 custom documentation plugin(s)
2023-04-16 12:30:20,706 [main] INFO  s.d.s.w.s.ApiListingReferenceScanner               - Scanning for api listing references
2023-04-16 12:30:20,915 [main] INFO  s.d.s.w.r.o.CachingOperationNameGenerator          - Generating unique operation named: getCustomerUsingGET_1
2023-04-16 12:30:20,973 [main] INFO  o.apache.coyote.http11.Http11NioProtocol           - Starting ProtocolHandler ["http-nio-9090"]
2023-04-16 12:30:21,022 [main] INFO  o.s.b.w.embedded.tomcat.TomcatWebServer            - Tomcat started on port(s): 9090 (http) with context path ''
2023-04-16 12:30:34,780 [http-nio-9090-exec-1] INFO  o.a.c.c.C.[Tomcat].[localhost].[/]                 - Initializing Spring DispatcherServlet 'dispatcherServlet'
2023-04-16 12:30:34,780 [http-nio-9090-exec-1] INFO  o.s.web.servlet.DispatcherServlet                  - Initializing Servlet 'dispatcherServlet'
2023-04-16 12:30:34,795 [http-nio-9090-exec-1] INFO  o.s.web.servlet.DispatcherServlet                  - Completed initialization in 15 ms
2023-04-16 12:31:29,568 [http-nio-9090-exec-5] WARN  o.h.engine.jdbc.spi.SqlExceptionHelper             - SQL Error: 1062, SQLState: 23000
2023-04-16 12:31:29,568 [http-nio-9090-exec-5] ERROR o.h.engine.jdbc.spi.SqlExceptionHelper             - Duplicate entry 'Ahmad@gmail22.com' for key 'customer.UK_dwk6cx0afu8bs9o4t536v1j5v'
2023-04-16 12:31:29,571 [http-nio-9090-exec-5] ERROR o.h.internal.ExceptionMapperStandardImpl           - HHH000346: Error during managed flush [org.hibernate.exception.ConstraintViolationException: could not execute statement]
2023-04-16 12:31:54,375 [http-nio-9090-exec-7] WARN  o.s.w.s.m.s.DefaultHandlerExceptionResolver        - Resolved [org.springframework.web.HttpRequestMethodNotSupportedException: Request method 'GET' not supported]
2023-04-16 12:34:53,944 [main] INFO  o.s.d.r.c.RepositoryConfigurationDelegate          - Bootstrapping Spring Data JPA repositories in DEFAULT mode.
2023-04-16 12:34:54,043 [main] INFO  o.s.d.r.c.RepositoryConfigurationDelegate          - Finished Spring Data repository scanning in 87ms. Found 3 JPA repository interfaces.
2023-04-16 12:34:54,836 [main] INFO  com.zaxxer.hikari.HikariDataSource                 - HikariPool-1 - Starting...
2023-04-16 12:34:54,840 [main] WARN  com.zaxxer.hikari.util.DriverDataSource            - Registered driver with driverClassName=com.mysql.jdbc.Driver was not found, trying direct instantiation.
2023-04-16 12:34:55,274 [main] INFO  com.zaxxer.hikari.HikariDataSource                 - HikariPool-1 - Start completed.
2023-04-16 12:34:55,336 [main] INFO  o.hibernate.jpa.internal.util.LogHelper            - HHH000204: Processing PersistenceUnitInfo [
	name: default
	...]
2023-04-16 12:34:55,521 [main] INFO  org.hibernate.Version                              - HHH000412: Hibernate Core {5.3.17.Final}
2023-04-16 12:34:55,523 [main] INFO  org.hibernate.cfg.Environment                      - HHH000206: hibernate.properties not found
2023-04-16 12:34:55,684 [main] INFO  org.hibernate.annotations.common.Version           - HCANN000001: Hibernate Commons Annotations {5.0.4.Final}
2023-04-16 12:34:55,830 [main] INFO  org.hibernate.dialect.Dialect                      - HHH000400: Using dialect: org.hibernate.dialect.MySQL5InnoDBDialect
2023-04-16 12:34:56,280 [main] WARN  org.hibernate.orm.cache                            - HHH90001006: Missing cache[com.storemanagement.model.AdminUserEntity] was created on-the-fly. The created cache will use a provider-specific default configuration: make sure you defined one. You can disable this warning by setting 'hibernate.javax.cache.missing_cache_strategy' to 'create'.
2023-04-16 12:34:56,341 [main] INFO  org.ehcache.core.EhcacheManager                    - Cache 'com.storemanagement.model.AdminUserEntity' created in EhcacheManager.
2023-04-16 12:34:56,355 [main] WARN  org.hibernate.orm.cache                            - HHH90001006: Missing cache[com.storemanagement.model.CustomerEntity] was created on-the-fly. The created cache will use a provider-specific default configuration: make sure you defined one. You can disable this warning by setting 'hibernate.javax.cache.missing_cache_strategy' to 'create'.
2023-04-16 12:34:56,358 [main] INFO  org.ehcache.core.EhcacheManager                    - Cache 'com.storemanagement.model.CustomerEntity' created in EhcacheManager.
2023-04-16 12:34:56,358 [main] WARN  org.hibernate.orm.cache                            - HHH90001006: Missing cache[com.storemanagement.model.TransactionEntity] was created on-the-fly. The created cache will use a provider-specific default configuration: make sure you defined one. You can disable this warning by setting 'hibernate.javax.cache.missing_cache_strategy' to 'create'.
2023-04-16 12:34:56,360 [main] INFO  org.ehcache.core.EhcacheManager                    - Cache 'com.storemanagement.model.TransactionEntity' created in EhcacheManager.
2023-04-16 12:34:56,706 [main] INFO  o.s.o.j.LocalContainerEntityManagerFactoryBean     - Initialized JPA EntityManagerFactory for persistence unit 'default'
2023-04-16 12:34:57,030 [main] INFO  o.h.h.i.QueryTranslatorFactoryInitiator            - HHH000397: Using ASTQueryTranslatorFactory
2023-04-16 12:34:57,687 [main] WARN  o.s.b.a.o.j.JpaBaseConfiguration$JpaWebConfiguration$JpaWebMvcConfiguration - spring.jpa.open-in-view is enabled by default. Therefore, database queries may be performed during view rendering. Explicitly configure spring.jpa.open-in-view to disable this warning
2023-04-16 12:34:57,952 [main] INFO  o.s.s.web.DefaultSecurityFilterChain               - Creating filter chain: Ant [pattern='/swagger-resources/**'], []
2023-04-16 12:34:57,952 [main] INFO  o.s.s.web.DefaultSecurityFilterChain               - Creating filter chain: Ant [pattern='/swagger-ui.html'], []
2023-04-16 12:34:58,026 [main] INFO  o.s.s.web.DefaultSecurityFilterChain               - Creating filter chain: any request, [org.springframework.security.web.context.request.async.WebAsyncManagerIntegrationFilter@5101b9, org.springframework.security.web.context.SecurityContextPersistenceFilter@5cb4ba80, org.springframework.security.web.header.HeaderWriterFilter@52a23575, org.springframework.security.web.authentication.logout.LogoutFilter@25814d3c, com.storemanagement.configuration.JWTRequestFilter@18ad085a, org.springframework.security.web.savedrequest.RequestCacheAwareFilter@2220c5f7, org.springframework.security.web.servletapi.SecurityContextHolderAwareRequestFilter@123d666b, org.springframework.security.web.authentication.AnonymousAuthenticationFilter@40273969, org.springframework.security.web.session.SessionManagementFilter@397f9672, org.springframework.security.web.access.ExceptionTranslationFilter@659565ed, org.springframework.security.web.access.intercept.FilterSecurityInterceptor@443b9ebb]
2023-04-16 12:34:58,529 [main] INFO  o.s.s.concurrent.ThreadPoolTaskExecutor            - Initializing ExecutorService 'applicationTaskExecutor'
2023-04-16 12:34:58,869 [main] INFO  s.d.s.w.p.DocumentationPluginsBootstrapper         - Context refreshed
2023-04-16 12:34:58,890 [main] INFO  s.d.s.w.p.DocumentationPluginsBootstrapper         - Found 1 custom documentation plugin(s)
2023-04-16 12:34:58,898 [main] INFO  s.d.s.w.s.ApiListingReferenceScanner               - Scanning for api listing references
2023-04-16 12:34:59,069 [main] INFO  s.d.s.w.r.o.CachingOperationNameGenerator          - Generating unique operation named: getCustomerUsingGET_1
2023-04-16 12:34:59,335 [Thread-1] INFO  o.s.s.concurrent.ThreadPoolTaskExecutor            - Shutting down ExecutorService 'applicationTaskExecutor'
2023-04-16 12:34:59,338 [Thread-1] INFO  o.s.o.j.LocalContainerEntityManagerFactoryBean     - Closing JPA EntityManagerFactory for persistence unit 'default'
2023-04-16 12:34:59,344 [Thread-1] INFO  org.ehcache.core.EhcacheManager                    - Cache 'com.storemanagement.model.AdminUserEntity' removed from EhcacheManager.
2023-04-16 12:34:59,344 [Thread-1] INFO  org.ehcache.core.EhcacheManager                    - Cache 'com.storemanagement.model.TransactionEntity' removed from EhcacheManager.
2023-04-16 12:34:59,345 [Thread-1] INFO  org.ehcache.core.EhcacheManager                    - Cache 'com.storemanagement.model.CustomerEntity' removed from EhcacheManager.
2023-04-16 12:34:59,349 [Thread-1] INFO  com.zaxxer.hikari.HikariDataSource                 - HikariPool-1 - Shutdown initiated...
2023-04-16 12:34:59,362 [Thread-1] INFO  com.zaxxer.hikari.HikariDataSource                 - HikariPool-1 - Shutdown completed.
2023-04-16 12:35:06,809 [main] INFO  o.s.d.r.c.RepositoryConfigurationDelegate          - Bootstrapping Spring Data JPA repositories in DEFAULT mode.
2023-04-16 12:35:06,934 [main] INFO  o.s.d.r.c.RepositoryConfigurationDelegate          - Finished Spring Data repository scanning in 108ms. Found 3 JPA repository interfaces.
2023-04-16 12:35:07,904 [main] INFO  o.s.b.w.embedded.tomcat.TomcatWebServer            - Tomcat initialized with port(s): 9090 (http)
2023-04-16 12:35:07,927 [main] INFO  o.apache.coyote.http11.Http11NioProtocol           - Initializing ProtocolHandler ["http-nio-9090"]
2023-04-16 12:35:07,942 [main] INFO  org.apache.catalina.core.StandardService           - Starting service [Tomcat]
2023-04-16 12:35:07,943 [main] INFO  org.apache.catalina.core.StandardEngine            - Starting Servlet engine: [Apache Tomcat/9.0.36]
2023-04-16 12:35:08,069 [main] INFO  o.a.c.c.C.[Tomcat].[localhost].[/]                 - Initializing Spring embedded WebApplicationContext
2023-04-16 12:35:08,069 [main] INFO  o.s.web.context.ContextLoader                      - Root WebApplicationContext: initialization completed in 2586 ms
2023-04-16 12:35:08,336 [main] INFO  com.zaxxer.hikari.HikariDataSource                 - HikariPool-1 - Starting...
2023-04-16 12:35:08,345 [main] WARN  com.zaxxer.hikari.util.DriverDataSource            - Registered driver with driverClassName=com.mysql.jdbc.Driver was not found, trying direct instantiation.
2023-04-16 12:35:08,768 [main] INFO  com.zaxxer.hikari.HikariDataSource                 - HikariPool-1 - Start completed.
2023-04-16 12:35:08,845 [main] INFO  o.hibernate.jpa.internal.util.LogHelper            - HHH000204: Processing PersistenceUnitInfo [
	name: default
	...]
2023-04-16 12:35:09,091 [main] INFO  org.hibernate.Version                              - HHH000412: Hibernate Core {5.3.17.Final}
2023-04-16 12:35:09,094 [main] INFO  org.hibernate.cfg.Environment                      - HHH000206: hibernate.properties not found
2023-04-16 12:35:09,309 [main] INFO  org.hibernate.annotations.common.Version           - HCANN000001: Hibernate Commons Annotations {5.0.4.Final}
2023-04-16 12:35:09,572 [main] INFO  org.hibernate.dialect.Dialect                      - HHH000400: Using dialect: org.hibernate.dialect.MySQL5InnoDBDialect
2023-04-16 12:35:10,246 [main] WARN  org.hibernate.orm.cache                            - HHH90001006: Missing cache[com.storemanagement.model.CustomerEntity] was created on-the-fly. The created cache will use a provider-specific default configuration: make sure you defined one. You can disable this warning by setting 'hibernate.javax.cache.missing_cache_strategy' to 'create'.
2023-04-16 12:35:10,362 [main] INFO  org.ehcache.core.EhcacheManager                    - Cache 'com.storemanagement.model.CustomerEntity' created in EhcacheManager.
2023-04-16 12:35:10,379 [main] WARN  org.hibernate.orm.cache                            - HHH90001006: Missing cache[com.storemanagement.model.AdminUserEntity] was created on-the-fly. The created cache will use a provider-specific default configuration: make sure you defined one. You can disable this warning by setting 'hibernate.javax.cache.missing_cache_strategy' to 'create'.
2023-04-16 12:35:10,382 [main] INFO  org.ehcache.core.EhcacheManager                    - Cache 'com.storemanagement.model.AdminUserEntity' created in EhcacheManager.
2023-04-16 12:35:10,383 [main] WARN  org.hibernate.orm.cache                            - HHH90001006: Missing cache[com.storemanagement.model.TransactionEntity] was created on-the-fly. The created cache will use a provider-specific default configuration: make sure you defined one. You can disable this warning by setting 'hibernate.javax.cache.missing_cache_strategy' to 'create'.
2023-04-16 12:35:10,385 [main] INFO  org.ehcache.core.EhcacheManager                    - Cache 'com.storemanagement.model.TransactionEntity' created in EhcacheManager.
2023-04-16 12:35:10,963 [main] INFO  o.s.o.j.LocalContainerEntityManagerFactoryBean     - Initialized JPA EntityManagerFactory for persistence unit 'default'
2023-04-16 12:35:11,300 [main] INFO  o.h.h.i.QueryTranslatorFactoryInitiator            - HHH000397: Using ASTQueryTranslatorFactory
2023-04-16 12:35:11,973 [main] WARN  o.s.b.a.o.j.JpaBaseConfiguration$JpaWebConfiguration$JpaWebMvcConfiguration - spring.jpa.open-in-view is enabled by default. Therefore, database queries may be performed during view rendering. Explicitly configure spring.jpa.open-in-view to disable this warning
2023-04-16 12:35:12,231 [main] INFO  o.s.s.web.DefaultSecurityFilterChain               - Creating filter chain: Ant [pattern='/swagger-resources/**'], []
2023-04-16 12:35:12,231 [main] INFO  o.s.s.web.DefaultSecurityFilterChain               - Creating filter chain: Ant [pattern='/swagger-ui.html'], []
2023-04-16 12:35:12,270 [main] INFO  o.s.s.web.DefaultSecurityFilterChain               - Creating filter chain: any request, [org.springframework.security.web.context.request.async.WebAsyncManagerIntegrationFilter@3dbcbecf, org.springframework.security.web.context.SecurityContextPersistenceFilter@6fd082d7, org.springframework.security.web.header.HeaderWriterFilter@596b51e7, org.springframework.security.web.authentication.logout.LogoutFilter@6f613ce0, com.storemanagement.configuration.JWTRequestFilter@4861edd3, org.springframework.security.web.savedrequest.RequestCacheAwareFilter@d5719ad, org.springframework.security.web.servletapi.SecurityContextHolderAwareRequestFilter@2c0e27b2, org.springframework.security.web.authentication.AnonymousAuthenticationFilter@8dcbf94, org.springframework.security.web.session.SessionManagementFilter@3737668e, org.springframework.security.web.access.ExceptionTranslationFilter@73d5bc1, org.springframework.security.web.access.intercept.FilterSecurityInterceptor@2424e59d]
2023-04-16 12:35:12,466 [main] INFO  o.s.s.concurrent.ThreadPoolTaskExecutor            - Initializing ExecutorService 'applicationTaskExecutor'
2023-04-16 12:35:12,751 [main] INFO  s.d.s.w.p.DocumentationPluginsBootstrapper         - Context refreshed
2023-04-16 12:35:12,787 [main] INFO  s.d.s.w.p.DocumentationPluginsBootstrapper         - Found 1 custom documentation plugin(s)
2023-04-16 12:35:12,805 [main] INFO  s.d.s.w.s.ApiListingReferenceScanner               - Scanning for api listing references
2023-04-16 12:35:13,061 [main] INFO  s.d.s.w.r.o.CachingOperationNameGenerator          - Generating unique operation named: getCustomerUsingGET_1
2023-04-16 12:35:13,122 [main] INFO  o.apache.coyote.http11.Http11NioProtocol           - Starting ProtocolHandler ["http-nio-9090"]
2023-04-16 12:35:13,166 [main] INFO  o.s.b.w.embedded.tomcat.TomcatWebServer            - Tomcat started on port(s): 9090 (http) with context path ''
2023-04-16 12:35:27,868 [http-nio-9090-exec-2] INFO  o.a.c.c.C.[Tomcat].[localhost].[/]                 - Initializing Spring DispatcherServlet 'dispatcherServlet'
2023-04-16 12:35:27,870 [http-nio-9090-exec-2] INFO  o.s.web.servlet.DispatcherServlet                  - Initializing Servlet 'dispatcherServlet'
2023-04-16 12:35:27,887 [http-nio-9090-exec-2] INFO  o.s.web.servlet.DispatcherServlet                  - Completed initialization in 17 ms
2023-04-16 12:35:28,724 [http-nio-9090-exec-2] WARN  o.h.engine.jdbc.spi.SqlExceptionHelper             - SQL Error: 1062, SQLState: 23000
2023-04-16 12:35:28,724 [http-nio-9090-exec-2] ERROR o.h.engine.jdbc.spi.SqlExceptionHelper             - Duplicate entry 'Ahmad@gmail22.com' for key 'customer.UK_dwk6cx0afu8bs9o4t536v1j5v'
2023-04-16 12:35:28,731 [http-nio-9090-exec-2] ERROR o.h.internal.ExceptionMapperStandardImpl           - HHH000346: Error during managed flush [org.hibernate.exception.ConstraintViolationException: could not execute statement]
2023-04-16 12:37:31,680 [main] INFO  o.s.d.r.c.RepositoryConfigurationDelegate          - Bootstrapping Spring Data JPA repositories in DEFAULT mode.
2023-04-16 12:37:31,792 [main] INFO  o.s.d.r.c.RepositoryConfigurationDelegate          - Finished Spring Data repository scanning in 99ms. Found 3 JPA repository interfaces.
2023-04-16 12:37:32,510 [main] INFO  com.zaxxer.hikari.HikariDataSource                 - HikariPool-1 - Starting...
2023-04-16 12:37:32,514 [main] WARN  com.zaxxer.hikari.util.DriverDataSource            - Registered driver with driverClassName=com.mysql.jdbc.Driver was not found, trying direct instantiation.
2023-04-16 12:37:32,966 [main] INFO  com.zaxxer.hikari.HikariDataSource                 - HikariPool-1 - Start completed.
2023-04-16 12:37:33,034 [main] INFO  o.hibernate.jpa.internal.util.LogHelper            - HHH000204: Processing PersistenceUnitInfo [
	name: default
	...]
2023-04-16 12:37:33,094 [main] INFO  org.hibernate.Version                              - HHH000412: Hibernate Core {5.3.17.Final}
2023-04-16 12:37:33,096 [main] INFO  org.hibernate.cfg.Environment                      - HHH000206: hibernate.properties not found
2023-04-16 12:37:33,379 [main] INFO  org.hibernate.annotations.common.Version           - HCANN000001: Hibernate Commons Annotations {5.0.4.Final}
2023-04-16 12:37:33,521 [main] INFO  org.hibernate.dialect.Dialect                      - HHH000400: Using dialect: org.hibernate.dialect.MySQL5InnoDBDialect
2023-04-16 12:37:34,019 [main] WARN  org.hibernate.orm.cache                            - HHH90001006: Missing cache[com.storemanagement.model.TransactionEntity] was created on-the-fly. The created cache will use a provider-specific default configuration: make sure you defined one. You can disable this warning by setting 'hibernate.javax.cache.missing_cache_strategy' to 'create'.
2023-04-16 12:37:34,081 [main] INFO  org.ehcache.core.EhcacheManager                    - Cache 'com.storemanagement.model.TransactionEntity' created in EhcacheManager.
2023-04-16 12:37:34,098 [main] WARN  org.hibernate.orm.cache                            - HHH90001006: Missing cache[com.storemanagement.model.AdminUserEntity] was created on-the-fly. The created cache will use a provider-specific default configuration: make sure you defined one. You can disable this warning by setting 'hibernate.javax.cache.missing_cache_strategy' to 'create'.
2023-04-16 12:37:34,101 [main] INFO  org.ehcache.core.EhcacheManager                    - Cache 'com.storemanagement.model.AdminUserEntity' created in EhcacheManager.
2023-04-16 12:37:34,102 [main] WARN  org.hibernate.orm.cache                            - HHH90001006: Missing cache[com.storemanagement.model.CustomerEntity] was created on-the-fly. The created cache will use a provider-specific default configuration: make sure you defined one. You can disable this warning by setting 'hibernate.javax.cache.missing_cache_strategy' to 'create'.
2023-04-16 12:37:34,104 [main] INFO  org.ehcache.core.EhcacheManager                    - Cache 'com.storemanagement.model.CustomerEntity' created in EhcacheManager.
2023-04-16 12:37:34,487 [main] INFO  o.s.o.j.LocalContainerEntityManagerFactoryBean     - Initialized JPA EntityManagerFactory for persistence unit 'default'
2023-04-16 12:37:34,781 [main] INFO  o.h.h.i.QueryTranslatorFactoryInitiator            - HHH000397: Using ASTQueryTranslatorFactory
2023-04-16 12:37:35,496 [main] WARN  o.s.b.a.o.j.JpaBaseConfiguration$JpaWebConfiguration$JpaWebMvcConfiguration - spring.jpa.open-in-view is enabled by default. Therefore, database queries may be performed during view rendering. Explicitly configure spring.jpa.open-in-view to disable this warning
2023-04-16 12:37:35,784 [main] INFO  o.s.s.web.DefaultSecurityFilterChain               - Creating filter chain: Ant [pattern='/swagger-resources/**'], []
2023-04-16 12:37:35,784 [main] INFO  o.s.s.web.DefaultSecurityFilterChain               - Creating filter chain: Ant [pattern='/swagger-ui.html'], []
2023-04-16 12:37:35,853 [main] INFO  o.s.s.web.DefaultSecurityFilterChain               - Creating filter chain: any request, [org.springframework.security.web.context.request.async.WebAsyncManagerIntegrationFilter@3816efab, org.springframework.security.web.context.SecurityContextPersistenceFilter@1f3310fc, org.springframework.security.web.header.HeaderWriterFilter@397f9672, org.springframework.security.web.authentication.logout.LogoutFilter@1db9d253, com.storemanagement.configuration.JWTRequestFilter@7bc4ac3e, org.springframework.security.web.savedrequest.RequestCacheAwareFilter@542c6165, org.springframework.security.web.servletapi.SecurityContextHolderAwareRequestFilter@2ee5fe1e, org.springframework.security.web.authentication.AnonymousAuthenticationFilter@2d6e09f0, org.springframework.security.web.session.SessionManagementFilter@7bfedfb7, org.springframework.security.web.access.ExceptionTranslationFilter@5319e4fc, org.springframework.security.web.access.intercept.FilterSecurityInterceptor@38eafdab]
2023-04-16 12:37:36,297 [main] INFO  o.s.s.concurrent.ThreadPoolTaskExecutor            - Initializing ExecutorService 'applicationTaskExecutor'
2023-04-16 12:37:36,742 [main] INFO  s.d.s.w.p.DocumentationPluginsBootstrapper         - Context refreshed
2023-04-16 12:37:36,767 [main] INFO  s.d.s.w.p.DocumentationPluginsBootstrapper         - Found 1 custom documentation plugin(s)
2023-04-16 12:37:36,777 [main] INFO  s.d.s.w.s.ApiListingReferenceScanner               - Scanning for api listing references
2023-04-16 12:37:36,983 [main] INFO  s.d.s.w.r.o.CachingOperationNameGenerator          - Generating unique operation named: getCustomerUsingGET_1
2023-04-16 12:37:37,254 [Thread-1] INFO  o.s.s.concurrent.ThreadPoolTaskExecutor            - Shutting down ExecutorService 'applicationTaskExecutor'
2023-04-16 12:37:37,257 [Thread-1] INFO  o.s.o.j.LocalContainerEntityManagerFactoryBean     - Closing JPA EntityManagerFactory for persistence unit 'default'
2023-04-16 12:37:37,260 [Thread-1] INFO  org.ehcache.core.EhcacheManager                    - Cache 'com.storemanagement.model.AdminUserEntity' removed from EhcacheManager.
2023-04-16 12:37:37,261 [Thread-1] INFO  org.ehcache.core.EhcacheManager                    - Cache 'com.storemanagement.model.TransactionEntity' removed from EhcacheManager.
2023-04-16 12:37:37,261 [Thread-1] INFO  org.ehcache.core.EhcacheManager                    - Cache 'com.storemanagement.model.CustomerEntity' removed from EhcacheManager.
2023-04-16 12:37:37,266 [Thread-1] INFO  com.zaxxer.hikari.HikariDataSource                 - HikariPool-1 - Shutdown initiated...
2023-04-16 12:37:37,281 [Thread-1] INFO  com.zaxxer.hikari.HikariDataSource                 - HikariPool-1 - Shutdown completed.
2023-04-16 12:37:44,553 [main] INFO  o.s.d.r.c.RepositoryConfigurationDelegate          - Bootstrapping Spring Data JPA repositories in DEFAULT mode.
2023-04-16 12:37:44,704 [main] INFO  o.s.d.r.c.RepositoryConfigurationDelegate          - Finished Spring Data repository scanning in 126ms. Found 3 JPA repository interfaces.
2023-04-16 12:37:45,671 [main] INFO  o.s.b.w.embedded.tomcat.TomcatWebServer            - Tomcat initialized with port(s): 9090 (http)
2023-04-16 12:37:45,698 [main] INFO  o.apache.coyote.http11.Http11NioProtocol           - Initializing ProtocolHandler ["http-nio-9090"]
2023-04-16 12:37:45,715 [main] INFO  org.apache.catalina.core.StandardService           - Starting service [Tomcat]
2023-04-16 12:37:45,715 [main] INFO  org.apache.catalina.core.StandardEngine            - Starting Servlet engine: [Apache Tomcat/9.0.36]
2023-04-16 12:37:45,844 [main] INFO  o.a.c.c.C.[Tomcat].[localhost].[/]                 - Initializing Spring embedded WebApplicationContext
2023-04-16 12:37:45,845 [main] INFO  o.s.web.context.ContextLoader                      - Root WebApplicationContext: initialization completed in 2626 ms
2023-04-16 12:37:46,084 [main] INFO  com.zaxxer.hikari.HikariDataSource                 - HikariPool-1 - Starting...
2023-04-16 12:37:46,099 [main] WARN  com.zaxxer.hikari.util.DriverDataSource            - Registered driver with driverClassName=com.mysql.jdbc.Driver was not found, trying direct instantiation.
2023-04-16 12:37:46,524 [main] INFO  com.zaxxer.hikari.HikariDataSource                 - HikariPool-1 - Start completed.
2023-04-16 12:37:46,599 [main] INFO  o.hibernate.jpa.internal.util.LogHelper            - HHH000204: Processing PersistenceUnitInfo [
	name: default
	...]
2023-04-16 12:37:46,831 [main] INFO  org.hibernate.Version                              - HHH000412: Hibernate Core {5.3.17.Final}
2023-04-16 12:37:46,833 [main] INFO  org.hibernate.cfg.Environment                      - HHH000206: hibernate.properties not found
2023-04-16 12:37:47,099 [main] INFO  org.hibernate.annotations.common.Version           - HCANN000001: Hibernate Commons Annotations {5.0.4.Final}
2023-04-16 12:37:47,425 [main] INFO  org.hibernate.dialect.Dialect                      - HHH000400: Using dialect: org.hibernate.dialect.MySQL5InnoDBDialect
2023-04-16 12:37:48,098 [main] WARN  org.hibernate.orm.cache                            - HHH90001006: Missing cache[com.storemanagement.model.CustomerEntity] was created on-the-fly. The created cache will use a provider-specific default configuration: make sure you defined one. You can disable this warning by setting 'hibernate.javax.cache.missing_cache_strategy' to 'create'.
2023-04-16 12:37:48,213 [main] INFO  org.ehcache.core.EhcacheManager                    - Cache 'com.storemanagement.model.CustomerEntity' created in EhcacheManager.
2023-04-16 12:37:48,232 [main] WARN  org.hibernate.orm.cache                            - HHH90001006: Missing cache[com.storemanagement.model.AdminUserEntity] was created on-the-fly. The created cache will use a provider-specific default configuration: make sure you defined one. You can disable this warning by setting 'hibernate.javax.cache.missing_cache_strategy' to 'create'.
2023-04-16 12:37:48,234 [main] INFO  org.ehcache.core.EhcacheManager                    - Cache 'com.storemanagement.model.AdminUserEntity' created in EhcacheManager.
2023-04-16 12:37:48,235 [main] WARN  org.hibernate.orm.cache                            - HHH90001006: Missing cache[com.storemanagement.model.TransactionEntity] was created on-the-fly. The created cache will use a provider-specific default configuration: make sure you defined one. You can disable this warning by setting 'hibernate.javax.cache.missing_cache_strategy' to 'create'.
2023-04-16 12:37:48,238 [main] INFO  org.ehcache.core.EhcacheManager                    - Cache 'com.storemanagement.model.TransactionEntity' created in EhcacheManager.
2023-04-16 12:37:48,826 [main] INFO  o.s.o.j.LocalContainerEntityManagerFactoryBean     - Initialized JPA EntityManagerFactory for persistence unit 'default'
2023-04-16 12:37:49,136 [main] INFO  o.h.h.i.QueryTranslatorFactoryInitiator            - HHH000397: Using ASTQueryTranslatorFactory
2023-04-16 12:37:49,892 [main] WARN  o.s.b.a.o.j.JpaBaseConfiguration$JpaWebConfiguration$JpaWebMvcConfiguration - spring.jpa.open-in-view is enabled by default. Therefore, database queries may be performed during view rendering. Explicitly configure spring.jpa.open-in-view to disable this warning
2023-04-16 12:37:50,149 [main] INFO  o.s.s.web.DefaultSecurityFilterChain               - Creating filter chain: Ant [pattern='/swagger-resources/**'], []
2023-04-16 12:37:50,149 [main] INFO  o.s.s.web.DefaultSecurityFilterChain               - Creating filter chain: Ant [pattern='/swagger-ui.html'], []
2023-04-16 12:37:50,187 [main] INFO  o.s.s.web.DefaultSecurityFilterChain               - Creating filter chain: any request, [org.springframework.security.web.context.request.async.WebAsyncManagerIntegrationFilter@29536b63, org.springframework.security.web.context.SecurityContextPersistenceFilter@78d6b162, org.springframework.security.web.header.HeaderWriterFilter@4970511a, org.springframework.security.web.authentication.logout.LogoutFilter@6b610ff, com.storemanagement.configuration.JWTRequestFilter@78b521e, org.springframework.security.web.savedrequest.RequestCacheAwareFilter@14b386c7, org.springframework.security.web.servletapi.SecurityContextHolderAwareRequestFilter@36ee2667, org.springframework.security.web.authentication.AnonymousAuthenticationFilter@79f76b5e, org.springframework.security.web.session.SessionManagementFilter@302acd8c, org.springframework.security.web.access.ExceptionTranslationFilter@30d4c280, org.springframework.security.web.access.intercept.FilterSecurityInterceptor@59328715]
2023-04-16 12:37:50,388 [main] INFO  o.s.s.concurrent.ThreadPoolTaskExecutor            - Initializing ExecutorService 'applicationTaskExecutor'
2023-04-16 12:37:50,667 [main] INFO  s.d.s.w.p.DocumentationPluginsBootstrapper         - Context refreshed
2023-04-16 12:37:50,693 [main] INFO  s.d.s.w.p.DocumentationPluginsBootstrapper         - Found 1 custom documentation plugin(s)
2023-04-16 12:37:50,706 [main] INFO  s.d.s.w.s.ApiListingReferenceScanner               - Scanning for api listing references
2023-04-16 12:37:50,912 [main] INFO  s.d.s.w.r.o.CachingOperationNameGenerator          - Generating unique operation named: getCustomerUsingGET_1
2023-04-16 12:37:50,969 [main] INFO  o.apache.coyote.http11.Http11NioProtocol           - Starting ProtocolHandler ["http-nio-9090"]
2023-04-16 12:37:51,012 [main] INFO  o.s.b.w.embedded.tomcat.TomcatWebServer            - Tomcat started on port(s): 9090 (http) with context path ''
